<?xml version="1.0" encoding="UTF-8"?>
<robot generator="Robot 6.1.1 (Python 3.7.2 on win32)" generated="20250411 10:05:20.946" rpa="false" schemaversion="4">
<suite id="s1" name="InventoryUpdateTest" source="E:\automation_api\retail-automation-test-v2\TestSpecs\API\Invoice\InventoryUpdateTest.robot">
<kw name="Suite Setup" type="SETUP">
<kw name="Set Suite Variable" library="BuiltIn">
<arg>${SUITE_NAME}</arg>
<arg>InventoryUpdateTest</arg>
<doc>Makes a variable available everywhere within the scope of the current suite.</doc>
<msg timestamp="20250411 10:05:21.266" level="INFO">${SUITE_NAME} = InventoryUpdateTest</msg>
<status status="PASS" starttime="20250411 10:05:21.266" endtime="20250411 10:05:21.267"/>
</kw>
<status status="PASS" starttime="20250411 10:05:21.266" endtime="20250411 10:05:21.267"/>
</kw>
<test id="s1-t1" name="RT-INU-001 Cập nhật tồn kho khi tạo hóa đơn với sản phẩm thường" line="12">
<kw name="Given Chuẩn Bị Dữ Liệu Hóa Đơn Tiêu Chuẩn Mã ${PRODUCT_CODE_NOMAL} có Số Lượng 5" library="InventoryUpdateKeywords" sourcename="Chuẩn Bị Dữ Liệu Hóa Đơn Tiêu Chuẩn Mã ${ma_hh} có Số Lượng ${quantity}">
<kw name="Set Variable" library="BuiltIn">
<var>${query_1}</var>
<arg>SELECT ID FROM Product WHERE Code = ?</arg>
<doc>Returns the given values which can then be assigned to a variables.</doc>
<msg timestamp="20250411 10:05:21.270" level="INFO">${query_1} = SELECT ID FROM Product WHERE Code = ?</msg>
<status status="PASS" starttime="20250411 10:05:21.270" endtime="20250411 10:05:21.270"/>
</kw>
<kw name="Fetch One" library="DatabaseLibrary">
<var>${result}</var>
<arg>${query_1}</arg>
<arg>${ma_hh}</arg>
<msg timestamp="20250411 10:05:21.366" level="INFO">${result} = (1000014171,)</msg>
<status status="PASS" starttime="20250411 10:05:21.270" endtime="20250411 10:05:21.366"/>
</kw>
<kw name="Set Test Variable" library="BuiltIn">
<arg>${product_id}</arg>
<arg>${result[0]}</arg>
<doc>Makes a variable available everywhere within the scope of the current test.</doc>
<msg timestamp="20250411 10:05:21.371" level="INFO">${product_id} = 1000014171</msg>
<status status="PASS" starttime="20250411 10:05:21.366" endtime="20250411 10:05:21.371"/>
</kw>
<kw name="Deep Copy" library="DataUtilities">
<var>${request}</var>
<arg>${invoice_request_body_not_delivery}</arg>
<doc>Creates a deep copy of any data structure using JSON serialization</doc>
<kw name="Evaluate" library="BuiltIn">
<var>${json_data}</var>
<arg>json.dumps(${data})</arg>
<arg>json</arg>
<doc>Evaluates the given expression in Python and returns the result.</doc>
<msg timestamp="20250411 10:05:21.372" level="INFO">${json_data} = {"Invoice": {"BranchId": "1000000025", "RetailerId": "19809", "UpdateInvoiceId": "0", "UpdateReturnId": "0", "IsChangeNormalToShippingDelivery": false, "SoldById": "1000000467", "SoldBy": {"CreatedBy"...</msg>
<status status="PASS" starttime="20250411 10:05:21.372" endtime="20250411 10:05:21.372"/>
</kw>
<kw name="Evaluate" library="BuiltIn">
<var>${copied_data}</var>
<arg>json.loads($json_data)</arg>
<arg>json</arg>
<doc>Evaluates the given expression in Python and returns the result.</doc>
<msg timestamp="20250411 10:05:21.376" level="INFO">${copied_data} = {'Invoice': {'BranchId': '1000000025', 'RetailerId': '19809', 'UpdateInvoiceId': '0', 'UpdateReturnId': '0', 'IsChangeNormalToShippingDelivery': False, 'SoldById': '1000000467', 'SoldBy': {'CreatedBy'...</msg>
<status status="PASS" starttime="20250411 10:05:21.372" endtime="20250411 10:05:21.376"/>
</kw>
<return>
<value>${copied_data}</value>
<status status="PASS" starttime="20250411 10:05:21.376" endtime="20250411 10:05:21.376"/>
</return>
<msg timestamp="20250411 10:05:21.376" level="INFO">${request} = {'Invoice': {'BranchId': '1000000025', 'RetailerId': '19809', 'UpdateInvoiceId': '0', 'UpdateReturnId': '0', 'IsChangeNormalToShippingDelivery': False, 'SoldById': '1000000467', 'SoldBy': {'CreatedBy'...</msg>
<status status="PASS" starttime="20250411 10:05:21.371" endtime="20250411 10:05:21.376"/>
</kw>
<kw name="Set Variable" library="BuiltIn">
<var>${data_product}</var>
<arg>${STANDARD_INVOICE_DETAIL}</arg>
<doc>Returns the given values which can then be assigned to a variables.</doc>
<msg timestamp="20250411 10:05:21.377" level="INFO">${data_product} = {'ProductId': '1000017637', 'Quantity': '1', 'Price': '100000', 'Discount': '0'}</msg>
<status status="PASS" starttime="20250411 10:05:21.376" endtime="20250411 10:05:21.377"/>
</kw>
<kw name="Update Nested Dictionary Property" library="DataUtilities">
<var>${data_product}</var>
<arg>${data_product}</arg>
<arg>Quantity</arg>
<arg>${quantity}</arg>
<doc>Updates a nested property in a dictionary using a dot-notation path</doc>
<kw name="Split String" library="String">
<var>@{parts}</var>
<arg>${property_path}</arg>
<arg>.</arg>
<doc>Splits the ``string`` using ``separator`` as a delimiter string.</doc>
<msg timestamp="20250411 10:05:21.377" level="INFO">@{parts} = [ Quantity ]</msg>
<status status="PASS" starttime="20250411 10:05:21.377" endtime="20250411 10:05:21.377"/>
</kw>
<kw name="Get Length" library="BuiltIn">
<var>${parts_count}</var>
<arg>${parts}</arg>
<doc>Returns and logs the length of the given item as an integer.</doc>
<msg timestamp="20250411 10:05:21.378" level="INFO">Length is 1</msg>
<msg timestamp="20250411 10:05:21.378" level="INFO">${parts_count} = 1</msg>
<status status="PASS" starttime="20250411 10:05:21.377" endtime="20250411 10:05:21.378"/>
</kw>
<kw name="Set Variable" library="BuiltIn">
<var>${current}</var>
<arg>${dictionary}</arg>
<doc>Returns the given values which can then be assigned to a variables.</doc>
<msg timestamp="20250411 10:05:21.378" level="INFO">${current} = {'ProductId': '1000017637', 'Quantity': '1', 'Price': '100000', 'Discount': '0'}</msg>
<status status="PASS" starttime="20250411 10:05:21.378" endtime="20250411 10:05:21.378"/>
</kw>
<for flavor="IN RANGE">
<var>${i}</var>
<value>0</value>
<value>${parts_count-1}</value>
<iter>
<var name="${i}"/>
<kw name="Get From List" library="Collections">
<var>${part}</var>
<arg>${parts}</arg>
<arg>${i}</arg>
<doc>Returns the value specified with an ``index`` from ``list``.</doc>
<status status="NOT RUN" starttime="20250411 10:05:21.380" endtime="20250411 10:05:21.380"/>
</kw>
<kw name="Get From Dictionary" library="Collections">
<var>${current}</var>
<arg>${current}</arg>
<arg>${part}</arg>
<doc>Returns a value from the given ``dictionary`` based on the given ``key``.</doc>
<status status="NOT RUN" starttime="20250411 10:05:21.380" endtime="20250411 10:05:21.380"/>
</kw>
<status status="NOT RUN" starttime="20250411 10:05:21.380" endtime="20250411 10:05:21.380"/>
</iter>
<status status="NOT RUN" starttime="20250411 10:05:21.378" endtime="20250411 10:05:21.380"/>
</for>
<kw name="Get From List" library="Collections">
<var>${last_part}</var>
<arg>${parts}</arg>
<arg>${parts_count-1}</arg>
<doc>Returns the value specified with an ``index`` from ``list``.</doc>
<msg timestamp="20250411 10:05:21.382" level="INFO">${last_part} = Quantity</msg>
<status status="PASS" starttime="20250411 10:05:21.380" endtime="20250411 10:05:21.382"/>
</kw>
<kw name="Set To Dictionary" library="Collections">
<arg>${current}</arg>
<arg>${last_part}=${property_value}</arg>
<doc>Adds the given ``key_value_pairs`` and/or ``items`` to the ``dictionary``.</doc>
<status status="PASS" starttime="20250411 10:05:21.382" endtime="20250411 10:05:21.383"/>
</kw>
<return>
<value>${dictionary}</value>
<status status="PASS" starttime="20250411 10:05:21.383" endtime="20250411 10:05:21.383"/>
</return>
<msg timestamp="20250411 10:05:21.383" level="INFO">${data_product} = {'ProductId': '1000017637', 'Quantity': '5', 'Price': '100000', 'Discount': '0'}</msg>
<status status="PASS" starttime="20250411 10:05:21.377" endtime="20250411 10:05:21.383"/>
</kw>
<kw name="Update Nested Dictionary Property" library="DataUtilities">
<var>${data_product}</var>
<arg>${data_product}</arg>
<arg>ProductId</arg>
<arg>${product_id}</arg>
<doc>Updates a nested property in a dictionary using a dot-notation path</doc>
<kw name="Split String" library="String">
<var>@{parts}</var>
<arg>${property_path}</arg>
<arg>.</arg>
<doc>Splits the ``string`` using ``separator`` as a delimiter string.</doc>
<msg timestamp="20250411 10:05:21.384" level="INFO">@{parts} = [ ProductId ]</msg>
<status status="PASS" starttime="20250411 10:05:21.383" endtime="20250411 10:05:21.384"/>
</kw>
<kw name="Get Length" library="BuiltIn">
<var>${parts_count}</var>
<arg>${parts}</arg>
<doc>Returns and logs the length of the given item as an integer.</doc>
<msg timestamp="20250411 10:05:21.384" level="INFO">Length is 1</msg>
<msg timestamp="20250411 10:05:21.384" level="INFO">${parts_count} = 1</msg>
<status status="PASS" starttime="20250411 10:05:21.384" endtime="20250411 10:05:21.384"/>
</kw>
<kw name="Set Variable" library="BuiltIn">
<var>${current}</var>
<arg>${dictionary}</arg>
<doc>Returns the given values which can then be assigned to a variables.</doc>
<msg timestamp="20250411 10:05:21.384" level="INFO">${current} = {'ProductId': '1000017637', 'Quantity': '5', 'Price': '100000', 'Discount': '0'}</msg>
<status status="PASS" starttime="20250411 10:05:21.384" endtime="20250411 10:05:21.384"/>
</kw>
<for flavor="IN RANGE">
<var>${i}</var>
<value>0</value>
<value>${parts_count-1}</value>
<iter>
<var name="${i}"/>
<kw name="Get From List" library="Collections">
<var>${part}</var>
<arg>${parts}</arg>
<arg>${i}</arg>
<doc>Returns the value specified with an ``index`` from ``list``.</doc>
<status status="NOT RUN" starttime="20250411 10:05:21.386" endtime="20250411 10:05:21.386"/>
</kw>
<kw name="Get From Dictionary" library="Collections">
<var>${current}</var>
<arg>${current}</arg>
<arg>${part}</arg>
<doc>Returns a value from the given ``dictionary`` based on the given ``key``.</doc>
<status status="NOT RUN" starttime="20250411 10:05:21.386" endtime="20250411 10:05:21.386"/>
</kw>
<status status="NOT RUN" starttime="20250411 10:05:21.386" endtime="20250411 10:05:21.386"/>
</iter>
<status status="NOT RUN" starttime="20250411 10:05:21.384" endtime="20250411 10:05:21.386"/>
</for>
<kw name="Get From List" library="Collections">
<var>${last_part}</var>
<arg>${parts}</arg>
<arg>${parts_count-1}</arg>
<doc>Returns the value specified with an ``index`` from ``list``.</doc>
<msg timestamp="20250411 10:05:21.388" level="INFO">${last_part} = ProductId</msg>
<status status="PASS" starttime="20250411 10:05:21.387" endtime="20250411 10:05:21.388"/>
</kw>
<kw name="Set To Dictionary" library="Collections">
<arg>${current}</arg>
<arg>${last_part}=${property_value}</arg>
<doc>Adds the given ``key_value_pairs`` and/or ``items`` to the ``dictionary``.</doc>
<status status="PASS" starttime="20250411 10:05:21.388" endtime="20250411 10:05:21.389"/>
</kw>
<return>
<value>${dictionary}</value>
<status status="PASS" starttime="20250411 10:05:21.389" endtime="20250411 10:05:21.389"/>
</return>
<msg timestamp="20250411 10:05:21.389" level="INFO">${data_product} = {'ProductId': 1000014171, 'Quantity': '5', 'Price': '100000', 'Discount': '0'}</msg>
<status status="PASS" starttime="20250411 10:05:21.383" endtime="20250411 10:05:21.389"/>
</kw>
<kw name="Update Nested Dictionary Property" library="DataUtilities">
<var>${request}</var>
<arg>${request}</arg>
<arg>Invoice.InvoiceDetails</arg>
<arg>${data_product}</arg>
<doc>Updates a nested property in a dictionary using a dot-notation path</doc>
<kw name="Split String" library="String">
<var>@{parts}</var>
<arg>${property_path}</arg>
<arg>.</arg>
<doc>Splits the ``string`` using ``separator`` as a delimiter string.</doc>
<msg timestamp="20250411 10:05:21.390" level="INFO">@{parts} = [ Invoice | InvoiceDetails ]</msg>
<status status="PASS" starttime="20250411 10:05:21.390" endtime="20250411 10:05:21.390"/>
</kw>
<kw name="Get Length" library="BuiltIn">
<var>${parts_count}</var>
<arg>${parts}</arg>
<doc>Returns and logs the length of the given item as an integer.</doc>
<msg timestamp="20250411 10:05:21.390" level="INFO">Length is 2</msg>
<msg timestamp="20250411 10:05:21.390" level="INFO">${parts_count} = 2</msg>
<status status="PASS" starttime="20250411 10:05:21.390" endtime="20250411 10:05:21.390"/>
</kw>
<kw name="Set Variable" library="BuiltIn">
<var>${current}</var>
<arg>${dictionary}</arg>
<doc>Returns the given values which can then be assigned to a variables.</doc>
<msg timestamp="20250411 10:05:21.390" level="INFO">${current} = {'Invoice': {'BranchId': '1000000025', 'RetailerId': '19809', 'UpdateInvoiceId': '0', 'UpdateReturnId': '0', 'IsChangeNormalToShippingDelivery': False, 'SoldById': '1000000467', 'SoldBy': {'CreatedBy'...</msg>
<status status="PASS" starttime="20250411 10:05:21.390" endtime="20250411 10:05:21.390"/>
</kw>
<for flavor="IN RANGE">
<var>${i}</var>
<value>0</value>
<value>${parts_count-1}</value>
<iter>
<var name="${i}">0</var>
<kw name="Get From List" library="Collections">
<var>${part}</var>
<arg>${parts}</arg>
<arg>${i}</arg>
<doc>Returns the value specified with an ``index`` from ``list``.</doc>
<msg timestamp="20250411 10:05:21.393" level="INFO">${part} = Invoice</msg>
<status status="PASS" starttime="20250411 10:05:21.392" endtime="20250411 10:05:21.393"/>
</kw>
<kw name="Get From Dictionary" library="Collections">
<var>${current}</var>
<arg>${current}</arg>
<arg>${part}</arg>
<doc>Returns a value from the given ``dictionary`` based on the given ``key``.</doc>
<msg timestamp="20250411 10:05:21.393" level="INFO">${current} = {'BranchId': '1000000025', 'RetailerId': '19809', 'UpdateInvoiceId': '0', 'UpdateReturnId': '0', 'IsChangeNormalToShippingDelivery': False, 'SoldById': '1000000467', 'SoldBy': {'CreatedBy': '0', 'Crea...</msg>
<status status="PASS" starttime="20250411 10:05:21.393" endtime="20250411 10:05:21.393"/>
</kw>
<status status="PASS" starttime="20250411 10:05:21.392" endtime="20250411 10:05:21.393"/>
</iter>
<status status="PASS" starttime="20250411 10:05:21.390" endtime="20250411 10:05:21.393"/>
</for>
<kw name="Get From List" library="Collections">
<var>${last_part}</var>
<arg>${parts}</arg>
<arg>${parts_count-1}</arg>
<doc>Returns the value specified with an ``index`` from ``list``.</doc>
<msg timestamp="20250411 10:05:21.395" level="INFO">${last_part} = InvoiceDetails</msg>
<status status="PASS" starttime="20250411 10:05:21.393" endtime="20250411 10:05:21.395"/>
</kw>
<kw name="Set To Dictionary" library="Collections">
<arg>${current}</arg>
<arg>${last_part}=${property_value}</arg>
<doc>Adds the given ``key_value_pairs`` and/or ``items`` to the ``dictionary``.</doc>
<status status="PASS" starttime="20250411 10:05:21.395" endtime="20250411 10:05:21.395"/>
</kw>
<return>
<value>${dictionary}</value>
<status status="PASS" starttime="20250411 10:05:21.395" endtime="20250411 10:05:21.395"/>
</return>
<msg timestamp="20250411 10:05:21.396" level="INFO">${request} = {'Invoice': {'BranchId': '1000000025', 'RetailerId': '19809', 'UpdateInvoiceId': '0', 'UpdateReturnId': '0', 'IsChangeNormalToShippingDelivery': False, 'SoldById': '1000000467', 'SoldBy': {'CreatedBy'...</msg>
<status status="PASS" starttime="20250411 10:05:21.389" endtime="20250411 10:05:21.396"/>
</kw>
<kw name="Set Test Variable" library="BuiltIn">
<arg>${REQUEST_DATA}</arg>
<arg>${request}</arg>
<doc>Makes a variable available everywhere within the scope of the current test.</doc>
<msg timestamp="20250411 10:05:21.399" level="INFO">${REQUEST_DATA} = {'Invoice': {'BranchId': '1000000025', 'RetailerId': '19809', 'UpdateInvoiceId': '0', 'UpdateReturnId': '0', 'IsChangeNormalToShippingDelivery': False, 'SoldById': '1000000467', 'SoldBy': {'CreatedBy'...</msg>
<status status="PASS" starttime="20250411 10:05:21.396" endtime="20250411 10:05:21.399"/>
</kw>
<return>
<value>${request}</value>
<status status="PASS" starttime="20250411 10:05:21.399" endtime="20250411 10:05:21.399"/>
</return>
<status status="PASS" starttime="20250411 10:05:21.270" endtime="20250411 10:05:21.399"/>
</kw>
<kw name="And Xem Thông Tin Tồn Kho Ban Đầu Của Sản Phẩm ${product_id}" library="InventoryUpdateKeywords" sourcename="Xem Thông Tin Tồn Kho Ban Đầu Của Sản Phẩm ${product_id}">
<kw name="Set Variable" library="BuiltIn">
<var>${query}</var>
<arg>SELECT BranchId, ProductId, OnHand FROM ProductBranch WHERE ProductId = ? AND BranchId = ?</arg>
<doc>Returns the given values which can then be assigned to a variables.</doc>
<msg timestamp="20250411 10:05:21.401" level="INFO">${query} = SELECT BranchId, ProductId, OnHand FROM ProductBranch WHERE ProductId = ? AND BranchId = ?</msg>
<status status="PASS" starttime="20250411 10:05:21.400" endtime="20250411 10:05:21.401"/>
</kw>
<kw name="Fetch One" library="DatabaseLibrary">
<var>${result}</var>
<arg>${query}</arg>
<arg>${product_id}</arg>
<arg>${BRANCH_ID}</arg>
<msg timestamp="20250411 10:05:21.423" level="INFO">${result} = (1000000025, 1000014171, -21.0)</msg>
<status status="PASS" starttime="20250411 10:05:21.401" endtime="20250411 10:05:21.423"/>
</kw>
<kw name="Should Not Be Equal" library="BuiltIn">
<arg>${result}</arg>
<arg>None</arg>
<arg>Không tìm thấy thông tin tồn kho ban đầu</arg>
<doc>Fails if the given objects are equal.</doc>
<msg timestamp="20250411 10:05:21.424" level="INFO">Argument types are:
&lt;class 'pyodbc.Row'&gt;
&lt;class 'str'&gt;</msg>
<status status="PASS" starttime="20250411 10:05:21.424" endtime="20250411 10:05:21.424"/>
</kw>
<kw name="Set Variable" library="BuiltIn">
<var>${initial_onhand}</var>
<arg>${result[2]}</arg>
<doc>Returns the given values which can then be assigned to a variables.</doc>
<msg timestamp="20250411 10:05:21.429" level="INFO">${initial_onhand} = -21.0</msg>
<status status="PASS" starttime="20250411 10:05:21.425" endtime="20250411 10:05:21.429"/>
</kw>
<kw name="Set Test Variable" library="BuiltIn">
<arg>${INITIAL_ONHAND}</arg>
<arg>${initial_onhand}</arg>
<doc>Makes a variable available everywhere within the scope of the current test.</doc>
<msg timestamp="20250411 10:05:21.430" level="INFO">${INITIAL_ONHAND} = -21.0</msg>
<status status="PASS" starttime="20250411 10:05:21.429" endtime="20250411 10:05:21.430"/>
</kw>
<return>
<value>${initial_onhand}</value>
<status status="PASS" starttime="20250411 10:05:21.430" endtime="20250411 10:05:21.430"/>
</return>
<status status="PASS" starttime="20250411 10:05:21.400" endtime="20250411 10:05:21.430"/>
</kw>
<kw name="When Gửi Yêu Cầu Tạo Hóa Đơn" library="InventoryUpdateKeywords">
<kw name="Call API" library="Utilities">
<var>${response}</var>
<arg>invoices</arg>
<arg>${REQUEST_DATA}</arg>
<kw name="Create Auth Headers" library="Utilities">
<var>${headers}</var>
<arg>${token}</arg>
<kw name="Create Dictionary" library="BuiltIn">
<var>${headers}</var>
<arg>Authorization=Bearer ${token}</arg>
<arg>Content-Type=application/json</arg>
<arg>Retailer=${RETAILER_CODE}</arg>
<doc>Creates and returns a dictionary based on the given ``items``.</doc>
<msg timestamp="20250411 10:05:21.433" level="INFO">${headers} = {'Authorization': 'Bearer eyJ0eXAiOiJKV1QiLCJhbGciOiJSUzI1NiIsImtpZCI6InNCeCJ9.eyJpc3MiOiJrdnNzand0Iiwic3ViIjoxMDAwMDAwNDY3LCJpYXQiOjE3NDM1Nzg4ODMsImV4cCI6MTc0NTk5ODA4MywicHJlZmVycmVkX3VzZXJuYW1lIjoiY...</msg>
<status status="PASS" starttime="20250411 10:05:21.432" endtime="20250411 10:05:21.433"/>
</kw>
<return>
<value>${headers}</value>
<status status="PASS" starttime="20250411 10:05:21.433" endtime="20250411 10:05:21.433"/>
</return>
<msg timestamp="20250411 10:05:21.433" level="INFO">${headers} = {'Authorization': 'Bearer eyJ0eXAiOiJKV1QiLCJhbGciOiJSUzI1NiIsImtpZCI6InNCeCJ9.eyJpc3MiOiJrdnNzand0Iiwic3ViIjoxMDAwMDAwNDY3LCJpYXQiOjE3NDM1Nzg4ODMsImV4cCI6MTc0NTk5ODA4MywicHJlZmVycmVkX3VzZXJuYW1lIjoiY...</msg>
<status status="PASS" starttime="20250411 10:05:21.432" endtime="20250411 10:05:21.433"/>
</kw>
<kw name="POST" library="RequestHelper">
<var>${response}</var>
<arg>${API_URL}${endpoint}</arg>
<arg>headers=${headers}</arg>
<arg>json=${data}</arg>
<kw name="Run Keyword If" library="BuiltIn">
<var>${headers}</var>
<arg>${headers} == ${None}</arg>
<arg>Create Dictionary</arg>
<arg>Content-Type=application/json</arg>
<arg>ELSE</arg>
<arg>Set Variable</arg>
<arg>${headers}</arg>
<doc>Runs the given keyword with the given arguments, if ``condition`` is true.</doc>
<kw name="Set Variable" library="BuiltIn">
<arg>${headers}</arg>
<doc>Returns the given values which can then be assigned to a variables.</doc>
<status status="PASS" starttime="20250411 10:05:21.434" endtime="20250411 10:05:21.434"/>
</kw>
<msg timestamp="20250411 10:05:21.434" level="INFO">${headers} = {'Authorization': 'Bearer eyJ0eXAiOiJKV1QiLCJhbGciOiJSUzI1NiIsImtpZCI6InNCeCJ9.eyJpc3MiOiJrdnNzand0Iiwic3ViIjoxMDAwMDAwNDY3LCJpYXQiOjE3NDM1Nzg4ODMsImV4cCI6MTc0NTk5ODA4MywicHJlZmVycmVkX3VzZXJuYW1lIjoiY...</msg>
<status status="PASS" starttime="20250411 10:05:21.434" endtime="20250411 10:05:21.434"/>
</kw>
<kw name="Create Session" library="RequestsLibrary">
<arg>kvpos</arg>
<arg>${url}</arg>
<arg>verify=True</arg>
<doc>Create Session: create a HTTP session to a server</doc>
<msg timestamp="20250411 10:05:21.435" level="INFO">Creating Session using : alias=kvpos, url=https://api-sale.kvpos.com/api/invoices, headers={},                     cookies={}, auth=None, timeout=None, proxies=None, verify=True,                     debug=0 </msg>
<status status="PASS" starttime="20250411 10:05:21.434" endtime="20250411 10:05:21.435"/>
</kw>
<kw name="POST On Session" library="RequestsLibrary">
<var>${response}</var>
<arg>kvpos</arg>
<arg>${url}</arg>
<arg>json=${json}</arg>
<arg>headers=${headers}</arg>
<arg>expected_status=anything</arg>
<doc>Sends a POST request on a previously created HTTP Session.</doc>
<msg timestamp="20250411 10:05:22.104" level="INFO">POST Request : url=https://api-sale.kvpos.com/api/invoices 
 path_url=/api/invoices 
 headers={'User-Agent': 'python-requests/2.31.0', 'Accept-Encoding': 'gzip, deflate', 'Accept': '*/*', 'Connection': 'keep-alive', 'Authorization': 'Bearer eyJ0eXAiOiJKV1QiLCJhbGciOiJSUzI1NiIsImtpZCI6InNCeCJ9.eyJpc3MiOiJrdnNzand0Iiwic3ViIjoxMDAwMDAwNDY3LCJpYXQiOjE3NDM1Nzg4ODMsImV4cCI6MTc0NTk5ODA4MywicHJlZmVycmVkX3VzZXJuYW1lIjoiYWRtaW4iLCJyb2xlcyI6WyJVc2VyIl0sImt2c291cmNlIjoiUmV0YWlsIiwia3Z1c2V0ZmEiOjAsImt2d2FpdG90cCI6MCwia3ZzZXMiOiJlZWYxYzc5NTAxOTQ0ZjI3YWYxZTA4NjFhZGJkMWNiNiIsImt2dWlkIjoxMDAwMDAwNDY3LCJrdmxhbmciOiJ2aS1WTiIsImt2dXR5cGUiOjAsImt2dWxpbWl0IjoiRmFsc2UiLCJrdnVhZG1pbiI6IlRydWUiLCJrdnVhY3QiOiJUcnVlIiwia3Z1bGltaXR0cmFucyI6IkZhbHNlIiwia3Z1c2hvd3N1bSI6IlRydWUiLCJrdmJpIjoiVHJ1ZSIsImt2Y3R5cGUiOjMsInVzZUJJIjp7IkN1c3RvbWVyQklSZXBvcnRfUmVhZCI6W10sIlNhbGVCSVJlcG9ydF9SZWFkIjpbXSwiUHJvZHVjdEJJUmVwb3J0X1JlYWQiOltdLCJGaW5hbmNlQklSZXBvcnRfUmVhZCI6W119LCJrdmJpZCI6MTAwMDAwMDAyNSwia3ZyaW5kaWQiOjgsImt2cmNvZGUiOiJhdXRvYXBpIiwia3ZyaWQiOjE5ODA5LCJrdnVyaWQiOjE5ODA5LCJrdnJnaWQiOjMsInBlcm1zIjoiIn0.AjzPUGTYpF3T_blCyaggs1UDzi-AFT2F42umBvSlhCCGAjcc5Y_rj0CaO3qqqx39URrtNlZmSy2_oWmsIsf0Bi51BCNRlgiguV8EALwb7mooanPWqf2RU_pZrlJCk5eRKuE4ZbOlrNpxZL7_G9SN4P3nLYGzT6uK0jyTKgKZmBbEPcN-y4Rrhs-tpLOgNcICALtyhgpfuiFFJS2d_Rd-x9CTGczIrWp_zAbowJ3sN60z_tMycy-o0SK0SF-wFAInSgDsdLzpJH9wtKQu44yDKFbXvZHi4lEHalGMoSWc8c0tcolOgB7CFBYuW55mXnK_nvVCmMZrjAqz8bxildJgwQ', 'Content-Type': 'application/json', 'Retailer': 'autoapi', 'Content-Length': '1193'} 
 body=b'{"Invoice": {"BranchId": "1000000025", "RetailerId": "19809", "UpdateInvoiceId": "0", "UpdateReturnId": "0", "IsChangeNormalToShippingDelivery": false, "SoldById": "1000000467", "SoldBy": {"CreatedBy": "0", "CreatedDate": "2025-03-27T06:44:21.083Z", "GivenName": "admin", "Id": "1000000467", "IsActive": true, "IsAdmin": true, "Language": "vi-VN", "MobilePhone": "03322553899", "Type": "0", "UserName": "admin", "isDeleted": false}, "SaleChannelId": "0", "Seller": {"CreatedBy": "0", "CreatedDate": "2025-03-27T06:44:21.083Z", "GivenName": "admin", "Id": "1000000467", "IsActive": true, "IsAdmin": true, "Language": "vi-VN", "MobilePhone": "03322553899", "Type": "0", "UserName": "admin", "isDeleted": false}, "OrderCode": "", "Code": "", "InvoiceDetails": {"ProductId": 1000014171, "Quantity": "5", "Price": "100000", "Discount": "0"}, "InvoiceOrderSurcharges": [], "InvoicePromotions": [], "InvoiceSupplierPromotions": [], "UsingCod": "0", "Payments": [], "Total": "0", "TotalTax": null, "EnableVATToggle": false, "Surcharge": "0", "Type": "1", "addToAccount": "0", "PayingAmount": "0", "TotalBeforeDiscount": "0", "ProductDiscount": "0", "InvoiceWarranties": [], "CreatedBy": "1000000467"}}' 
 </msg>
<msg timestamp="20250411 10:05:22.105" level="INFO">POST Response : url=https://api-sale.kvpos.com/api/invoices 
 status=200, reason=OK 
 headers={'cache-control': 'private', 'content-type': 'application/json; charset=utf-8', 'vary': 'Accept', 'isusekvclient': 'True', 'isusespa': 'false', 'gatewaynodes': 'https://api-sd.kvpos.com', 'retailer-pos-version': '1.0.70', 'fb-pos-version': '', 'kv.app': 'RetailApp 1.22.0410.00', '__revision': '20250411095837', 'kv.gitcommit': '3a50908a', 'kv.gittag': '', 'retailer': 'autoapi', 'zone': '3', 'retailerindustryid': '8', 'kv.requestid': '6a70536b81c9478e8789e5effa1ee4fa', 'set-cookie': 'ss-id=Vq8VSyfxA6uoPVj8PUFO; path=/; HttpOnly, ss-pid=Bd1979SXCBsO3FcqQMh2; expires=Tue, 11-Apr-2045 03:05:21 GMT; path=/; HttpOnly', 'access-control-allow-headers': 'retailerCode, retailerId, X-Request-Id, Origin,X-Requested-With,Referer,User-Agent,Content-Type,Accept,Authorization,Retailer,BranchId,Retailer-POS-Version,Zone,fingerprintkey,x-group-id,x-retailer-code,IsUseKvClient,latestbranchid,warehouseid, X-TimeZone,X-Language', 'access-control-allow-methods': 'GET, POST, PUT, DELETE, PATCH, OPTIONS', 'access-control-expose-headers': 'Retailer-POS-Version', 'access-control-allow-origin': '*', 'access-control-allow-credentials': 'true', 'date': 'Fri, 11 Apr 2025 03:05:22 GMT', 'content-length': '1932'} 
 body={"Id":1000003987,"PurchaseDate":"2025-04-11T10:05:22.0706240+07:00","CreatedDate":"2025-04-11T10:05:22.0816369+07:00","CreatedBy":1000000467,"RetailerId":19809,"Code":"HD000883","Status":1,"BranchId":1000000025,"SoldById":1000000467,"Total":500000,"TotalPayment":0,"TotalPaymentOld":0,"TotalOther":0,"Debt":500000,"UsingCod":0,"Surcharge":0,"Point":0,"PayingAmount":0,"Payments":[],"Returns":[],"InvoiceDeliveries":[],"InvoiceOrderSurcharges":[],"Returns1":[],"InvoiceDetails":[{"Id":1000006028,"InvoiceId":1000003987,"ProductId":1000014171,"Quantity":5,"Price":100000,"Tax":0,"Discount":0,"CreatedDate":"2025-04-11T10:05:22.0906188+07:00","SerialNumbers":"","ViewDiscount":0,"RetailerId":19809,"InvoiceDetailTaxs":[],"IdOld":0,"SubTotal":500000,"ProductName":"","ProductSName":"","ProductAllowSellWhenOutStock":false,"IsUpdate":false}],"InvoicePromotions":[],"InvoiceVouchers":[],"DeliveryPackages":[],"DeliveryPayments":[],"DeliveryInfoes":[],"InvoiceDeliveryTrackings":[],"InvoiceWarranties":[],"ShippingTaskOrderDetails":[],"CouponUsageTrackings":[],"EInvoices":[],"InvoiceMappingOnlines":[],"IdOld":0,"CustomerName":"","CustomerEmail":"","CustomerContactNumber":"","CustomerAddress":"","CustomerLocationName":"","CustomerWardName":"","SoldByGivenName":"","CreatedByGivenName":"","OrderCode":"","CustomerPoint":0,"CustomerOldPoint":0,"CustomerCode":"","HasPaymentVoucher":false,"PaidAmount":0,"PaymentId":0,"PaymentMethod":"","StatusValue":"Hoàn thành","SubTotal":500000,"TotalQuantity":5,"HasLotSerialControl":false,"CompareSoldById":1000000467,"ComparePurchaseDate":"2025-04-11T10:05:22.0706240+07:00","CompareStatus":1,"SaleChannelName":"","IsUpdateSoldBy":false,"UpdateInvoiceId":0,"UpdateReturnId":0,"IsChangeNormalToShippingDelivery":false,"CrudGuid":"00000000000000000000000000000000","OrderStatus":0,"IsHavePurchasePayment":false,"SupplierSubTotal":0,"EventId":0,"EventAction":0,"RetryCount":0,"DocumentTypeByEvent":0} 
 </msg>
<msg timestamp="20250411 10:05:22.106" level="INFO">${response} = &lt;Response [200]&gt;</msg>
<status status="PASS" starttime="20250411 10:05:21.435" endtime="20250411 10:05:22.106"/>
</kw>
<return>
<value>${response}</value>
<status status="PASS" starttime="20250411 10:05:22.106" endtime="20250411 10:05:22.106"/>
</return>
<msg timestamp="20250411 10:05:22.107" level="INFO">${response} = &lt;Response [200]&gt;</msg>
<status status="PASS" starttime="20250411 10:05:21.433" endtime="20250411 10:05:22.107"/>
</kw>
<return>
<value>${response}</value>
<status status="PASS" starttime="20250411 10:05:22.107" endtime="20250411 10:05:22.107"/>
</return>
<msg timestamp="20250411 10:05:22.108" level="INFO">${response} = &lt;Response [200]&gt;</msg>
<status status="PASS" starttime="20250411 10:05:21.431" endtime="20250411 10:05:22.108"/>
</kw>
<kw name="Set Test Variable" library="BuiltIn">
<arg>${RESPONSE}</arg>
<arg>${response}</arg>
<doc>Makes a variable available everywhere within the scope of the current test.</doc>
<msg timestamp="20250411 10:05:22.110" level="INFO">${RESPONSE} = &lt;Response [200]&gt;</msg>
<status status="PASS" starttime="20250411 10:05:22.109" endtime="20250411 10:05:22.110"/>
</kw>
<kw name="Set Variable If" library="BuiltIn">
<var>${invoice_id}</var>
<arg>${RESPONSE.status_code} == 200</arg>
<arg>${RESPONSE.json()["Id"]}</arg>
<arg>0</arg>
<doc>Sets variable based on the given condition.</doc>
<msg timestamp="20250411 10:05:22.122" level="INFO">${invoice_id} = 1000003987</msg>
<status status="PASS" starttime="20250411 10:05:22.111" endtime="20250411 10:05:22.123"/>
</kw>
<kw name="Set Test Variable" library="BuiltIn">
<arg>${INVOICE_ID}</arg>
<arg>${invoice_id}</arg>
<doc>Makes a variable available everywhere within the scope of the current test.</doc>
<msg timestamp="20250411 10:05:22.123" level="INFO">${INVOICE_ID} = 1000003987</msg>
<status status="PASS" starttime="20250411 10:05:22.123" endtime="20250411 10:05:22.124"/>
</kw>
<status status="PASS" starttime="20250411 10:05:21.431" endtime="20250411 10:05:22.124"/>
</kw>
<kw name="Then Mã trạng thái phải là 200" library="ResponseHelper" sourcename="Mã trạng thái phải là ${expected_status_code}">
<kw name="Status Should Be" library="ResponseHelper">
<arg>${expected_status_code}</arg>
<arg>${RESPONSE}</arg>
<kw name="Should Be Equal As Strings" library="BuiltIn">
<arg>${response.status_code}</arg>
<arg>${expected_status}</arg>
<doc>Fails if objects are unequal after converting them to strings.</doc>
<msg timestamp="20250411 10:05:22.128" level="INFO">Argument types are:
&lt;class 'int'&gt;
&lt;class 'str'&gt;</msg>
<status status="PASS" starttime="20250411 10:05:22.127" endtime="20250411 10:05:22.129"/>
</kw>
<status status="PASS" starttime="20250411 10:05:22.126" endtime="20250411 10:05:22.129"/>
</kw>
<status status="PASS" starttime="20250411 10:05:22.125" endtime="20250411 10:05:22.129"/>
</kw>
<kw name="And Tồn kho sản phẩm ${product_id} đã giảm 5 đơn vị" library="InventoryUpdateKeywords" sourcename="Tồn kho sản phẩm ${product_id} đã giảm ${quantity} đơn vị">
<kw name="Wait Until Keyword Succeeds" library="BuiltIn">
<arg>3x</arg>
<arg>5s</arg>
<arg>Xác Thực Số Lượng Tồn Kho Giảm ${quantity} Đơn Vị</arg>
<arg>${product_id}</arg>
<doc>Runs the specified keyword and retries if it fails.</doc>
<kw name="Xác Thực Số Lượng Tồn Kho Giảm ${quantity} Đơn Vị" library="InventoryUpdateKeywords" sourcename="Xác Thực Số Lượng Tồn Kho Giảm ${quantity} Đơn Vị">
<arg>${product_id}</arg>
<kw name="Set Variable" library="BuiltIn">
<var>${query}</var>
<arg>SELECT BranchId, ProductId, OnHand FROM ProductBranch WHERE ProductId = ? AND BranchId = ?</arg>
<doc>Returns the given values which can then be assigned to a variables.</doc>
<msg timestamp="20250411 10:05:22.131" level="INFO">${query} = SELECT BranchId, ProductId, OnHand FROM ProductBranch WHERE ProductId = ? AND BranchId = ?</msg>
<status status="PASS" starttime="20250411 10:05:22.130" endtime="20250411 10:05:22.131"/>
</kw>
<kw name="Fetch One" library="DatabaseLibrary">
<var>${result}</var>
<arg>${query}</arg>
<arg>${product_id}</arg>
<arg>${BRANCH_ID}</arg>
<msg timestamp="20250411 10:05:22.184" level="INFO">${result} = (1000000025, 1000014171, -21.0)</msg>
<status status="PASS" starttime="20250411 10:05:22.131" endtime="20250411 10:05:22.185"/>
</kw>
<kw name="Should Not Be Equal" library="BuiltIn">
<arg>${result}</arg>
<arg>None</arg>
<arg>Không tìm thấy thông tin tồn kho</arg>
<doc>Fails if the given objects are equal.</doc>
<msg timestamp="20250411 10:05:22.186" level="INFO">Argument types are:
&lt;class 'pyodbc.Row'&gt;
&lt;class 'str'&gt;</msg>
<status status="PASS" starttime="20250411 10:05:22.185" endtime="20250411 10:05:22.186"/>
</kw>
<kw name="Set Variable" library="BuiltIn">
<var>${new_onhand}</var>
<arg>${result[2]}</arg>
<doc>Returns the given values which can then be assigned to a variables.</doc>
<msg timestamp="20250411 10:05:22.188" level="INFO">${new_onhand} = -21.0</msg>
<status status="PASS" starttime="20250411 10:05:22.186" endtime="20250411 10:05:22.188"/>
</kw>
<kw name="Evaluate" library="BuiltIn">
<var>${expected_onhand}</var>
<arg>${INITIAL_ONHAND} - ${quantity}</arg>
<doc>Evaluates the given expression in Python and returns the result.</doc>
<msg timestamp="20250411 10:05:22.189" level="INFO">${expected_onhand} = -26.0</msg>
<status status="PASS" starttime="20250411 10:05:22.188" endtime="20250411 10:05:22.189"/>
</kw>
<kw name="Should Be Equal As Numbers" library="BuiltIn">
<arg>${new_onhand}</arg>
<arg>${expected_onhand}</arg>
<arg>Số lượng tồn kho không giảm đúng</arg>
<doc>Fails if objects are unequal after converting them to real numbers.</doc>
<msg timestamp="20250411 10:05:22.189" level="FAIL">Số lượng tồn kho không giảm đúng: -21.0 != -26.0</msg>
<status status="FAIL" starttime="20250411 10:05:22.189" endtime="20250411 10:05:22.189"/>
</kw>
<status status="FAIL" starttime="20250411 10:05:22.130" endtime="20250411 10:05:22.189"/>
</kw>
<kw name="Xác Thực Số Lượng Tồn Kho Giảm ${quantity} Đơn Vị" library="InventoryUpdateKeywords" sourcename="Xác Thực Số Lượng Tồn Kho Giảm ${quantity} Đơn Vị">
<arg>${product_id}</arg>
<kw name="Set Variable" library="BuiltIn">
<var>${query}</var>
<arg>SELECT BranchId, ProductId, OnHand FROM ProductBranch WHERE ProductId = ? AND BranchId = ?</arg>
<doc>Returns the given values which can then be assigned to a variables.</doc>
<msg timestamp="20250411 10:05:27.204" level="INFO">${query} = SELECT BranchId, ProductId, OnHand FROM ProductBranch WHERE ProductId = ? AND BranchId = ?</msg>
<status status="PASS" starttime="20250411 10:05:27.204" endtime="20250411 10:05:27.204"/>
</kw>
<kw name="Fetch One" library="DatabaseLibrary">
<var>${result}</var>
<arg>${query}</arg>
<arg>${product_id}</arg>
<arg>${BRANCH_ID}</arg>
<msg timestamp="20250411 10:05:27.222" level="INFO">${result} = (1000000025, 1000014171, -26.0)</msg>
<status status="PASS" starttime="20250411 10:05:27.204" endtime="20250411 10:05:27.222"/>
</kw>
<kw name="Should Not Be Equal" library="BuiltIn">
<arg>${result}</arg>
<arg>None</arg>
<arg>Không tìm thấy thông tin tồn kho</arg>
<doc>Fails if the given objects are equal.</doc>
<msg timestamp="20250411 10:05:27.223" level="INFO">Argument types are:
&lt;class 'pyodbc.Row'&gt;
&lt;class 'str'&gt;</msg>
<status status="PASS" starttime="20250411 10:05:27.223" endtime="20250411 10:05:27.223"/>
</kw>
<kw name="Set Variable" library="BuiltIn">
<var>${new_onhand}</var>
<arg>${result[2]}</arg>
<doc>Returns the given values which can then be assigned to a variables.</doc>
<msg timestamp="20250411 10:05:27.226" level="INFO">${new_onhand} = -26.0</msg>
<status status="PASS" starttime="20250411 10:05:27.223" endtime="20250411 10:05:27.226"/>
</kw>
<kw name="Evaluate" library="BuiltIn">
<var>${expected_onhand}</var>
<arg>${INITIAL_ONHAND} - ${quantity}</arg>
<doc>Evaluates the given expression in Python and returns the result.</doc>
<msg timestamp="20250411 10:05:27.226" level="INFO">${expected_onhand} = -26.0</msg>
<status status="PASS" starttime="20250411 10:05:27.226" endtime="20250411 10:05:27.226"/>
</kw>
<kw name="Should Be Equal As Numbers" library="BuiltIn">
<arg>${new_onhand}</arg>
<arg>${expected_onhand}</arg>
<arg>Số lượng tồn kho không giảm đúng</arg>
<doc>Fails if objects are unequal after converting them to real numbers.</doc>
<status status="PASS" starttime="20250411 10:05:27.226" endtime="20250411 10:05:27.227"/>
</kw>
<status status="PASS" starttime="20250411 10:05:27.203" endtime="20250411 10:05:27.227"/>
</kw>
<status status="PASS" starttime="20250411 10:05:22.130" endtime="20250411 10:05:27.227"/>
</kw>
<status status="PASS" starttime="20250411 10:05:22.129" endtime="20250411 10:05:27.227"/>
</kw>
<kw name="And Lịch sử tồn kho được tạo với số lượng 5 đơn vị cho sản phẩm ${product_id}" library="InventoryUpdateKeywords" sourcename="Lịch sử tồn kho được tạo với số lượng ${quantity} đơn vị cho sản phẩm ${product_id}">
<kw name="Wait Until Keyword Succeeds" library="BuiltIn">
<arg>3x</arg>
<arg>5s</arg>
<arg>Xác Thực Lịch Sử Tồn Kho Hóa Đơn Với ${quantity} Đơn Vị Của ${product_id}</arg>
<doc>Runs the specified keyword and retries if it fails.</doc>
<kw name="Xác Thực Lịch Sử Tồn Kho Hóa Đơn Với ${quantity} Đơn Vị Của ${product_id}" library="InventoryUpdateKeywords" sourcename="Xác Thực Lịch Sử Tồn Kho Hóa Đơn Với ${quantity} Đơn Vị Của ${product_id}">
<kw name="Set Variable" library="BuiltIn">
<var>${query}</var>
<arg>SELECT DocumentId, DocumentType, ProductId, Quantity FROM InventoryTracking WHERE DocumentId = ? AND ProductId = ? AND DocumentType = 1</arg>
<doc>Returns the given values which can then be assigned to a variables.</doc>
<msg timestamp="20250411 10:05:27.229" level="INFO">${query} = SELECT DocumentId, DocumentType, ProductId, Quantity FROM InventoryTracking WHERE DocumentId = ? AND ProductId = ? AND DocumentType = 1</msg>
<status status="PASS" starttime="20250411 10:05:27.229" endtime="20250411 10:05:27.229"/>
</kw>
<kw name="Fetch One" library="DatabaseLibrary">
<var>${result}</var>
<arg>${query}</arg>
<arg>${INVOICE_ID}</arg>
<arg>${product_id}</arg>
<msg timestamp="20250411 10:05:27.246" level="INFO">${result} = (1000003987, 1, 1000014171, -5.0)</msg>
<status status="PASS" starttime="20250411 10:05:27.229" endtime="20250411 10:05:27.246"/>
</kw>
<kw name="Should Not Be Equal" library="BuiltIn">
<arg>${result}</arg>
<arg>None</arg>
<arg>Không tìm thấy lịch sử tồn kho</arg>
<doc>Fails if the given objects are equal.</doc>
<msg timestamp="20250411 10:05:27.247" level="INFO">Argument types are:
&lt;class 'pyodbc.Row'&gt;
&lt;class 'str'&gt;</msg>
<status status="PASS" starttime="20250411 10:05:27.246" endtime="20250411 10:05:27.247"/>
</kw>
<kw name="Should Be Equal As Numbers" library="BuiltIn">
<arg>${result[0]}</arg>
<arg>${INVOICE_ID}</arg>
<arg>ID hóa đơn không khớp</arg>
<doc>Fails if objects are unequal after converting them to real numbers.</doc>
<status status="PASS" starttime="20250411 10:05:27.247" endtime="20250411 10:05:27.249"/>
</kw>
<kw name="Should Be Equal As Numbers" library="BuiltIn">
<arg>${result[2]}</arg>
<arg>${product_id}</arg>
<arg>ID sản phẩm không khớp</arg>
<doc>Fails if objects are unequal after converting them to real numbers.</doc>
<status status="PASS" starttime="20250411 10:05:27.249" endtime="20250411 10:05:27.251"/>
</kw>
<kw name="Evaluate" library="BuiltIn">
<var>${expected_value}</var>
<arg>-${quantity}</arg>
<doc>Evaluates the given expression in Python and returns the result.</doc>
<msg timestamp="20250411 10:05:27.251" level="INFO">${expected_value} = -5</msg>
<status status="PASS" starttime="20250411 10:05:27.251" endtime="20250411 10:05:27.251"/>
</kw>
<kw name="Should Be Equal As Numbers" library="BuiltIn">
<arg>${result[3]}</arg>
<arg>${expected_value}</arg>
<arg>Giá trị thay đổi tồn kho không khớp</arg>
<doc>Fails if objects are unequal after converting them to real numbers.</doc>
<msg timestamp="20250411 10:05:27.253" level="INFO">Argument types are:
&lt;class 'float'&gt;
&lt;class 'int'&gt;</msg>
<status status="PASS" starttime="20250411 10:05:27.251" endtime="20250411 10:05:27.253"/>
</kw>
<status status="PASS" starttime="20250411 10:05:27.228" endtime="20250411 10:05:27.253"/>
</kw>
<status status="PASS" starttime="20250411 10:05:27.228" endtime="20250411 10:05:27.253"/>
</kw>
<status status="PASS" starttime="20250411 10:05:27.227" endtime="20250411 10:05:27.253"/>
</kw>
<doc>Kiểm tra cập nhật tồn kho khi tạo hóa đơn với sản phẩm thường
- Dữ liệu đầu vào:
- Sản phẩm ID=1000017637, Số lượng=5, Giá=100,000đ
- Logic xử lý: ProductBranchService.UpdateInventory()
- Code: productBranch.OnHand -= invoiceDetail.Quantity
- Kỳ vọng:
- Status code: 200
- Số lượng tồn kho giảm 5 đơn vị
- Lịch sử tồn kho được ghi nhận với DocumentType=Invoice, Value=-5</doc>
<status status="PASS" starttime="20250411 10:05:21.267" endtime="20250411 10:05:27.253"/>
</test>
<test id="s1-t2" name="RT-INU-002 Cập nhật tồn kho khi tạo hóa đơn với số lượng thập phân" line="29">
<kw name="Given Chuẩn Bị Dữ Liệu Hóa Đơn Tiêu Chuẩn Mã ${PRODUCT_CODE_DECIMAL} có Số Lượng 100.555" library="InventoryUpdateKeywords" sourcename="Chuẩn Bị Dữ Liệu Hóa Đơn Tiêu Chuẩn Mã ${ma_hh} có Số Lượng ${quantity}">
<kw name="Set Variable" library="BuiltIn">
<var>${query_1}</var>
<arg>SELECT ID FROM Product WHERE Code = ?</arg>
<doc>Returns the given values which can then be assigned to a variables.</doc>
<msg timestamp="20250411 10:05:27.261" level="INFO">${query_1} = SELECT ID FROM Product WHERE Code = ?</msg>
<status status="PASS" starttime="20250411 10:05:27.261" endtime="20250411 10:05:27.261"/>
</kw>
<kw name="Fetch One" library="DatabaseLibrary">
<var>${result}</var>
<arg>${query_1}</arg>
<arg>${ma_hh}</arg>
<msg timestamp="20250411 10:05:27.282" level="INFO">${result} = (1000014177,)</msg>
<status status="PASS" starttime="20250411 10:05:27.261" endtime="20250411 10:05:27.282"/>
</kw>
<kw name="Set Test Variable" library="BuiltIn">
<arg>${product_id}</arg>
<arg>${result[0]}</arg>
<doc>Makes a variable available everywhere within the scope of the current test.</doc>
<msg timestamp="20250411 10:05:27.290" level="INFO">${product_id} = 1000014177</msg>
<status status="PASS" starttime="20250411 10:05:27.283" endtime="20250411 10:05:27.291"/>
</kw>
<kw name="Deep Copy" library="DataUtilities">
<var>${request}</var>
<arg>${invoice_request_body_not_delivery}</arg>
<doc>Creates a deep copy of any data structure using JSON serialization</doc>
<kw name="Evaluate" library="BuiltIn">
<var>${json_data}</var>
<arg>json.dumps(${data})</arg>
<arg>json</arg>
<doc>Evaluates the given expression in Python and returns the result.</doc>
<msg timestamp="20250411 10:05:27.292" level="INFO">${json_data} = {"Invoice": {"BranchId": "1000000025", "RetailerId": "19809", "UpdateInvoiceId": "0", "UpdateReturnId": "0", "IsChangeNormalToShippingDelivery": false, "SoldById": "1000000467", "SoldBy": {"CreatedBy"...</msg>
<status status="PASS" starttime="20250411 10:05:27.291" endtime="20250411 10:05:27.292"/>
</kw>
<kw name="Evaluate" library="BuiltIn">
<var>${copied_data}</var>
<arg>json.loads($json_data)</arg>
<arg>json</arg>
<doc>Evaluates the given expression in Python and returns the result.</doc>
<msg timestamp="20250411 10:05:27.292" level="INFO">${copied_data} = {'Invoice': {'BranchId': '1000000025', 'RetailerId': '19809', 'UpdateInvoiceId': '0', 'UpdateReturnId': '0', 'IsChangeNormalToShippingDelivery': False, 'SoldById': '1000000467', 'SoldBy': {'CreatedBy'...</msg>
<status status="PASS" starttime="20250411 10:05:27.292" endtime="20250411 10:05:27.292"/>
</kw>
<return>
<value>${copied_data}</value>
<status status="PASS" starttime="20250411 10:05:27.292" endtime="20250411 10:05:27.293"/>
</return>
<msg timestamp="20250411 10:05:27.293" level="INFO">${request} = {'Invoice': {'BranchId': '1000000025', 'RetailerId': '19809', 'UpdateInvoiceId': '0', 'UpdateReturnId': '0', 'IsChangeNormalToShippingDelivery': False, 'SoldById': '1000000467', 'SoldBy': {'CreatedBy'...</msg>
<status status="PASS" starttime="20250411 10:05:27.291" endtime="20250411 10:05:27.293"/>
</kw>
<kw name="Set Variable" library="BuiltIn">
<var>${data_product}</var>
<arg>${STANDARD_INVOICE_DETAIL}</arg>
<doc>Returns the given values which can then be assigned to a variables.</doc>
<msg timestamp="20250411 10:05:27.293" level="INFO">${data_product} = {'ProductId': 1000014171, 'Quantity': '5', 'Price': '100000', 'Discount': '0'}</msg>
<status status="PASS" starttime="20250411 10:05:27.293" endtime="20250411 10:05:27.293"/>
</kw>
<kw name="Update Nested Dictionary Property" library="DataUtilities">
<var>${data_product}</var>
<arg>${data_product}</arg>
<arg>Quantity</arg>
<arg>${quantity}</arg>
<doc>Updates a nested property in a dictionary using a dot-notation path</doc>
<kw name="Split String" library="String">
<var>@{parts}</var>
<arg>${property_path}</arg>
<arg>.</arg>
<doc>Splits the ``string`` using ``separator`` as a delimiter string.</doc>
<msg timestamp="20250411 10:05:27.294" level="INFO">@{parts} = [ Quantity ]</msg>
<status status="PASS" starttime="20250411 10:05:27.294" endtime="20250411 10:05:27.294"/>
</kw>
<kw name="Get Length" library="BuiltIn">
<var>${parts_count}</var>
<arg>${parts}</arg>
<doc>Returns and logs the length of the given item as an integer.</doc>
<msg timestamp="20250411 10:05:27.294" level="INFO">Length is 1</msg>
<msg timestamp="20250411 10:05:27.294" level="INFO">${parts_count} = 1</msg>
<status status="PASS" starttime="20250411 10:05:27.294" endtime="20250411 10:05:27.294"/>
</kw>
<kw name="Set Variable" library="BuiltIn">
<var>${current}</var>
<arg>${dictionary}</arg>
<doc>Returns the given values which can then be assigned to a variables.</doc>
<msg timestamp="20250411 10:05:27.294" level="INFO">${current} = {'ProductId': 1000014171, 'Quantity': '5', 'Price': '100000', 'Discount': '0'}</msg>
<status status="PASS" starttime="20250411 10:05:27.294" endtime="20250411 10:05:27.294"/>
</kw>
<for flavor="IN RANGE">
<var>${i}</var>
<value>0</value>
<value>${parts_count-1}</value>
<iter>
<var name="${i}"/>
<kw name="Get From List" library="Collections">
<var>${part}</var>
<arg>${parts}</arg>
<arg>${i}</arg>
<doc>Returns the value specified with an ``index`` from ``list``.</doc>
<status status="NOT RUN" starttime="20250411 10:05:27.297" endtime="20250411 10:05:27.297"/>
</kw>
<kw name="Get From Dictionary" library="Collections">
<var>${current}</var>
<arg>${current}</arg>
<arg>${part}</arg>
<doc>Returns a value from the given ``dictionary`` based on the given ``key``.</doc>
<status status="NOT RUN" starttime="20250411 10:05:27.297" endtime="20250411 10:05:27.297"/>
</kw>
<status status="NOT RUN" starttime="20250411 10:05:27.296" endtime="20250411 10:05:27.297"/>
</iter>
<status status="NOT RUN" starttime="20250411 10:05:27.295" endtime="20250411 10:05:27.297"/>
</for>
<kw name="Get From List" library="Collections">
<var>${last_part}</var>
<arg>${parts}</arg>
<arg>${parts_count-1}</arg>
<doc>Returns the value specified with an ``index`` from ``list``.</doc>
<msg timestamp="20250411 10:05:27.299" level="INFO">${last_part} = Quantity</msg>
<status status="PASS" starttime="20250411 10:05:27.297" endtime="20250411 10:05:27.299"/>
</kw>
<kw name="Set To Dictionary" library="Collections">
<arg>${current}</arg>
<arg>${last_part}=${property_value}</arg>
<doc>Adds the given ``key_value_pairs`` and/or ``items`` to the ``dictionary``.</doc>
<status status="PASS" starttime="20250411 10:05:27.300" endtime="20250411 10:05:27.300"/>
</kw>
<return>
<value>${dictionary}</value>
<status status="PASS" starttime="20250411 10:05:27.300" endtime="20250411 10:05:27.300"/>
</return>
<msg timestamp="20250411 10:05:27.300" level="INFO">${data_product} = {'ProductId': 1000014171, 'Quantity': '100.555', 'Price': '100000', 'Discount': '0'}</msg>
<status status="PASS" starttime="20250411 10:05:27.293" endtime="20250411 10:05:27.300"/>
</kw>
<kw name="Update Nested Dictionary Property" library="DataUtilities">
<var>${data_product}</var>
<arg>${data_product}</arg>
<arg>ProductId</arg>
<arg>${product_id}</arg>
<doc>Updates a nested property in a dictionary using a dot-notation path</doc>
<kw name="Split String" library="String">
<var>@{parts}</var>
<arg>${property_path}</arg>
<arg>.</arg>
<doc>Splits the ``string`` using ``separator`` as a delimiter string.</doc>
<msg timestamp="20250411 10:05:27.301" level="INFO">@{parts} = [ ProductId ]</msg>
<status status="PASS" starttime="20250411 10:05:27.301" endtime="20250411 10:05:27.301"/>
</kw>
<kw name="Get Length" library="BuiltIn">
<var>${parts_count}</var>
<arg>${parts}</arg>
<doc>Returns and logs the length of the given item as an integer.</doc>
<msg timestamp="20250411 10:05:27.301" level="INFO">Length is 1</msg>
<msg timestamp="20250411 10:05:27.301" level="INFO">${parts_count} = 1</msg>
<status status="PASS" starttime="20250411 10:05:27.301" endtime="20250411 10:05:27.301"/>
</kw>
<kw name="Set Variable" library="BuiltIn">
<var>${current}</var>
<arg>${dictionary}</arg>
<doc>Returns the given values which can then be assigned to a variables.</doc>
<msg timestamp="20250411 10:05:27.302" level="INFO">${current} = {'ProductId': 1000014171, 'Quantity': '100.555', 'Price': '100000', 'Discount': '0'}</msg>
<status status="PASS" starttime="20250411 10:05:27.302" endtime="20250411 10:05:27.302"/>
</kw>
<for flavor="IN RANGE">
<var>${i}</var>
<value>0</value>
<value>${parts_count-1}</value>
<iter>
<var name="${i}"/>
<kw name="Get From List" library="Collections">
<var>${part}</var>
<arg>${parts}</arg>
<arg>${i}</arg>
<doc>Returns the value specified with an ``index`` from ``list``.</doc>
<status status="NOT RUN" starttime="20250411 10:05:27.304" endtime="20250411 10:05:27.304"/>
</kw>
<kw name="Get From Dictionary" library="Collections">
<var>${current}</var>
<arg>${current}</arg>
<arg>${part}</arg>
<doc>Returns a value from the given ``dictionary`` based on the given ``key``.</doc>
<status status="NOT RUN" starttime="20250411 10:05:27.304" endtime="20250411 10:05:27.304"/>
</kw>
<status status="NOT RUN" starttime="20250411 10:05:27.304" endtime="20250411 10:05:27.304"/>
</iter>
<status status="NOT RUN" starttime="20250411 10:05:27.302" endtime="20250411 10:05:27.304"/>
</for>
<kw name="Get From List" library="Collections">
<var>${last_part}</var>
<arg>${parts}</arg>
<arg>${parts_count-1}</arg>
<doc>Returns the value specified with an ``index`` from ``list``.</doc>
<msg timestamp="20250411 10:05:27.306" level="INFO">${last_part} = ProductId</msg>
<status status="PASS" starttime="20250411 10:05:27.304" endtime="20250411 10:05:27.306"/>
</kw>
<kw name="Set To Dictionary" library="Collections">
<arg>${current}</arg>
<arg>${last_part}=${property_value}</arg>
<doc>Adds the given ``key_value_pairs`` and/or ``items`` to the ``dictionary``.</doc>
<status status="PASS" starttime="20250411 10:05:27.306" endtime="20250411 10:05:27.306"/>
</kw>
<return>
<value>${dictionary}</value>
<status status="PASS" starttime="20250411 10:05:27.306" endtime="20250411 10:05:27.307"/>
</return>
<msg timestamp="20250411 10:05:27.307" level="INFO">${data_product} = {'ProductId': 1000014177, 'Quantity': '100.555', 'Price': '100000', 'Discount': '0'}</msg>
<status status="PASS" starttime="20250411 10:05:27.300" endtime="20250411 10:05:27.307"/>
</kw>
<kw name="Update Nested Dictionary Property" library="DataUtilities">
<var>${request}</var>
<arg>${request}</arg>
<arg>Invoice.InvoiceDetails</arg>
<arg>${data_product}</arg>
<doc>Updates a nested property in a dictionary using a dot-notation path</doc>
<kw name="Split String" library="String">
<var>@{parts}</var>
<arg>${property_path}</arg>
<arg>.</arg>
<doc>Splits the ``string`` using ``separator`` as a delimiter string.</doc>
<msg timestamp="20250411 10:05:27.307" level="INFO">@{parts} = [ Invoice | InvoiceDetails ]</msg>
<status status="PASS" starttime="20250411 10:05:27.307" endtime="20250411 10:05:27.307"/>
</kw>
<kw name="Get Length" library="BuiltIn">
<var>${parts_count}</var>
<arg>${parts}</arg>
<doc>Returns and logs the length of the given item as an integer.</doc>
<msg timestamp="20250411 10:05:27.308" level="INFO">Length is 2</msg>
<msg timestamp="20250411 10:05:27.308" level="INFO">${parts_count} = 2</msg>
<status status="PASS" starttime="20250411 10:05:27.308" endtime="20250411 10:05:27.308"/>
</kw>
<kw name="Set Variable" library="BuiltIn">
<var>${current}</var>
<arg>${dictionary}</arg>
<doc>Returns the given values which can then be assigned to a variables.</doc>
<msg timestamp="20250411 10:05:27.308" level="INFO">${current} = {'Invoice': {'BranchId': '1000000025', 'RetailerId': '19809', 'UpdateInvoiceId': '0', 'UpdateReturnId': '0', 'IsChangeNormalToShippingDelivery': False, 'SoldById': '1000000467', 'SoldBy': {'CreatedBy'...</msg>
<status status="PASS" starttime="20250411 10:05:27.308" endtime="20250411 10:05:27.308"/>
</kw>
<for flavor="IN RANGE">
<var>${i}</var>
<value>0</value>
<value>${parts_count-1}</value>
<iter>
<var name="${i}">0</var>
<kw name="Get From List" library="Collections">
<var>${part}</var>
<arg>${parts}</arg>
<arg>${i}</arg>
<doc>Returns the value specified with an ``index`` from ``list``.</doc>
<msg timestamp="20250411 10:05:27.310" level="INFO">${part} = Invoice</msg>
<status status="PASS" starttime="20250411 10:05:27.310" endtime="20250411 10:05:27.310"/>
</kw>
<kw name="Get From Dictionary" library="Collections">
<var>${current}</var>
<arg>${current}</arg>
<arg>${part}</arg>
<doc>Returns a value from the given ``dictionary`` based on the given ``key``.</doc>
<msg timestamp="20250411 10:05:27.311" level="INFO">${current} = {'BranchId': '1000000025', 'RetailerId': '19809', 'UpdateInvoiceId': '0', 'UpdateReturnId': '0', 'IsChangeNormalToShippingDelivery': False, 'SoldById': '1000000467', 'SoldBy': {'CreatedBy': '0', 'Crea...</msg>
<status status="PASS" starttime="20250411 10:05:27.310" endtime="20250411 10:05:27.311"/>
</kw>
<status status="PASS" starttime="20250411 10:05:27.310" endtime="20250411 10:05:27.311"/>
</iter>
<status status="PASS" starttime="20250411 10:05:27.308" endtime="20250411 10:05:27.311"/>
</for>
<kw name="Get From List" library="Collections">
<var>${last_part}</var>
<arg>${parts}</arg>
<arg>${parts_count-1}</arg>
<doc>Returns the value specified with an ``index`` from ``list``.</doc>
<msg timestamp="20250411 10:05:27.313" level="INFO">${last_part} = InvoiceDetails</msg>
<status status="PASS" starttime="20250411 10:05:27.311" endtime="20250411 10:05:27.313"/>
</kw>
<kw name="Set To Dictionary" library="Collections">
<arg>${current}</arg>
<arg>${last_part}=${property_value}</arg>
<doc>Adds the given ``key_value_pairs`` and/or ``items`` to the ``dictionary``.</doc>
<status status="PASS" starttime="20250411 10:05:27.313" endtime="20250411 10:05:27.313"/>
</kw>
<return>
<value>${dictionary}</value>
<status status="PASS" starttime="20250411 10:05:27.313" endtime="20250411 10:05:27.313"/>
</return>
<msg timestamp="20250411 10:05:27.314" level="INFO">${request} = {'Invoice': {'BranchId': '1000000025', 'RetailerId': '19809', 'UpdateInvoiceId': '0', 'UpdateReturnId': '0', 'IsChangeNormalToShippingDelivery': False, 'SoldById': '1000000467', 'SoldBy': {'CreatedBy'...</msg>
<status status="PASS" starttime="20250411 10:05:27.307" endtime="20250411 10:05:27.314"/>
</kw>
<kw name="Set Test Variable" library="BuiltIn">
<arg>${REQUEST_DATA}</arg>
<arg>${request}</arg>
<doc>Makes a variable available everywhere within the scope of the current test.</doc>
<msg timestamp="20250411 10:05:27.317" level="INFO">${REQUEST_DATA} = {'Invoice': {'BranchId': '1000000025', 'RetailerId': '19809', 'UpdateInvoiceId': '0', 'UpdateReturnId': '0', 'IsChangeNormalToShippingDelivery': False, 'SoldById': '1000000467', 'SoldBy': {'CreatedBy'...</msg>
<status status="PASS" starttime="20250411 10:05:27.314" endtime="20250411 10:05:27.317"/>
</kw>
<return>
<value>${request}</value>
<status status="PASS" starttime="20250411 10:05:27.317" endtime="20250411 10:05:27.317"/>
</return>
<status status="PASS" starttime="20250411 10:05:27.260" endtime="20250411 10:05:27.317"/>
</kw>
<kw name="And Xem Thông Tin Tồn Kho Ban Đầu Của Sản Phẩm ${product_id}" library="InventoryUpdateKeywords" sourcename="Xem Thông Tin Tồn Kho Ban Đầu Của Sản Phẩm ${product_id}">
<kw name="Set Variable" library="BuiltIn">
<var>${query}</var>
<arg>SELECT BranchId, ProductId, OnHand FROM ProductBranch WHERE ProductId = ? AND BranchId = ?</arg>
<doc>Returns the given values which can then be assigned to a variables.</doc>
<msg timestamp="20250411 10:05:27.319" level="INFO">${query} = SELECT BranchId, ProductId, OnHand FROM ProductBranch WHERE ProductId = ? AND BranchId = ?</msg>
<status status="PASS" starttime="20250411 10:05:27.318" endtime="20250411 10:05:27.319"/>
</kw>
<kw name="Fetch One" library="DatabaseLibrary">
<var>${result}</var>
<arg>${query}</arg>
<arg>${product_id}</arg>
<arg>${BRANCH_ID}</arg>
<msg timestamp="20250411 10:05:27.336" level="INFO">${result} = (1000000025, 1000014177, -201.11)</msg>
<status status="PASS" starttime="20250411 10:05:27.319" endtime="20250411 10:05:27.336"/>
</kw>
<kw name="Should Not Be Equal" library="BuiltIn">
<arg>${result}</arg>
<arg>None</arg>
<arg>Không tìm thấy thông tin tồn kho ban đầu</arg>
<doc>Fails if the given objects are equal.</doc>
<msg timestamp="20250411 10:05:27.336" level="INFO">Argument types are:
&lt;class 'pyodbc.Row'&gt;
&lt;class 'str'&gt;</msg>
<status status="PASS" starttime="20250411 10:05:27.336" endtime="20250411 10:05:27.336"/>
</kw>
<kw name="Set Variable" library="BuiltIn">
<var>${initial_onhand}</var>
<arg>${result[2]}</arg>
<doc>Returns the given values which can then be assigned to a variables.</doc>
<msg timestamp="20250411 10:05:27.338" level="INFO">${initial_onhand} = -201.11</msg>
<status status="PASS" starttime="20250411 10:05:27.336" endtime="20250411 10:05:27.338"/>
</kw>
<kw name="Set Test Variable" library="BuiltIn">
<arg>${INITIAL_ONHAND}</arg>
<arg>${initial_onhand}</arg>
<doc>Makes a variable available everywhere within the scope of the current test.</doc>
<msg timestamp="20250411 10:05:27.338" level="INFO">${INITIAL_ONHAND} = -201.11</msg>
<status status="PASS" starttime="20250411 10:05:27.338" endtime="20250411 10:05:27.338"/>
</kw>
<return>
<value>${initial_onhand}</value>
<status status="PASS" starttime="20250411 10:05:27.338" endtime="20250411 10:05:27.339"/>
</return>
<status status="PASS" starttime="20250411 10:05:27.318" endtime="20250411 10:05:27.339"/>
</kw>
<kw name="When Gửi Yêu Cầu Tạo Hóa Đơn" library="InventoryUpdateKeywords">
<kw name="Call API" library="Utilities">
<var>${response}</var>
<arg>invoices</arg>
<arg>${REQUEST_DATA}</arg>
<kw name="Create Auth Headers" library="Utilities">
<var>${headers}</var>
<arg>${token}</arg>
<kw name="Create Dictionary" library="BuiltIn">
<var>${headers}</var>
<arg>Authorization=Bearer ${token}</arg>
<arg>Content-Type=application/json</arg>
<arg>Retailer=${RETAILER_CODE}</arg>
<doc>Creates and returns a dictionary based on the given ``items``.</doc>
<msg timestamp="20250411 10:05:27.341" level="INFO">${headers} = {'Authorization': 'Bearer eyJ0eXAiOiJKV1QiLCJhbGciOiJSUzI1NiIsImtpZCI6InNCeCJ9.eyJpc3MiOiJrdnNzand0Iiwic3ViIjoxMDAwMDAwNDY3LCJpYXQiOjE3NDM1Nzg4ODMsImV4cCI6MTc0NTk5ODA4MywicHJlZmVycmVkX3VzZXJuYW1lIjoiY...</msg>
<status status="PASS" starttime="20250411 10:05:27.340" endtime="20250411 10:05:27.341"/>
</kw>
<return>
<value>${headers}</value>
<status status="PASS" starttime="20250411 10:05:27.341" endtime="20250411 10:05:27.341"/>
</return>
<msg timestamp="20250411 10:05:27.341" level="INFO">${headers} = {'Authorization': 'Bearer eyJ0eXAiOiJKV1QiLCJhbGciOiJSUzI1NiIsImtpZCI6InNCeCJ9.eyJpc3MiOiJrdnNzand0Iiwic3ViIjoxMDAwMDAwNDY3LCJpYXQiOjE3NDM1Nzg4ODMsImV4cCI6MTc0NTk5ODA4MywicHJlZmVycmVkX3VzZXJuYW1lIjoiY...</msg>
<status status="PASS" starttime="20250411 10:05:27.340" endtime="20250411 10:05:27.341"/>
</kw>
<kw name="POST" library="RequestHelper">
<var>${response}</var>
<arg>${API_URL}${endpoint}</arg>
<arg>headers=${headers}</arg>
<arg>json=${data}</arg>
<kw name="Run Keyword If" library="BuiltIn">
<var>${headers}</var>
<arg>${headers} == ${None}</arg>
<arg>Create Dictionary</arg>
<arg>Content-Type=application/json</arg>
<arg>ELSE</arg>
<arg>Set Variable</arg>
<arg>${headers}</arg>
<doc>Runs the given keyword with the given arguments, if ``condition`` is true.</doc>
<kw name="Set Variable" library="BuiltIn">
<arg>${headers}</arg>
<doc>Returns the given values which can then be assigned to a variables.</doc>
<status status="PASS" starttime="20250411 10:05:27.342" endtime="20250411 10:05:27.342"/>
</kw>
<msg timestamp="20250411 10:05:27.342" level="INFO">${headers} = {'Authorization': 'Bearer eyJ0eXAiOiJKV1QiLCJhbGciOiJSUzI1NiIsImtpZCI6InNCeCJ9.eyJpc3MiOiJrdnNzand0Iiwic3ViIjoxMDAwMDAwNDY3LCJpYXQiOjE3NDM1Nzg4ODMsImV4cCI6MTc0NTk5ODA4MywicHJlZmVycmVkX3VzZXJuYW1lIjoiY...</msg>
<status status="PASS" starttime="20250411 10:05:27.342" endtime="20250411 10:05:27.342"/>
</kw>
<kw name="Create Session" library="RequestsLibrary">
<arg>kvpos</arg>
<arg>${url}</arg>
<arg>verify=True</arg>
<doc>Create Session: create a HTTP session to a server</doc>
<msg timestamp="20250411 10:05:27.343" level="INFO">Creating Session using : alias=kvpos, url=https://api-sale.kvpos.com/api/invoices, headers={},                     cookies={}, auth=None, timeout=None, proxies=None, verify=True,                     debug=0 </msg>
<status status="PASS" starttime="20250411 10:05:27.343" endtime="20250411 10:05:27.343"/>
</kw>
<kw name="POST On Session" library="RequestsLibrary">
<var>${response}</var>
<arg>kvpos</arg>
<arg>${url}</arg>
<arg>json=${json}</arg>
<arg>headers=${headers}</arg>
<arg>expected_status=anything</arg>
<doc>Sends a POST request on a previously created HTTP Session.</doc>
<msg timestamp="20250411 10:05:27.723" level="INFO">POST Request : url=https://api-sale.kvpos.com/api/invoices 
 path_url=/api/invoices 
 headers={'User-Agent': 'python-requests/2.31.0', 'Accept-Encoding': 'gzip, deflate', 'Accept': '*/*', 'Connection': 'keep-alive', 'Authorization': 'Bearer eyJ0eXAiOiJKV1QiLCJhbGciOiJSUzI1NiIsImtpZCI6InNCeCJ9.eyJpc3MiOiJrdnNzand0Iiwic3ViIjoxMDAwMDAwNDY3LCJpYXQiOjE3NDM1Nzg4ODMsImV4cCI6MTc0NTk5ODA4MywicHJlZmVycmVkX3VzZXJuYW1lIjoiYWRtaW4iLCJyb2xlcyI6WyJVc2VyIl0sImt2c291cmNlIjoiUmV0YWlsIiwia3Z1c2V0ZmEiOjAsImt2d2FpdG90cCI6MCwia3ZzZXMiOiJlZWYxYzc5NTAxOTQ0ZjI3YWYxZTA4NjFhZGJkMWNiNiIsImt2dWlkIjoxMDAwMDAwNDY3LCJrdmxhbmciOiJ2aS1WTiIsImt2dXR5cGUiOjAsImt2dWxpbWl0IjoiRmFsc2UiLCJrdnVhZG1pbiI6IlRydWUiLCJrdnVhY3QiOiJUcnVlIiwia3Z1bGltaXR0cmFucyI6IkZhbHNlIiwia3Z1c2hvd3N1bSI6IlRydWUiLCJrdmJpIjoiVHJ1ZSIsImt2Y3R5cGUiOjMsInVzZUJJIjp7IkN1c3RvbWVyQklSZXBvcnRfUmVhZCI6W10sIlNhbGVCSVJlcG9ydF9SZWFkIjpbXSwiUHJvZHVjdEJJUmVwb3J0X1JlYWQiOltdLCJGaW5hbmNlQklSZXBvcnRfUmVhZCI6W119LCJrdmJpZCI6MTAwMDAwMDAyNSwia3ZyaW5kaWQiOjgsImt2cmNvZGUiOiJhdXRvYXBpIiwia3ZyaWQiOjE5ODA5LCJrdnVyaWQiOjE5ODA5LCJrdnJnaWQiOjMsInBlcm1zIjoiIn0.AjzPUGTYpF3T_blCyaggs1UDzi-AFT2F42umBvSlhCCGAjcc5Y_rj0CaO3qqqx39URrtNlZmSy2_oWmsIsf0Bi51BCNRlgiguV8EALwb7mooanPWqf2RU_pZrlJCk5eRKuE4ZbOlrNpxZL7_G9SN4P3nLYGzT6uK0jyTKgKZmBbEPcN-y4Rrhs-tpLOgNcICALtyhgpfuiFFJS2d_Rd-x9CTGczIrWp_zAbowJ3sN60z_tMycy-o0SK0SF-wFAInSgDsdLzpJH9wtKQu44yDKFbXvZHi4lEHalGMoSWc8c0tcolOgB7CFBYuW55mXnK_nvVCmMZrjAqz8bxildJgwQ', 'Content-Type': 'application/json', 'Retailer': 'autoapi', 'Content-Length': '1199'} 
 body=b'{"Invoice": {"BranchId": "1000000025", "RetailerId": "19809", "UpdateInvoiceId": "0", "UpdateReturnId": "0", "IsChangeNormalToShippingDelivery": false, "SoldById": "1000000467", "SoldBy": {"CreatedBy": "0", "CreatedDate": "2025-03-27T06:44:21.083Z", "GivenName": "admin", "Id": "1000000467", "IsActive": true, "IsAdmin": true, "Language": "vi-VN", "MobilePhone": "03322553899", "Type": "0", "UserName": "admin", "isDeleted": false}, "SaleChannelId": "0", "Seller": {"CreatedBy": "0", "CreatedDate": "2025-03-27T06:44:21.083Z", "GivenName": "admin", "Id": "1000000467", "IsActive": true, "IsAdmin": true, "Language": "vi-VN", "MobilePhone": "03322553899", "Type": "0", "UserName": "admin", "isDeleted": false}, "OrderCode": "", "Code": "", "InvoiceDetails": {"ProductId": 1000014177, "Quantity": "100.555", "Price": "100000", "Discount": "0"}, "InvoiceOrderSurcharges": [], "InvoicePromotions": [], "InvoiceSupplierPromotions": [], "UsingCod": "0", "Payments": [], "Total": "0", "TotalTax": null, "EnableVATToggle": false, "Surcharge": "0", "Type": "1", "addToAccount": "0", "PayingAmount": "0", "TotalBeforeDiscount": "0", "ProductDiscount": "0", "InvoiceWarranties": [], "CreatedBy": "1000000467"}}' 
 </msg>
<msg timestamp="20250411 10:05:27.723" level="INFO">POST Response : url=https://api-sale.kvpos.com/api/invoices 
 status=200, reason=OK 
 headers={'cache-control': 'private', 'content-type': 'application/json; charset=utf-8', 'vary': 'Accept', 'isusekvclient': 'True', 'isusespa': 'false', 'gatewaynodes': 'https://api-sd.kvpos.com', 'retailer-pos-version': '1.0.70', 'fb-pos-version': '', 'kv.app': 'RetailApp 1.22.0410.00', '__revision': '20250411095837', 'kv.gitcommit': '3a50908a', 'kv.gittag': '', 'retailer': 'autoapi', 'zone': '3', 'retailerindustryid': '8', 'kv.requestid': 'b2592b9ad69b45a9aaac11c06119c623', 'set-cookie': 'ss-id=12uHBReXNLHnrCdXEvwI; path=/; HttpOnly, ss-pid=qrshhKedwCIVpwu4tWB0; expires=Tue, 11-Apr-2045 03:05:27 GMT; path=/; HttpOnly', 'access-control-allow-headers': 'retailerCode, retailerId, X-Request-Id, Origin,X-Requested-With,Referer,User-Agent,Content-Type,Accept,Authorization,Retailer,BranchId,Retailer-POS-Version,Zone,fingerprintkey,x-group-id,x-retailer-code,IsUseKvClient,latestbranchid,warehouseid, X-TimeZone,X-Language', 'access-control-allow-methods': 'GET, POST, PUT, DELETE, PATCH, OPTIONS', 'access-control-expose-headers': 'Retailer-POS-Version', 'access-control-allow-origin': '*', 'access-control-allow-credentials': 'true', 'date': 'Fri, 11 Apr 2025 03:05:27 GMT', 'content-length': '1968'} 
 body={"Id":1000003988,"PurchaseDate":"2025-04-11T10:05:27.6539209+07:00","CreatedDate":"2025-04-11T10:05:27.6649440+07:00","CreatedBy":1000000467,"RetailerId":19809,"Code":"HD000884","Status":1,"BranchId":1000000025,"SoldById":1000000467,"Total":10055500.000,"TotalPayment":0,"TotalPaymentOld":0,"TotalOther":0,"Debt":10055500.000,"UsingCod":0,"Surcharge":0,"Point":0,"PayingAmount":0,"Payments":[],"Returns":[],"InvoiceDeliveries":[],"InvoiceOrderSurcharges":[],"Returns1":[],"InvoiceDetails":[{"Id":1000006029,"InvoiceId":1000003988,"ProductId":1000014177,"Quantity":100.555,"Price":100000,"Tax":0,"Discount":0,"CreatedDate":"2025-04-11T10:05:27.6819492+07:00","SerialNumbers":"","ViewDiscount":0,"RetailerId":19809,"InvoiceDetailTaxs":[],"IdOld":0,"SubTotal":10055500.000,"ProductName":"","ProductSName":"","ProductAllowSellWhenOutStock":false,"IsUpdate":false}],"InvoicePromotions":[],"InvoiceVouchers":[],"DeliveryPackages":[],"DeliveryPayments":[],"DeliveryInfoes":[],"InvoiceDeliveryTrackings":[],"InvoiceWarranties":[],"ShippingTaskOrderDetails":[],"CouponUsageTrackings":[],"EInvoices":[],"InvoiceMappingOnlines":[],"IdOld":0,"CustomerName":"","CustomerEmail":"","CustomerContactNumber":"","CustomerAddress":"","CustomerLocationName":"","CustomerWardName":"","SoldByGivenName":"","CreatedByGivenName":"","OrderCode":"","CustomerPoint":0,"CustomerOldPoint":0,"CustomerCode":"","HasPaymentVoucher":false,"PaidAmount":0,"PaymentId":0,"PaymentMethod":"","StatusValue":"Hoàn thành","SubTotal":10055500.000,"TotalQuantity":100.555,"HasLotSerialControl":false,"CompareSoldById":1000000467,"ComparePurchaseDate":"2025-04-11T10:05:27.6539209+07:00","CompareStatus":1,"SaleChannelName":"","IsUpdateSoldBy":false,"UpdateInvoiceId":0,"UpdateReturnId":0,"IsChangeNormalToShippingDelivery":false,"CrudGuid":"00000000000000000000000000000000","OrderStatus":0,"IsHavePurchasePayment":false,"SupplierSubTotal":0,"EventId":0,"EventAction":0,"RetryCount":0,"DocumentTypeByEvent":0} 
 </msg>
<msg timestamp="20250411 10:05:27.724" level="INFO">${response} = &lt;Response [200]&gt;</msg>
<status status="PASS" starttime="20250411 10:05:27.343" endtime="20250411 10:05:27.724"/>
</kw>
<return>
<value>${response}</value>
<status status="PASS" starttime="20250411 10:05:27.725" endtime="20250411 10:05:27.725"/>
</return>
<msg timestamp="20250411 10:05:27.725" level="INFO">${response} = &lt;Response [200]&gt;</msg>
<status status="PASS" starttime="20250411 10:05:27.341" endtime="20250411 10:05:27.726"/>
</kw>
<return>
<value>${response}</value>
<status status="PASS" starttime="20250411 10:05:27.726" endtime="20250411 10:05:27.726"/>
</return>
<msg timestamp="20250411 10:05:27.726" level="INFO">${response} = &lt;Response [200]&gt;</msg>
<status status="PASS" starttime="20250411 10:05:27.340" endtime="20250411 10:05:27.727"/>
</kw>
<kw name="Set Test Variable" library="BuiltIn">
<arg>${RESPONSE}</arg>
<arg>${response}</arg>
<doc>Makes a variable available everywhere within the scope of the current test.</doc>
<msg timestamp="20250411 10:05:27.728" level="INFO">${RESPONSE} = &lt;Response [200]&gt;</msg>
<status status="PASS" starttime="20250411 10:05:27.727" endtime="20250411 10:05:27.729"/>
</kw>
<kw name="Set Variable If" library="BuiltIn">
<var>${invoice_id}</var>
<arg>${RESPONSE.status_code} == 200</arg>
<arg>${RESPONSE.json()["Id"]}</arg>
<arg>0</arg>
<doc>Sets variable based on the given condition.</doc>
<msg timestamp="20250411 10:05:27.742" level="INFO">${invoice_id} = 1000003988</msg>
<status status="PASS" starttime="20250411 10:05:27.729" endtime="20250411 10:05:27.742"/>
</kw>
<kw name="Set Test Variable" library="BuiltIn">
<arg>${INVOICE_ID}</arg>
<arg>${invoice_id}</arg>
<doc>Makes a variable available everywhere within the scope of the current test.</doc>
<msg timestamp="20250411 10:05:27.743" level="INFO">${INVOICE_ID} = 1000003988</msg>
<status status="PASS" starttime="20250411 10:05:27.743" endtime="20250411 10:05:27.744"/>
</kw>
<status status="PASS" starttime="20250411 10:05:27.339" endtime="20250411 10:05:27.744"/>
</kw>
<kw name="Then Mã trạng thái phải là 200" library="ResponseHelper" sourcename="Mã trạng thái phải là ${expected_status_code}">
<kw name="Status Should Be" library="ResponseHelper">
<arg>${expected_status_code}</arg>
<arg>${RESPONSE}</arg>
<kw name="Should Be Equal As Strings" library="BuiltIn">
<arg>${response.status_code}</arg>
<arg>${expected_status}</arg>
<doc>Fails if objects are unequal after converting them to strings.</doc>
<msg timestamp="20250411 10:05:27.750" level="INFO">Argument types are:
&lt;class 'int'&gt;
&lt;class 'str'&gt;</msg>
<status status="PASS" starttime="20250411 10:05:27.746" endtime="20250411 10:05:27.750"/>
</kw>
<status status="PASS" starttime="20250411 10:05:27.745" endtime="20250411 10:05:27.750"/>
</kw>
<status status="PASS" starttime="20250411 10:05:27.744" endtime="20250411 10:05:27.750"/>
</kw>
<kw name="And Tồn kho sản phẩm ${product_id} đã giảm 100.555 đơn vị" library="InventoryUpdateKeywords" sourcename="Tồn kho sản phẩm ${product_id} đã giảm ${quantity} đơn vị">
<kw name="Wait Until Keyword Succeeds" library="BuiltIn">
<arg>3x</arg>
<arg>5s</arg>
<arg>Xác Thực Số Lượng Tồn Kho Giảm ${quantity} Đơn Vị</arg>
<arg>${product_id}</arg>
<doc>Runs the specified keyword and retries if it fails.</doc>
<kw name="Xác Thực Số Lượng Tồn Kho Giảm ${quantity} Đơn Vị" library="InventoryUpdateKeywords" sourcename="Xác Thực Số Lượng Tồn Kho Giảm ${quantity} Đơn Vị">
<arg>${product_id}</arg>
<kw name="Set Variable" library="BuiltIn">
<var>${query}</var>
<arg>SELECT BranchId, ProductId, OnHand FROM ProductBranch WHERE ProductId = ? AND BranchId = ?</arg>
<doc>Returns the given values which can then be assigned to a variables.</doc>
<msg timestamp="20250411 10:05:27.754" level="INFO">${query} = SELECT BranchId, ProductId, OnHand FROM ProductBranch WHERE ProductId = ? AND BranchId = ?</msg>
<status status="PASS" starttime="20250411 10:05:27.753" endtime="20250411 10:05:27.754"/>
</kw>
<kw name="Fetch One" library="DatabaseLibrary">
<var>${result}</var>
<arg>${query}</arg>
<arg>${product_id}</arg>
<arg>${BRANCH_ID}</arg>
<msg timestamp="20250411 10:05:27.772" level="INFO">${result} = (1000000025, 1000014177, -201.11)</msg>
<status status="PASS" starttime="20250411 10:05:27.754" endtime="20250411 10:05:27.772"/>
</kw>
<kw name="Should Not Be Equal" library="BuiltIn">
<arg>${result}</arg>
<arg>None</arg>
<arg>Không tìm thấy thông tin tồn kho</arg>
<doc>Fails if the given objects are equal.</doc>
<msg timestamp="20250411 10:05:27.772" level="INFO">Argument types are:
&lt;class 'pyodbc.Row'&gt;
&lt;class 'str'&gt;</msg>
<status status="PASS" starttime="20250411 10:05:27.772" endtime="20250411 10:05:27.772"/>
</kw>
<kw name="Set Variable" library="BuiltIn">
<var>${new_onhand}</var>
<arg>${result[2]}</arg>
<doc>Returns the given values which can then be assigned to a variables.</doc>
<msg timestamp="20250411 10:05:27.774" level="INFO">${new_onhand} = -201.11</msg>
<status status="PASS" starttime="20250411 10:05:27.772" endtime="20250411 10:05:27.774"/>
</kw>
<kw name="Evaluate" library="BuiltIn">
<var>${expected_onhand}</var>
<arg>${INITIAL_ONHAND} - ${quantity}</arg>
<doc>Evaluates the given expression in Python and returns the result.</doc>
<msg timestamp="20250411 10:05:27.775" level="INFO">${expected_onhand} = -301.665</msg>
<status status="PASS" starttime="20250411 10:05:27.774" endtime="20250411 10:05:27.775"/>
</kw>
<kw name="Should Be Equal As Numbers" library="BuiltIn">
<arg>${new_onhand}</arg>
<arg>${expected_onhand}</arg>
<arg>Số lượng tồn kho không giảm đúng</arg>
<doc>Fails if objects are unequal after converting them to real numbers.</doc>
<msg timestamp="20250411 10:05:27.775" level="FAIL">Số lượng tồn kho không giảm đúng: -201.11 != -301.665</msg>
<status status="FAIL" starttime="20250411 10:05:27.775" endtime="20250411 10:05:27.775"/>
</kw>
<status status="FAIL" starttime="20250411 10:05:27.752" endtime="20250411 10:05:27.775"/>
</kw>
<kw name="Xác Thực Số Lượng Tồn Kho Giảm ${quantity} Đơn Vị" library="InventoryUpdateKeywords" sourcename="Xác Thực Số Lượng Tồn Kho Giảm ${quantity} Đơn Vị">
<arg>${product_id}</arg>
<kw name="Set Variable" library="BuiltIn">
<var>${query}</var>
<arg>SELECT BranchId, ProductId, OnHand FROM ProductBranch WHERE ProductId = ? AND BranchId = ?</arg>
<doc>Returns the given values which can then be assigned to a variables.</doc>
<msg timestamp="20250411 10:05:32.787" level="INFO">${query} = SELECT BranchId, ProductId, OnHand FROM ProductBranch WHERE ProductId = ? AND BranchId = ?</msg>
<status status="PASS" starttime="20250411 10:05:32.786" endtime="20250411 10:05:32.787"/>
</kw>
<kw name="Fetch One" library="DatabaseLibrary">
<var>${result}</var>
<arg>${query}</arg>
<arg>${product_id}</arg>
<arg>${BRANCH_ID}</arg>
<msg timestamp="20250411 10:05:32.805" level="INFO">${result} = (1000000025, 1000014177, -301.665)</msg>
<status status="PASS" starttime="20250411 10:05:32.788" endtime="20250411 10:05:32.805"/>
</kw>
<kw name="Should Not Be Equal" library="BuiltIn">
<arg>${result}</arg>
<arg>None</arg>
<arg>Không tìm thấy thông tin tồn kho</arg>
<doc>Fails if the given objects are equal.</doc>
<msg timestamp="20250411 10:05:32.805" level="INFO">Argument types are:
&lt;class 'pyodbc.Row'&gt;
&lt;class 'str'&gt;</msg>
<status status="PASS" starttime="20250411 10:05:32.805" endtime="20250411 10:05:32.805"/>
</kw>
<kw name="Set Variable" library="BuiltIn">
<var>${new_onhand}</var>
<arg>${result[2]}</arg>
<doc>Returns the given values which can then be assigned to a variables.</doc>
<msg timestamp="20250411 10:05:32.807" level="INFO">${new_onhand} = -301.665</msg>
<status status="PASS" starttime="20250411 10:05:32.805" endtime="20250411 10:05:32.807"/>
</kw>
<kw name="Evaluate" library="BuiltIn">
<var>${expected_onhand}</var>
<arg>${INITIAL_ONHAND} - ${quantity}</arg>
<doc>Evaluates the given expression in Python and returns the result.</doc>
<msg timestamp="20250411 10:05:32.808" level="INFO">${expected_onhand} = -301.665</msg>
<status status="PASS" starttime="20250411 10:05:32.807" endtime="20250411 10:05:32.808"/>
</kw>
<kw name="Should Be Equal As Numbers" library="BuiltIn">
<arg>${new_onhand}</arg>
<arg>${expected_onhand}</arg>
<arg>Số lượng tồn kho không giảm đúng</arg>
<doc>Fails if objects are unequal after converting them to real numbers.</doc>
<status status="PASS" starttime="20250411 10:05:32.808" endtime="20250411 10:05:32.808"/>
</kw>
<status status="PASS" starttime="20250411 10:05:32.784" endtime="20250411 10:05:32.808"/>
</kw>
<status status="PASS" starttime="20250411 10:05:27.752" endtime="20250411 10:05:32.808"/>
</kw>
<status status="PASS" starttime="20250411 10:05:27.751" endtime="20250411 10:05:32.808"/>
</kw>
<kw name="And Lịch sử tồn kho được tạo với số lượng 100.555 đơn vị cho sản phẩm ${product_id}" library="InventoryUpdateKeywords" sourcename="Lịch sử tồn kho được tạo với số lượng ${quantity} đơn vị cho sản phẩm ${product_id}">
<kw name="Wait Until Keyword Succeeds" library="BuiltIn">
<arg>3x</arg>
<arg>5s</arg>
<arg>Xác Thực Lịch Sử Tồn Kho Hóa Đơn Với ${quantity} Đơn Vị Của ${product_id}</arg>
<doc>Runs the specified keyword and retries if it fails.</doc>
<kw name="Xác Thực Lịch Sử Tồn Kho Hóa Đơn Với ${quantity} Đơn Vị Của ${product_id}" library="InventoryUpdateKeywords" sourcename="Xác Thực Lịch Sử Tồn Kho Hóa Đơn Với ${quantity} Đơn Vị Của ${product_id}">
<kw name="Set Variable" library="BuiltIn">
<var>${query}</var>
<arg>SELECT DocumentId, DocumentType, ProductId, Quantity FROM InventoryTracking WHERE DocumentId = ? AND ProductId = ? AND DocumentType = 1</arg>
<doc>Returns the given values which can then be assigned to a variables.</doc>
<msg timestamp="20250411 10:05:32.810" level="INFO">${query} = SELECT DocumentId, DocumentType, ProductId, Quantity FROM InventoryTracking WHERE DocumentId = ? AND ProductId = ? AND DocumentType = 1</msg>
<status status="PASS" starttime="20250411 10:05:32.810" endtime="20250411 10:05:32.810"/>
</kw>
<kw name="Fetch One" library="DatabaseLibrary">
<var>${result}</var>
<arg>${query}</arg>
<arg>${INVOICE_ID}</arg>
<arg>${product_id}</arg>
<msg timestamp="20250411 10:05:32.827" level="INFO">${result} = (1000003988, 1, 1000014177, -100.555)</msg>
<status status="PASS" starttime="20250411 10:05:32.811" endtime="20250411 10:05:32.827"/>
</kw>
<kw name="Should Not Be Equal" library="BuiltIn">
<arg>${result}</arg>
<arg>None</arg>
<arg>Không tìm thấy lịch sử tồn kho</arg>
<doc>Fails if the given objects are equal.</doc>
<msg timestamp="20250411 10:05:32.829" level="INFO">Argument types are:
&lt;class 'pyodbc.Row'&gt;
&lt;class 'str'&gt;</msg>
<status status="PASS" starttime="20250411 10:05:32.828" endtime="20250411 10:05:32.829"/>
</kw>
<kw name="Should Be Equal As Numbers" library="BuiltIn">
<arg>${result[0]}</arg>
<arg>${INVOICE_ID}</arg>
<arg>ID hóa đơn không khớp</arg>
<doc>Fails if objects are unequal after converting them to real numbers.</doc>
<status status="PASS" starttime="20250411 10:05:32.830" endtime="20250411 10:05:32.836"/>
</kw>
<kw name="Should Be Equal As Numbers" library="BuiltIn">
<arg>${result[2]}</arg>
<arg>${product_id}</arg>
<arg>ID sản phẩm không khớp</arg>
<doc>Fails if objects are unequal after converting them to real numbers.</doc>
<status status="PASS" starttime="20250411 10:05:32.836" endtime="20250411 10:05:32.838"/>
</kw>
<kw name="Evaluate" library="BuiltIn">
<var>${expected_value}</var>
<arg>-${quantity}</arg>
<doc>Evaluates the given expression in Python and returns the result.</doc>
<msg timestamp="20250411 10:05:32.838" level="INFO">${expected_value} = -100.555</msg>
<status status="PASS" starttime="20250411 10:05:32.838" endtime="20250411 10:05:32.838"/>
</kw>
<kw name="Should Be Equal As Numbers" library="BuiltIn">
<arg>${result[3]}</arg>
<arg>${expected_value}</arg>
<arg>Giá trị thay đổi tồn kho không khớp</arg>
<doc>Fails if objects are unequal after converting them to real numbers.</doc>
<status status="PASS" starttime="20250411 10:05:32.839" endtime="20250411 10:05:32.840"/>
</kw>
<status status="PASS" starttime="20250411 10:05:32.810" endtime="20250411 10:05:32.840"/>
</kw>
<status status="PASS" starttime="20250411 10:05:32.809" endtime="20250411 10:05:32.840"/>
</kw>
[...]
 </msg>
<msg timestamp="20250411 10:05:56.057" level="INFO">${response} = &lt;Response [200]&gt;</msg>
<status status="PASS" starttime="20250411 10:05:55.564" endtime="20250411 10:05:56.057"/>
</kw>
<return>
<value>${response}</value>
<status status="PASS" starttime="20250411 10:05:56.057" endtime="20250411 10:05:56.057"/>
</return>
<msg timestamp="20250411 10:05:56.058" level="INFO">${response} = &lt;Response [200]&gt;</msg>
<status status="PASS" starttime="20250411 10:05:55.562" endtime="20250411 10:05:56.058"/>
</kw>
<return>
<value>${response}</value>
<status status="PASS" starttime="20250411 10:05:56.058" endtime="20250411 10:05:56.059"/>
</return>
<msg timestamp="20250411 10:05:56.059" level="INFO">${response} = &lt;Response [200]&gt;</msg>
<status status="PASS" starttime="20250411 10:05:55.560" endtime="20250411 10:05:56.059"/>
</kw>
<kw name="Set Test Variable" library="BuiltIn">
<arg>${RESPONSE}</arg>
<arg>${response}</arg>
<doc>Makes a variable available everywhere within the scope of the current test.</doc>
<msg timestamp="20250411 10:05:56.061" level="INFO">${RESPONSE} = &lt;Response [200]&gt;</msg>
<status status="PASS" starttime="20250411 10:05:56.060" endtime="20250411 10:05:56.061"/>
</kw>
<kw name="Set Variable If" library="BuiltIn">
<var>${invoice_id}</var>
<arg>${RESPONSE.status_code} == 200</arg>
<arg>${RESPONSE.json()["Id"]}</arg>
<arg>0</arg>
<doc>Sets variable based on the given condition.</doc>
<msg timestamp="20250411 10:05:56.074" level="INFO">${invoice_id} = 1000003993</msg>
<status status="PASS" starttime="20250411 10:05:56.062" endtime="20250411 10:05:56.074"/>
</kw>
<kw name="Set Test Variable" library="BuiltIn">
<arg>${INVOICE_ID}</arg>
<arg>${invoice_id}</arg>
<doc>Makes a variable available everywhere within the scope of the current test.</doc>
<msg timestamp="20250411 10:05:56.075" level="INFO">${INVOICE_ID} = 1000003993</msg>
<status status="PASS" starttime="20250411 10:05:56.074" endtime="20250411 10:05:56.075"/>
</kw>
<status status="PASS" starttime="20250411 10:05:55.560" endtime="20250411 10:05:56.075"/>
</kw>
<kw name="Then Mã trạng thái phải là 200" library="ResponseHelper" sourcename="Mã trạng thái phải là ${expected_status_code}">
<kw name="Status Should Be" library="ResponseHelper">
<arg>${expected_status_code}</arg>
<arg>${RESPONSE}</arg>
<kw name="Should Be Equal As Strings" library="BuiltIn">
<arg>${response.status_code}</arg>
<arg>${expected_status}</arg>
<doc>Fails if objects are unequal after converting them to strings.</doc>
<msg timestamp="20250411 10:05:56.082" level="INFO">Argument types are:
&lt;class 'int'&gt;
&lt;class 'str'&gt;</msg>
<status status="PASS" starttime="20250411 10:05:56.078" endtime="20250411 10:05:56.082"/>
</kw>
<status status="PASS" starttime="20250411 10:05:56.077" endtime="20250411 10:05:56.082"/>
</kw>
<status status="PASS" starttime="20250411 10:05:56.076" endtime="20250411 10:05:56.082"/>
</kw>
<kw name="And Số lượng lô ${product_batch_id} đã giảm 1.5 đơn vị" library="InventoryUpdateKeywords" sourcename="Số lượng lô ${batch_id} đã giảm ${quantity} đơn vị">
<kw name="Wait Until Keyword Succeeds" library="BuiltIn">
<arg>3x</arg>
<arg>5s</arg>
<arg>Xác Thực Cập Nhật Số Lượng Lô</arg>
<arg>${batch_id}</arg>
<arg>${quantity}</arg>
<doc>Runs the specified keyword and retries if it fails.</doc>
<kw name="Xác Thực Cập Nhật Số Lượng Lô" library="InventoryUpdateKeywords">
<arg>${batch_id}</arg>
<arg>${quantity}</arg>
<kw name="Set Variable" library="BuiltIn">
<var>${query}</var>
<arg>SELECT ProductBatchExpireId, Quantity FROM BatchExpireTracking WHERE DocumentId = ? AND ProductBatchExpireId = ? AND DocumentType = 1</arg>
<doc>Returns the given values which can then be assigned to a variables.</doc>
<msg timestamp="20250411 10:05:56.086" level="INFO">${query} = SELECT ProductBatchExpireId, Quantity FROM BatchExpireTracking WHERE DocumentId = ? AND ProductBatchExpireId = ? AND DocumentType = 1</msg>
<status status="PASS" starttime="20250411 10:05:56.086" endtime="20250411 10:05:56.086"/>
</kw>
<kw name="Fetch One" library="DatabaseLibrary">
<var>${result}</var>
<arg>${query}</arg>
<arg>${INVOICE_ID}</arg>
<arg>${batch_id}</arg>
<msg timestamp="20250411 10:05:56.125" level="INFO">${result} = (1000000210, -1.5)</msg>
<status status="PASS" starttime="20250411 10:05:56.087" endtime="20250411 10:05:56.125"/>
</kw>
<kw name="Should Not Be Equal" library="BuiltIn">
<arg>${result}</arg>
<arg>None</arg>
<arg>Không tìm thấy lịch sử lô</arg>
<doc>Fails if the given objects are equal.</doc>
<msg timestamp="20250411 10:05:56.126" level="INFO">Argument types are:
&lt;class 'pyodbc.Row'&gt;
&lt;class 'str'&gt;</msg>
<status status="PASS" starttime="20250411 10:05:56.125" endtime="20250411 10:05:56.126"/>
</kw>
<kw name="Should Be Equal As Numbers" library="BuiltIn">
<arg>${result[0]}</arg>
<arg>${batch_id}</arg>
<arg>ID lô không khớp</arg>
<doc>Fails if objects are unequal after converting them to real numbers.</doc>
<status status="PASS" starttime="20250411 10:05:56.126" endtime="20250411 10:05:56.128"/>
</kw>
<kw name="Evaluate" library="BuiltIn">
<var>${expected_value}</var>
<arg>-${quantity}</arg>
<doc>Evaluates the given expression in Python and returns the result.</doc>
<msg timestamp="20250411 10:05:56.128" level="INFO">${expected_value} = -1.5</msg>
<status status="PASS" starttime="20250411 10:05:56.128" endtime="20250411 10:05:56.128"/>
</kw>
<kw name="Should Be Equal As Numbers" library="BuiltIn">
<arg>${result[1]}</arg>
<arg>${expected_value}</arg>
<arg>Giá trị thay đổi số lượng lô không khớp</arg>
<doc>Fails if objects are unequal after converting them to real numbers.</doc>
<status status="PASS" starttime="20250411 10:05:56.128" endtime="20250411 10:05:56.130"/>
</kw>
<status status="PASS" starttime="20250411 10:05:56.085" endtime="20250411 10:05:56.130"/>
</kw>
<status status="PASS" starttime="20250411 10:05:56.085" endtime="20250411 10:05:56.130"/>
</kw>
<status status="PASS" starttime="20250411 10:05:56.084" endtime="20250411 10:05:56.130"/>
</kw>
<kw name="Tear down Delete Hóa Đơn" library="InventoryUpdateKeywords">
<kw name="Delete Data" library="Utilities">
<arg>/invoices/${INVOICE_ID}?IsVoidPayment=true</arg>
<kw name="Create Auth Headers" library="Utilities">
<var>${headers}</var>
<arg>${token}</arg>
<kw name="Create Dictionary" library="BuiltIn">
<var>${headers}</var>
<arg>Authorization=Bearer ${token}</arg>
<arg>Content-Type=application/json</arg>
<arg>Retailer=${RETAILER_CODE}</arg>
<doc>Creates and returns a dictionary based on the given ``items``.</doc>
<msg timestamp="20250411 10:05:56.133" level="INFO">${headers} = {'Authorization': 'Bearer eyJ0eXAiOiJKV1QiLCJhbGciOiJSUzI1NiIsImtpZCI6InNCeCJ9.eyJpc3MiOiJrdnNzand0Iiwic3ViIjoxMDAwMDAwNDY3LCJpYXQiOjE3NDM1Nzg4ODMsImV4cCI6MTc0NTk5ODA4MywicHJlZmVycmVkX3VzZXJuYW1lIjoiY...</msg>
<status status="PASS" starttime="20250411 10:05:56.132" endtime="20250411 10:05:56.133"/>
</kw>
<return>
<value>${headers}</value>
<status status="PASS" starttime="20250411 10:05:56.133" endtime="20250411 10:05:56.133"/>
</return>
<msg timestamp="20250411 10:05:56.133" level="INFO">${headers} = {'Authorization': 'Bearer eyJ0eXAiOiJKV1QiLCJhbGciOiJSUzI1NiIsImtpZCI6InNCeCJ9.eyJpc3MiOiJrdnNzand0Iiwic3ViIjoxMDAwMDAwNDY3LCJpYXQiOjE3NDM1Nzg4ODMsImV4cCI6MTc0NTk5ODA4MywicHJlZmVycmVkX3VzZXJuYW1lIjoiY...</msg>
<status status="PASS" starttime="20250411 10:05:56.132" endtime="20250411 10:05:56.133"/>
</kw>
<kw name="Delete" library="RequestHelper">
<var>${response}</var>
<arg>${API_URL}${endpoint}</arg>
<arg>headers=${headers}</arg>
<kw name="Run Keyword If" library="BuiltIn">
<var>${headers}</var>
<arg>${headers} == ${None}</arg>
<arg>Create Dictionary</arg>
<arg>Content-Type=application/json</arg>
<arg>ELSE</arg>
<arg>Set Variable</arg>
<arg>${headers}</arg>
<doc>Runs the given keyword with the given arguments, if ``condition`` is true.</doc>
<kw name="Set Variable" library="BuiltIn">
<arg>${headers}</arg>
<doc>Returns the given values which can then be assigned to a variables.</doc>
<status status="PASS" starttime="20250411 10:05:56.134" endtime="20250411 10:05:56.134"/>
</kw>
<msg timestamp="20250411 10:05:56.134" level="INFO">${headers} = {'Authorization': 'Bearer eyJ0eXAiOiJKV1QiLCJhbGciOiJSUzI1NiIsImtpZCI6InNCeCJ9.eyJpc3MiOiJrdnNzand0Iiwic3ViIjoxMDAwMDAwNDY3LCJpYXQiOjE3NDM1Nzg4ODMsImV4cCI6MTc0NTk5ODA4MywicHJlZmVycmVkX3VzZXJuYW1lIjoiY...</msg>
<status status="PASS" starttime="20250411 10:05:56.133" endtime="20250411 10:05:56.134"/>
</kw>
<kw name="Create Session" library="RequestsLibrary">
<arg>kvpos</arg>
<arg>${url}</arg>
<arg>verify=True</arg>
<doc>Create Session: create a HTTP session to a server</doc>
<msg timestamp="20250411 10:05:56.134" level="INFO">Creating Session using : alias=kvpos, url=https://api-sale.kvpos.com/api//invoices/1000003993?IsVoidPayment=true, headers={},                     cookies={}, auth=None, timeout=None, proxies=None, verify=True,                     debug=0 </msg>
<status status="PASS" starttime="20250411 10:05:56.134" endtime="20250411 10:05:56.135"/>
</kw>
<kw name="DELETE On Session" library="RequestsLibrary">
<var>${response}</var>
<arg>kvpos</arg>
<arg>${url}</arg>
<arg>headers=${headers}</arg>
<arg>expected_status=anything</arg>
<doc>Sends a DELETE request on a previously created HTTP Session.</doc>
<msg timestamp="20250411 10:05:56.367" level="INFO">DELETE Request : url=https://api-sale.kvpos.com/api//invoices/1000003993?IsVoidPayment=true 
 path_url=/api//invoices/1000003993?IsVoidPayment=true 
 headers={'User-Agent': 'python-requests/2.31.0', 'Accept-Encoding': 'gzip, deflate', 'Accept': '*/*', 'Connection': 'keep-alive', 'Authorization': 'Bearer eyJ0eXAiOiJKV1QiLCJhbGciOiJSUzI1NiIsImtpZCI6InNCeCJ9.eyJpc3MiOiJrdnNzand0Iiwic3ViIjoxMDAwMDAwNDY3LCJpYXQiOjE3NDM1Nzg4ODMsImV4cCI6MTc0NTk5ODA4MywicHJlZmVycmVkX3VzZXJuYW1lIjoiYWRtaW4iLCJyb2xlcyI6WyJVc2VyIl0sImt2c291cmNlIjoiUmV0YWlsIiwia3Z1c2V0ZmEiOjAsImt2d2FpdG90cCI6MCwia3ZzZXMiOiJlZWYxYzc5NTAxOTQ0ZjI3YWYxZTA4NjFhZGJkMWNiNiIsImt2dWlkIjoxMDAwMDAwNDY3LCJrdmxhbmciOiJ2aS1WTiIsImt2dXR5cGUiOjAsImt2dWxpbWl0IjoiRmFsc2UiLCJrdnVhZG1pbiI6IlRydWUiLCJrdnVhY3QiOiJUcnVlIiwia3Z1bGltaXR0cmFucyI6IkZhbHNlIiwia3Z1c2hvd3N1bSI6IlRydWUiLCJrdmJpIjoiVHJ1ZSIsImt2Y3R5cGUiOjMsInVzZUJJIjp7IkN1c3RvbWVyQklSZXBvcnRfUmVhZCI6W10sIlNhbGVCSVJlcG9ydF9SZWFkIjpbXSwiUHJvZHVjdEJJUmVwb3J0X1JlYWQiOltdLCJGaW5hbmNlQklSZXBvcnRfUmVhZCI6W119LCJrdmJpZCI6MTAwMDAwMDAyNSwia3ZyaW5kaWQiOjgsImt2cmNvZGUiOiJhdXRvYXBpIiwia3ZyaWQiOjE5ODA5LCJrdnVyaWQiOjE5ODA5LCJrdnJnaWQiOjMsInBlcm1zIjoiIn0.AjzPUGTYpF3T_blCyaggs1UDzi-AFT2F42umBvSlhCCGAjcc5Y_rj0CaO3qqqx39URrtNlZmSy2_oWmsIsf0Bi51BCNRlgiguV8EALwb7mooanPWqf2RU_pZrlJCk5eRKuE4ZbOlrNpxZL7_G9SN4P3nLYGzT6uK0jyTKgKZmBbEPcN-y4Rrhs-tpLOgNcICALtyhgpfuiFFJS2d_Rd-x9CTGczIrWp_zAbowJ3sN60z_tMycy-o0SK0SF-wFAInSgDsdLzpJH9wtKQu44yDKFbXvZHi4lEHalGMoSWc8c0tcolOgB7CFBYuW55mXnK_nvVCmMZrjAqz8bxildJgwQ', 'Content-Type': 'application/json', 'Retailer': 'autoapi', 'Content-Length': '0'} 
 body=None 
 </msg>
<msg timestamp="20250411 10:05:56.367" level="INFO">DELETE Response : url=https://api-sale.kvpos.com/api//invoices/1000003993?IsVoidPayment=true 
 status=200, reason=OK 
 headers={'cache-control': 'private', 'content-type': 'application/json; charset=utf-8', 'vary': 'Accept', 'isusekvclient': 'True', 'isusespa': 'false', 'gatewaynodes': 'https://api-sd.kvpos.com', 'retailer-pos-version': '1.0.70', 'fb-pos-version': '', 'kv.app': 'RetailApp 1.22.0410.00', '__revision': '20250411095837', 'kv.gitcommit': '3a50908a', 'kv.gittag': '', 'retailer': 'autoapi', 'zone': '3', 'retailerindustryid': '8', 'kv.requestid': '5f7cb46bbe6e49a4ad147d3f4ad5ae99', 'set-cookie': 'ss-id=ah8MfwZJFr2iNImmSgf6; path=/; HttpOnly, ss-pid=VzLdE7jXTnbyjluvehJY; expires=Tue, 11-Apr-2045 03:05:56 GMT; path=/; HttpOnly', 'access-control-allow-headers': 'retailerCode, retailerId, X-Request-Id, Origin,X-Requested-With,Referer,User-Agent,Content-Type,Accept,Authorization,Retailer,BranchId,Retailer-POS-Version,Zone,fingerprintkey,x-group-id,x-retailer-code,IsUseKvClient,latestbranchid,warehouseid, X-TimeZone,X-Language', 'access-control-allow-methods': 'GET, POST, PUT, DELETE, PATCH, OPTIONS', 'access-control-expose-headers': 'Retailer-POS-Version', 'access-control-allow-origin': '*', 'access-control-allow-credentials': 'true', 'date': 'Fri, 11 Apr 2025 03:05:56 GMT', 'content-length': '1723'} 
 body={"Id":1000003993,"PurchaseDate":"2025-04-11T10:05:55.9730000+07:00","CreatedDate":"2025-04-11T10:05:55.9870000+07:00","ModifiedDate":"2025-04-11T10:05:56.4225907+07:00","CreatedBy":1000000467,"ModifiedBy":1000000467,"RetailerId":19809,"Code":"HD000889","Status":2,"BranchId":1000000025,"SoldById":1000000467,"Total":150000.0000,"TotalPayment":0.0000,"TotalPaymentOld":0.0000,"TotalOther":0.0000,"Debt":150000.0000,"UsingCod":0,"Surcharge":0.0000,"Point":0,"NewInvoiceTotal":150000.0000,"PayingAmount":0.0000,"Payments":[],"Returns":[],"InvoiceDeliveries":[],"InvoiceOrderSurcharges":[],"Returns1":[],"InvoiceDetails":[],"InvoicePromotions":[],"InvoiceVouchers":[],"DeliveryPackages":[],"DeliveryPayments":[],"DeliveryInfoes":[],"InvoiceDeliveryTrackings":[],"InvoiceWarranties":[],"ShippingTaskOrderDetails":[],"CouponUsageTrackings":[],"EInvoices":[],"InvoiceMappingOnlines":[],"IdOld":0,"CustomerName":"","CustomerEmail":"","CustomerContactNumber":"","CustomerAddress":"","CustomerLocationName":"","CustomerWardName":"","SoldByGivenName":"","CreatedByGivenName":"","OrderCode":"","CustomerPoint":0,"CustomerOldPoint":0,"CustomerCode":"","HasPaymentVoucher":false,"PaidAmount":0.0000,"PaymentId":0,"PaymentMethod":"","StatusValue":"Đã hủy","SubTotal":150000.0000,"TotalQuantity":0,"HasLotSerialControl":false,"CompareSoldById":1000000467,"ComparePurchaseDate":"2025-04-11T10:05:55.9730000+07:00","CompareStatus":2,"SaleChannelName":"","IsUpdateSoldBy":false,"UpdateInvoiceId":0,"UpdateReturnId":0,"IsChangeNormalToShippingDelivery":false,"CrudGuid":"00000000000000000000000000000000","OrderStatus":0,"IsHavePurchasePayment":false,"SupplierSubTotal":0,"EventId":0,"EventAction":0,"RetryCount":0,"DocumentTypeByEvent":0} 
 </msg>
<msg timestamp="20250411 10:05:56.368" level="INFO">${response} = &lt;Response [200]&gt;</msg>
<status status="PASS" starttime="20250411 10:05:56.135" endtime="20250411 10:05:56.368"/>
</kw>
<return>
<value>${response}</value>
<status status="PASS" starttime="20250411 10:05:56.368" endtime="20250411 10:05:56.368"/>
</return>
<msg timestamp="20250411 10:05:56.369" level="INFO">${response} = &lt;Response [200]&gt;</msg>
<status status="PASS" starttime="20250411 10:05:56.133" endtime="20250411 10:05:56.369"/>
</kw>
<return>
<value>${response}</value>
<status status="PASS" starttime="20250411 10:05:56.369" endtime="20250411 10:05:56.369"/>
</return>
<status status="PASS" starttime="20250411 10:05:56.131" endtime="20250411 10:05:56.370"/>
</kw>
<status status="PASS" starttime="20250411 10:05:56.131" endtime="20250411 10:05:56.370"/>
</kw>
<doc>Kiểm tra cập nhật tồn kho khi tạo hóa đơn với sản phẩm theo lô
- Dữ liệu đầu vào:
- Sản phẩm ID=1000016309, Số lượng=1, Giá=100,000đ, BatchId=1000000206, BatchName=LOT001
- Logic xử lý: BatchExpireService.UpdateBatchQuantity()
- Code: batch.Quantity -= invoiceDetail.Quantity
- Kỳ vọng:
- Status code: 200
- Số lượng lô giảm 1 đơn vị
- Lịch sử lô được ghi nhận với DocumentType=Invoice, Value=-1</doc>
<status status="PASS" starttime="20250411 10:05:55.426" endtime="20250411 10:05:56.372"/>
</test>
<doc>Test cases API cho phần cập nhật tồn kho khi tạo hóa đơn</doc>
<status status="FAIL" starttime="20250411 10:05:20.948" endtime="20250411 10:05:56.377"/>
</suite>
<statistics>
<total>
<stat pass="7" fail="1" skip="0">All Tests</stat>
</total>
<tag>
</tag>
<suite>
<stat pass="7" fail="1" skip="0" id="s1" name="InventoryUpdateTest">InventoryUpdateTest</stat>
</suite>
</statistics>
<errors>
<msg timestamp="20250411 10:05:21.175" level="ERROR">Error in file 'E:\automation_api\retail-automation-test-v2\TestData\Invoice\InventoryUpdateData.robot' on line 23: Setting variable '&amp;{COMBO_PRODUCT_DETAIL}' failed: Variable '${COMBO_PRODUCT_ID}' not found. Did you mean:
    ${COMBO_PRODUCT_1_ID}</msg>
<msg timestamp="20250411 10:05:21.182" level="ERROR">Error in file 'E:\automation_api\retail-automation-test-v2\TestData\Invoice\InventoryUpdateData.robot' on line 47: Setting variable '&amp;{CONVERSION_PRODUCT_DETAIL}' failed: Variable '${PRODUCT_CODE_1}' not found. Did you mean:
    ${PRODUCT_1_CODE}
    ${PRODUCT_CODE_QD}
    ${PRODUCT_CODE_AM}</msg>
<msg timestamp="20250411 10:05:21.191" level="ERROR">Error in file 'E:\automation_api\retail-automation-test-v2\TestData\Invoice\InventoryUpdateData.robot' on line 6: Setting variable '${INVENTORY_UPDATE_STANDARD_DATA}' failed: Variable '${PRODUCT_CODE_1}' not found. Did you mean:
    ${PRODUCT_1_CODE}
    ${PRODUCT_CODE_QD}
    ${PRODUCT_CODE_AM}</msg>
<msg timestamp="20250411 10:05:21.227" level="ERROR">Error in file 'E:\automation_api\retail-automation-test-v2\TestData\Invoice\InventoryUpdateData.robot' on line 16: Setting variable '&amp;{LARGE_QUANTITY_PRODUCT_DETAIL}' failed: Variable '${PRODUCT_CODE_1}' not found. Did you mean:
    ${PRODUCT_1_CODE}
    ${PRODUCT_CODE_QD}
    ${PRODUCT_CODE_AM}</msg>
<msg timestamp="20250411 10:05:21.232" level="ERROR">Error in file 'E:\automation_api\retail-automation-test-v2\TestData\Invoice\InventoryUpdateData.robot' on line 9: Setting variable '&amp;{STANDARD_PRODUCT_DETAIL}' failed: Variable '${PRODUCT_CODE_1}' not found. Did you mean:
    ${PRODUCT_1_CODE}
    ${PRODUCT_CODE_QD}
    ${PRODUCT_CODE_AM}</msg>
<msg timestamp="20250411 10:05:21.235" level="ERROR">Error in file 'E:\automation_api\retail-automation-test-v2\TestData\Invoice\InventoryUpdateData.robot' on line 56: Setting variable '@{MULTIPLE_PRODUCT_DETAILS}' failed: Variable '&amp;{STANDARD_PRODUCT_DETAIL}' not found.</msg>
<msg timestamp="20250411 10:05:21.241" level="ERROR">Error in file 'E:\automation_api\retail-automation-test-v2\TestData\Invoice\InventoryUpdateData.robot' on line 62: Setting variable '${ORDER_TO_INVOICE_DATA}' failed: Variable '${PRODUCT_CODE_1}' not found. Did you mean:
    ${PRODUCT_1_CODE}
    ${PRODUCT_CODE_QD}
    ${PRODUCT_CODE_AM}</msg>
<msg timestamp="20250411 10:05:21.250" level="ERROR">Error in file 'E:\automation_api\retail-automation-test-v2\TestData\Invoice\InventoryUpdateData.robot' on line 30: Setting variable '&amp;{SERIAL_PRODUCT_DETAIL}' failed: Variable '${PRODUCT_CODE_1}' not found. Did you mean:
    ${PRODUCT_1_CODE}
    ${PRODUCT_CODE_QD}
    ${PRODUCT_CODE_AM}</msg>
</errors>
</robot>
