<?xml version="1.0" encoding="UTF-8"?>
<robot generator="Robot 7.2.2 (Python 3.13.1 on win32)" generated="2025-04-16T11:52:33.526405" rpa="false" schemaversion="5">
<suite id="s1" name="GiftProcessingTest" source="D:\AutomationWithAI\retail-automation-test-v2\TestSpecs\API\Invoice\GiftProcessingTest.robot">
<kw name="Suite Setup" type="SETUP">
<kw name="Set Suite Variable" owner="BuiltIn">
<msg time="2025-04-16T11:52:34.256400" level="INFO">${SUITE_NAME} = GiftProcessingTest</msg>
<arg>${SUITE_NAME}</arg>
<arg>GiftProcessingTest</arg>
<doc>Makes a variable available everywhere within the scope of the current suite.</doc>
<status status="PASS" start="2025-04-16T11:52:34.256225" elapsed="0.000228"/>
</kw>
<status status="PASS" start="2025-04-16T11:52:34.255431" elapsed="0.001098"/>
</kw>
<test id="s1-t1" name="RT-GP-001 Tạo hóa đơn thành công với quà tặng sản phẩm" line="17">
<kw name="Given Chuẩn Bị Dữ Liệu Hóa Đơn Khuyến mãi ${PROMOTION_GIFT_ID} Với Quà Tặng Sản Phẩm HTKM04" owner="GiftProcessingKeywords" source_name="Chuẩn Bị Dữ Liệu Hóa Đơn Khuyến mãi ${Id_promotion} Với Quà Tặng Sản Phẩm ${product_code}">
<kw name="Thông Tin Khuyến Mãi Hóa Đơn Tặng" owner="GiftProcessingKeywords">
<kw name="Set Variable" owner="BuiltIn">
<msg time="2025-04-16T11:52:34.259789" level="INFO">${query} = SELECT Id, InvoiceValue, ReceivedQuantity,PrereqQuantity,ReceivedVoucherCampaignIds,GiftPoint FROM SalePromotion WHERE CampaignId = ?</msg>
<var>${query}</var>
<arg>SELECT Id, InvoiceValue, ReceivedQuantity,PrereqQuantity,ReceivedVoucherCampaignIds,GiftPoint FROM SalePromotion WHERE CampaignId = ?</arg>
<doc>Returns the given values which can then be assigned to a variables.</doc>
<status status="PASS" start="2025-04-16T11:52:34.259660" elapsed="0.000155"/>
</kw>
<kw name="Select One Promotion" owner="Databasepromotion">
<msg time="2025-04-16T11:52:34.359435" level="INFO">${result} = (24749, Decimal('1000000.0000'), 3.0, None, None, None)</msg>
<var>${result}</var>
<arg>${query}</arg>
<arg>${Id_promotion}</arg>
<status status="PASS" start="2025-04-16T11:52:34.259929" elapsed="0.099544"/>
</kw>
<return>
<value>${result}</value>
<status status="PASS" start="2025-04-16T11:52:34.359536" elapsed="0.000049"/>
</return>
<msg time="2025-04-16T11:52:34.359714" level="INFO">${info_promotion} = (24749, Decimal('1000000.0000'), 3.0, None, None, None)</msg>
<var>${info_promotion}</var>
<arg>${Id_promotion}</arg>
<status status="PASS" start="2025-04-16T11:52:34.259403" elapsed="0.100332"/>
</kw>
<kw name="Thông tin hàng hóa" owner="GiftProcessingKeywords">
<kw name="Set Variable" owner="BuiltIn">
<msg time="2025-04-16T11:52:34.360286" level="INFO">${query} = SELECT Id, Name, BasePrice FROM Product WHERE Code = ?</msg>
<var>${query}</var>
<arg>SELECT Id, Name, BasePrice FROM Product WHERE Code = ?</arg>
<doc>Returns the given values which can then be assigned to a variables.</doc>
<status status="PASS" start="2025-04-16T11:52:34.360180" elapsed="0.000128"/>
</kw>
<kw name="Fetch One" owner="DatabaseLibrary">
<msg time="2025-04-16T11:52:34.417997" level="INFO">${result} = (1000015931, 'Hàng KM theo phạm vi 4', Decimal('530000.0000'))</msg>
<var>${result}</var>
<arg>${query}</arg>
<arg>${product_code}</arg>
<status status="PASS" start="2025-04-16T11:52:34.360410" elapsed="0.057627"/>
</kw>
<return>
<value>${result}</value>
<status status="PASS" start="2025-04-16T11:52:34.418099" elapsed="0.000045"/>
</return>
<msg time="2025-04-16T11:52:34.418262" level="INFO">${info_product} = (1000015931, 'Hàng KM theo phạm vi 4', Decimal('530000.0000'))</msg>
<var>${info_product}</var>
<arg>${product_code}</arg>
<status status="PASS" start="2025-04-16T11:52:34.359910" elapsed="0.058374"/>
</kw>
<kw name="Deep Copy" owner="DataUtilities">
<kw name="Evaluate" owner="BuiltIn">
<msg time="2025-04-16T11:52:34.419308" level="INFO">${json_data} = {"Invoice": {"BranchId": "1000000025", "RetailerId": "19809", "UpdateInvoiceId": "0", "UpdateReturnId": "0", "IsChangeNormalToShippingDelivery": false, "SoldById": "1000000467", "SoldBy": {"CreatedBy"...</msg>
<var>${json_data}</var>
<arg>json.dumps(${data})</arg>
<arg>json</arg>
<doc>Evaluates the given expression in Python and returns the result.</doc>
<status status="PASS" start="2025-04-16T11:52:34.418808" elapsed="0.000524"/>
</kw>
<kw name="Evaluate" owner="BuiltIn">
<msg time="2025-04-16T11:52:34.419694" level="INFO">${copied_data} = {'Invoice': {'BranchId': '1000000025', 'RetailerId': '19809', 'UpdateInvoiceId': '0', 'UpdateReturnId': '0', 'IsChangeNormalToShippingDelivery': False, 'SoldById': '1000000467', 'SoldBy': {'CreatedBy'...</msg>
<var>${copied_data}</var>
<arg>json.loads($json_data)</arg>
<arg>json</arg>
<doc>Evaluates the given expression in Python and returns the result.</doc>
<status status="PASS" start="2025-04-16T11:52:34.419447" elapsed="0.000272"/>
</kw>
<return>
<value>${copied_data}</value>
<status status="PASS" start="2025-04-16T11:52:34.419760" elapsed="0.000022"/>
</return>
<msg time="2025-04-16T11:52:34.419887" level="INFO">${request} = {'Invoice': {'BranchId': '1000000025', 'RetailerId': '19809', 'UpdateInvoiceId': '0', 'UpdateReturnId': '0', 'IsChangeNormalToShippingDelivery': False, 'SoldById': '1000000467', 'SoldBy': {'CreatedBy'...</msg>
<var>${request}</var>
<arg>${invoice_request_body_not_delivery}</arg>
<doc>Creates a deep copy of any data structure using JSON serialization</doc>
<status status="PASS" start="2025-04-16T11:52:34.418462" elapsed="0.001446"/>
</kw>
<kw name="Deep Copy" owner="DataUtilities">
<kw name="Evaluate" owner="BuiltIn">
<msg time="2025-04-16T11:52:34.420469" level="INFO">${json_data} = {"ProductId": "1000014178", "Quantity": "1", "Price": "100000", "Discount": "0"}</msg>
<var>${json_data}</var>
<arg>json.dumps(${data})</arg>
<arg>json</arg>
<doc>Evaluates the given expression in Python and returns the result.</doc>
<status status="PASS" start="2025-04-16T11:52:34.420271" elapsed="0.000221"/>
</kw>
<kw name="Evaluate" owner="BuiltIn">
<msg time="2025-04-16T11:52:34.420842" level="INFO">${copied_data} = {'ProductId': '1000014178', 'Quantity': '1', 'Price': '100000', 'Discount': '0'}</msg>
<var>${copied_data}</var>
<arg>json.loads($json_data)</arg>
<arg>json</arg>
<doc>Evaluates the given expression in Python and returns the result.</doc>
<status status="PASS" start="2025-04-16T11:52:34.420656" elapsed="0.000209"/>
</kw>
<return>
<value>${copied_data}</value>
<status status="PASS" start="2025-04-16T11:52:34.420906" elapsed="0.000021"/>
</return>
<msg time="2025-04-16T11:52:34.421017" level="INFO">${data_product} = {'ProductId': '1000014178', 'Quantity': '1', 'Price': '100000', 'Discount': '0'}</msg>
<var>${data_product}</var>
<arg>${STANDARD_INVOICE_DETAIL}</arg>
<doc>Creates a deep copy of any data structure using JSON serialization</doc>
<status status="PASS" start="2025-04-16T11:52:34.420044" elapsed="0.000993"/>
</kw>
<kw name="Deep Copy" owner="DataUtilities">
<kw name="Evaluate" owner="BuiltIn">
<msg time="2025-04-16T11:52:34.421581" level="INFO">${json_data} = {"ProductId": "1000014178", "Quantity": "1", "Price": "100000", "Discount": "0"}</msg>
<var>${json_data}</var>
<arg>json.dumps(${data})</arg>
<arg>json</arg>
<doc>Evaluates the given expression in Python and returns the result.</doc>
<status status="PASS" start="2025-04-16T11:52:34.421382" elapsed="0.000223"/>
</kw>
<kw name="Evaluate" owner="BuiltIn">
<msg time="2025-04-16T11:52:34.421893" level="INFO">${copied_data} = {'ProductId': '1000014178', 'Quantity': '1', 'Price': '100000', 'Discount': '0'}</msg>
<var>${copied_data}</var>
<arg>json.loads($json_data)</arg>
<arg>json</arg>
<doc>Evaluates the given expression in Python and returns the result.</doc>
<status status="PASS" start="2025-04-16T11:52:34.421716" elapsed="0.000199"/>
</kw>
<return>
<value>${copied_data}</value>
<status status="PASS" start="2025-04-16T11:52:34.421955" elapsed="0.000022"/>
</return>
<msg time="2025-04-16T11:52:34.422069" level="INFO">${data_product_promotion} = {'ProductId': '1000014178', 'Quantity': '1', 'Price': '100000', 'Discount': '0'}</msg>
<var>${data_product_promotion}</var>
<arg>${STANDARD_INVOICE_DETAIL}</arg>
<doc>Creates a deep copy of any data structure using JSON serialization</doc>
<status status="PASS" start="2025-04-16T11:52:34.421166" elapsed="0.001050"/>
</kw>
<kw name="Deep Copy" owner="DataUtilities">
<kw name="Evaluate" owner="BuiltIn">
<msg time="2025-04-16T11:52:34.422798" level="INFO">${json_data} = {"Type": "1", "SalePromotionId": "24747", "PromotionId": "87280", "Discount": "10000", "DiscountRatio": "null", "PromotionInfo": "Ch\u01b0\u01a1ng tr\u00ecnh khuy\u1ebfn m\u1ea1i gi\u1ea3m gi\u00e1 h\...</msg>
<var>${json_data}</var>
<arg>json.dumps(${data})</arg>
<arg>json</arg>
<doc>Evaluates the given expression in Python and returns the result.</doc>
<status status="PASS" start="2025-04-16T11:52:34.422584" elapsed="0.000237"/>
</kw>
<kw name="Evaluate" owner="BuiltIn">
<msg time="2025-04-16T11:52:34.423116" level="INFO">${copied_data} = {'Type': '1', 'SalePromotionId': '24747', 'PromotionId': '87280', 'Discount': '10000', 'DiscountRatio': 'null', 'PromotionInfo': 'Chương trình khuyến mại giảm giá hóa đơn VNĐ'}</msg>
<var>${copied_data}</var>
<arg>json.loads($json_data)</arg>
<arg>json</arg>
<doc>Evaluates the given expression in Python and returns the result.</doc>
<status status="PASS" start="2025-04-16T11:52:34.422931" elapsed="0.000210"/>
</kw>
<return>
<value>${copied_data}</value>
<status status="PASS" start="2025-04-16T11:52:34.423181" elapsed="0.000021"/>
</return>
<msg time="2025-04-16T11:52:34.423295" level="INFO">${data_promo} = {'Type': '1', 'SalePromotionId': '24747', 'PromotionId': '87280', 'Discount': '10000', 'DiscountRatio': 'null', 'PromotionInfo': 'Chương trình khuyến mại giảm giá hóa đơn VNĐ'}</msg>
<var>${data_promo}</var>
<arg>${promotion_body}</arg>
<doc>Creates a deep copy of any data structure using JSON serialization</doc>
<status status="PASS" start="2025-04-16T11:52:34.422355" elapsed="0.000962"/>
</kw>
<kw name="Set Test Variable" owner="BuiltIn">
<msg time="2025-04-16T11:52:34.426542" level="INFO">${product_promotion_id} = 1000015931</msg>
<arg>${product_promotion_id}</arg>
<arg>${info_product[0]}</arg>
<doc>Makes a variable available everywhere within the scope of the current test.</doc>
<status status="PASS" start="2025-04-16T11:52:34.423446" elapsed="0.003138"/>
</kw>
<kw name="Convert To Number" owner="BuiltIn">
<msg time="2025-04-16T11:52:34.427863" level="INFO">${value_promotion} = 1000000.0</msg>
<var>${value_promotion}</var>
<arg>${info_promotion[1]}</arg>
<doc>Converts the given item to a floating point number.</doc>
<status status="PASS" start="2025-04-16T11:52:34.426699" elapsed="0.001187"/>
</kw>
<kw name="Convert To Number" owner="BuiltIn">
<msg time="2025-04-16T11:52:34.429120" level="INFO">${price_product} = 530000.0</msg>
<var>${price_product}</var>
<arg>${info_product[2]}</arg>
<doc>Converts the given item to a floating point number.</doc>
<status status="PASS" start="2025-04-16T11:52:34.427998" elapsed="0.001145"/>
</kw>
<kw name="Set Test Variable" owner="BuiltIn">
<msg time="2025-04-16T11:52:34.432356" level="INFO">${sale_promotion_id} = 24749</msg>
<arg>${sale_promotion_id}</arg>
<arg>${info_promotion[0]}</arg>
<doc>Makes a variable available everywhere within the scope of the current test.</doc>
<status status="PASS" start="2025-04-16T11:52:34.429258" elapsed="0.003138"/>
</kw>
<kw name="Set Test Variable" owner="BuiltIn">
<msg time="2025-04-16T11:52:34.435630" level="INFO">${quantity_promotion} = 3.0</msg>
<arg>${quantity_promotion}</arg>
<arg>${info_promotion[2]}</arg>
<doc>Makes a variable available everywhere within the scope of the current test.</doc>
<status status="PASS" start="2025-04-16T11:52:34.432510" elapsed="0.003159"/>
</kw>
<kw name="Update Nested Dictionary Property" owner="DataUtilities">
<kw name="Split String" owner="String">
<msg time="2025-04-16T11:52:34.436288" level="INFO">@{parts} = [ Price ]</msg>
<var>@{parts}</var>
<arg>${property_path}</arg>
<arg>.</arg>
<doc>Splits the ``string`` using ``separator`` as a delimiter string.</doc>
<status status="PASS" start="2025-04-16T11:52:34.436140" elapsed="0.000178"/>
</kw>
<kw name="Get Length" owner="BuiltIn">
<msg time="2025-04-16T11:52:34.436528" level="INFO">Length is 1.</msg>
<msg time="2025-04-16T11:52:34.436582" level="INFO">${parts_count} = 1</msg>
<var>${parts_count}</var>
<arg>${parts}</arg>
<doc>Returns and logs the length of the given item as an integer.</doc>
<status status="PASS" start="2025-04-16T11:52:34.436443" elapsed="0.000158"/>
</kw>
<kw name="Set Variable" owner="BuiltIn">
<msg time="2025-04-16T11:52:34.436828" level="INFO">${current} = {'ProductId': '1000014178', 'Quantity': '1', 'Price': '100000', 'Discount': '0'}</msg>
<var>${current}</var>
<arg>${dictionary}</arg>
<doc>Returns the given values which can then be assigned to a variables.</doc>
<status status="PASS" start="2025-04-16T11:52:34.436707" elapsed="0.000143"/>
</kw>
<for flavor="IN RANGE">
<iter>
<kw name="Get From List" owner="Collections">
<var>${part}</var>
<arg>${parts}</arg>
<arg>${i}</arg>
<doc>Returns the value specified with an ``index`` from ``list``.</doc>
<status status="NOT RUN" start="2025-04-16T11:52:34.438155" elapsed="0.000018"/>
</kw>
<kw name="Get From Dictionary" owner="Collections">
<var>${current}</var>
<arg>${current}</arg>
<arg>${part}</arg>
<doc>Returns a value from the given ``dictionary`` based on the given ``key``.</doc>
<status status="NOT RUN" start="2025-04-16T11:52:34.438284" elapsed="0.000016"/>
</kw>
<var name="${i}"/>
<status status="NOT RUN" start="2025-04-16T11:52:34.438047" elapsed="0.000282"/>
</iter>
<var>${i}</var>
<value>0</value>
<value>${parts_count-1}</value>
<status status="NOT RUN" start="2025-04-16T11:52:34.436905" elapsed="0.001451"/>
</for>
<kw name="Get From List" owner="Collections">
<msg time="2025-04-16T11:52:34.439570" level="INFO">${last_part} = Price</msg>
<var>${last_part}</var>
<arg>${parts}</arg>
<arg>${parts_count-1}</arg>
<doc>Returns the value specified with an ``index`` from ``list``.</doc>
<status status="PASS" start="2025-04-16T11:52:34.438482" elapsed="0.001112"/>
</kw>
<kw name="Set To Dictionary" owner="Collections">
<arg>${current}</arg>
<arg>${last_part}=${property_value}</arg>
<doc>Adds the given ``key_value_pairs`` and/or ``items`` to the ``dictionary``.</doc>
<status status="PASS" start="2025-04-16T11:52:34.439709" elapsed="0.000153"/>
</kw>
<return>
<value>${dictionary}</value>
<status status="PASS" start="2025-04-16T11:52:34.439906" elapsed="0.000025"/>
</return>
<msg time="2025-04-16T11:52:34.440028" level="INFO">${data_product} = {'ProductId': '1000014178', 'Quantity': '1', 'Price': 1000000.0, 'Discount': '0'}</msg>
<var>${data_product}</var>
<arg>${data_product}</arg>
<arg>Price</arg>
<arg>${value_promotion}</arg>
<doc>Updates a nested property in a dictionary using a dot-notation path</doc>
<status status="PASS" start="2025-04-16T11:52:34.435851" elapsed="0.004199"/>
</kw>
<kw name="Update Quà Tặng Sản Phẩm" owner="GiftProcessingKeywords">
<kw name="Update Nested Dictionary Property" owner="DataUtilities">
<kw name="Split String" owner="String">
<msg time="2025-04-16T11:52:34.441024" level="INFO">@{parts} = [ Price ]</msg>
<var>@{parts}</var>
<arg>${property_path}</arg>
<arg>.</arg>
<doc>Splits the ``string`` using ``separator`` as a delimiter string.</doc>
<status status="PASS" start="2025-04-16T11:52:34.440885" elapsed="0.000162"/>
</kw>
<kw name="Get Length" owner="BuiltIn">
<msg time="2025-04-16T11:52:34.441252" level="INFO">Length is 1.</msg>
<msg time="2025-04-16T11:52:34.441307" level="INFO">${parts_count} = 1</msg>
<var>${parts_count}</var>
<arg>${parts}</arg>
<doc>Returns and logs the length of the given item as an integer.</doc>
<status status="PASS" start="2025-04-16T11:52:34.441166" elapsed="0.000160"/>
</kw>
<kw name="Set Variable" owner="BuiltIn">
<msg time="2025-04-16T11:52:34.441547" level="INFO">${current} = {'ProductId': '1000014178', 'Quantity': '1', 'Price': '100000', 'Discount': '0'}</msg>
<var>${current}</var>
<arg>${dictionary}</arg>
<doc>Returns the given values which can then be assigned to a variables.</doc>
<status status="PASS" start="2025-04-16T11:52:34.441434" elapsed="0.000224"/>
</kw>
<for flavor="IN RANGE">
<iter>
<kw name="Get From List" owner="Collections">
<var>${part}</var>
<arg>${parts}</arg>
<arg>${i}</arg>
<doc>Returns the value specified with an ``index`` from ``list``.</doc>
<status status="NOT RUN" start="2025-04-16T11:52:34.442868" elapsed="0.000019"/>
</kw>
<kw name="Get From Dictionary" owner="Collections">
<var>${current}</var>
<arg>${current}</arg>
<arg>${part}</arg>
<doc>Returns a value from the given ``dictionary`` based on the given ``key``.</doc>
<status status="NOT RUN" start="2025-04-16T11:52:34.442995" elapsed="0.000017"/>
</kw>
<var name="${i}"/>
<status status="NOT RUN" start="2025-04-16T11:52:34.442769" elapsed="0.000272"/>
</iter>
<var>${i}</var>
<value>0</value>
<value>${parts_count-1}</value>
<status status="NOT RUN" start="2025-04-16T11:52:34.441710" elapsed="0.001356"/>
</for>
<kw name="Get From List" owner="Collections">
<msg time="2025-04-16T11:52:34.444267" level="INFO">${last_part} = Price</msg>
<var>${last_part}</var>
<arg>${parts}</arg>
<arg>${parts_count-1}</arg>
<doc>Returns the value specified with an ``index`` from ``list``.</doc>
<status status="PASS" start="2025-04-16T11:52:34.443174" elapsed="0.001118"/>
</kw>
<kw name="Set To Dictionary" owner="Collections">
<arg>${current}</arg>
<arg>${last_part}=${property_value}</arg>
<doc>Adds the given ``key_value_pairs`` and/or ``items`` to the ``dictionary``.</doc>
<status status="PASS" start="2025-04-16T11:52:34.444407" elapsed="0.000153"/>
</kw>
<return>
<value>${dictionary}</value>
<status status="PASS" start="2025-04-16T11:52:34.444603" elapsed="0.000023"/>
</return>
<msg time="2025-04-16T11:52:34.444721" level="INFO">${data_product_promotion} = {'ProductId': '1000014178', 'Quantity': '1', 'Price': 530000.0, 'Discount': '0'}</msg>
<var>${data_product_promotion}</var>
<arg>${data_product_promotion}</arg>
<arg>Price</arg>
<arg>${price_product}</arg>
<doc>Updates a nested property in a dictionary using a dot-notation path</doc>
<status status="PASS" start="2025-04-16T11:52:34.440605" elapsed="0.004137"/>
</kw>
<kw name="Update Nested Dictionary Property" owner="DataUtilities">
<kw name="Split String" owner="String">
<msg time="2025-04-16T11:52:34.445341" level="INFO">@{parts} = [ ProductId ]</msg>
<var>@{parts}</var>
<arg>${property_path}</arg>
<arg>.</arg>
<doc>Splits the ``string`` using ``separator`` as a delimiter string.</doc>
<status status="PASS" start="2025-04-16T11:52:34.445206" elapsed="0.000157"/>
</kw>
<kw name="Get Length" owner="BuiltIn">
<msg time="2025-04-16T11:52:34.445559" level="INFO">Length is 1.</msg>
<msg time="2025-04-16T11:52:34.445614" level="INFO">${parts_count} = 1</msg>
<var>${parts_count}</var>
<arg>${parts}</arg>
<doc>Returns and logs the length of the given item as an integer.</doc>
<status status="PASS" start="2025-04-16T11:52:34.445476" elapsed="0.000156"/>
</kw>
<kw name="Set Variable" owner="BuiltIn">
<msg time="2025-04-16T11:52:34.445852" level="INFO">${current} = {'ProductId': '1000014178', 'Quantity': '1', 'Price': 530000.0, 'Discount': '0'}</msg>
<var>${current}</var>
<arg>${dictionary}</arg>
<doc>Returns the given values which can then be assigned to a variables.</doc>
<status status="PASS" start="2025-04-16T11:52:34.445739" elapsed="0.000134"/>
</kw>
<for flavor="IN RANGE">
<iter>
<kw name="Get From List" owner="Collections">
<var>${part}</var>
<arg>${parts}</arg>
<arg>${i}</arg>
<doc>Returns the value specified with an ``index`` from ``list``.</doc>
<status status="NOT RUN" start="2025-04-16T11:52:34.447057" elapsed="0.000019"/>
</kw>
<kw name="Get From Dictionary" owner="Collections">
<var>${current}</var>
<arg>${current}</arg>
<arg>${part}</arg>
<doc>Returns a value from the given ``dictionary`` based on the given ``key``.</doc>
<status status="NOT RUN" start="2025-04-16T11:52:34.447183" elapsed="0.000017"/>
</kw>
<var name="${i}"/>
<status status="NOT RUN" start="2025-04-16T11:52:34.446959" elapsed="0.000270"/>
</iter>
<var>${i}</var>
<value>0</value>
<value>${parts_count-1}</value>
<status status="NOT RUN" start="2025-04-16T11:52:34.445915" elapsed="0.001336"/>
</for>
<kw name="Get From List" owner="Collections">
<msg time="2025-04-16T11:52:34.448856" level="INFO">${last_part} = ProductId</msg>
<var>${last_part}</var>
<arg>${parts}</arg>
<arg>${parts_count-1}</arg>
<doc>Returns the value specified with an ``index`` from ``list``.</doc>
<status status="PASS" start="2025-04-16T11:52:34.447352" elapsed="0.001528"/>
</kw>
<kw name="Set To Dictionary" owner="Collections">
<arg>${current}</arg>
<arg>${last_part}=${property_value}</arg>
<doc>Adds the given ``key_value_pairs`` and/or ``items`` to the ``dictionary``.</doc>
<status status="PASS" start="2025-04-16T11:52:34.448998" elapsed="0.000151"/>
</kw>
<return>
<value>${dictionary}</value>
<status status="PASS" start="2025-04-16T11:52:34.449193" elapsed="0.000022"/>
</return>
<msg time="2025-04-16T11:52:34.449310" level="INFO">${data_product_promotion} = {'ProductId': 1000015931, 'Quantity': '1', 'Price': 530000.0, 'Discount': '0'}</msg>
<var>${data_product_promotion}</var>
<arg>${data_product_promotion}</arg>
<arg>ProductId</arg>
<arg>${product_promotion_id}</arg>
<doc>Updates a nested property in a dictionary using a dot-notation path</doc>
<status status="PASS" start="2025-04-16T11:52:34.444912" elapsed="0.004420"/>
</kw>
<kw name="Update Nested Dictionary Property" owner="DataUtilities">
<kw name="Split String" owner="String">
<msg time="2025-04-16T11:52:34.449914" level="INFO">@{parts} = [ Discount ]</msg>
<var>@{parts}</var>
<arg>${property_path}</arg>
<arg>.</arg>
<doc>Splits the ``string`` using ``separator`` as a delimiter string.</doc>
<status status="PASS" start="2025-04-16T11:52:34.449780" elapsed="0.000158"/>
</kw>
<kw name="Get Length" owner="BuiltIn">
<msg time="2025-04-16T11:52:34.450134" level="INFO">Length is 1.</msg>
<msg time="2025-04-16T11:52:34.450188" level="INFO">${parts_count} = 1</msg>
<var>${parts_count}</var>
<arg>${parts}</arg>
<doc>Returns and logs the length of the given item as an integer.</doc>
<status status="PASS" start="2025-04-16T11:52:34.450049" elapsed="0.000157"/>
</kw>
<kw name="Set Variable" owner="BuiltIn">
<msg time="2025-04-16T11:52:34.450426" level="INFO">${current} = {'ProductId': 1000015931, 'Quantity': '1', 'Price': 530000.0, 'Discount': '0'}</msg>
<var>${current}</var>
<arg>${dictionary}</arg>
<doc>Returns the given values which can then be assigned to a variables.</doc>
<status status="PASS" start="2025-04-16T11:52:34.450313" elapsed="0.000135"/>
</kw>
<for flavor="IN RANGE">
<iter>
<kw name="Get From List" owner="Collections">
<var>${part}</var>
<arg>${parts}</arg>
<arg>${i}</arg>
<doc>Returns the value specified with an ``index`` from ``list``.</doc>
<status status="NOT RUN" start="2025-04-16T11:52:34.451631" elapsed="0.000020"/>
</kw>
<kw name="Get From Dictionary" owner="Collections">
<var>${current}</var>
<arg>${current}</arg>
<arg>${part}</arg>
<doc>Returns a value from the given ``dictionary`` based on the given ``key``.</doc>
<status status="NOT RUN" start="2025-04-16T11:52:34.451759" elapsed="0.000017"/>
</kw>
<var name="${i}"/>
<status status="NOT RUN" start="2025-04-16T11:52:34.451535" elapsed="0.000272"/>
</iter>
<var>${i}</var>
<value>0</value>
<value>${parts_count-1}</value>
<status status="NOT RUN" start="2025-04-16T11:52:34.450490" elapsed="0.001339"/>
</for>
<kw name="Get From List" owner="Collections">
<msg time="2025-04-16T11:52:34.453016" level="INFO">${last_part} = Discount</msg>
<var>${last_part}</var>
<arg>${parts}</arg>
<arg>${parts_count-1}</arg>
<doc>Returns the value specified with an ``index`` from ``list``.</doc>
<status status="PASS" start="2025-04-16T11:52:34.451934" elapsed="0.001106"/>
</kw>
<kw name="Set To Dictionary" owner="Collections">
<arg>${current}</arg>
<arg>${last_part}=${property_value}</arg>
<doc>Adds the given ``key_value_pairs`` and/or ``items`` to the ``dictionary``.</doc>
<status status="PASS" start="2025-04-16T11:52:34.453153" elapsed="0.000149"/>
</kw>
<return>
<value>${dictionary}</value>
<status status="PASS" start="2025-04-16T11:52:34.453383" elapsed="0.000023"/>
</return>
<msg time="2025-04-16T11:52:34.453504" level="INFO">${data_product_promotion} = {'ProductId': 1000015931, 'Quantity': '1', 'Price': 530000.0, 'Discount': 530000.0}</msg>
<var>${data_product_promotion}</var>
<arg>${data_product_promotion}</arg>
<arg>Discount</arg>
<arg>${price_product}</arg>
<doc>Updates a nested property in a dictionary using a dot-notation path</doc>
<status status="PASS" start="2025-04-16T11:52:34.449498" elapsed="0.004027"/>
</kw>
<kw name="Update Nested Dictionary Property" owner="DataUtilities">
<kw name="Split String" owner="String">
<msg time="2025-04-16T11:52:34.454123" level="INFO">@{parts} = [ Quantity ]</msg>
<var>@{parts}</var>
<arg>${property_path}</arg>
<arg>.</arg>
<doc>Splits the ``string`` using ``separator`` as a delimiter string.</doc>
<status status="PASS" start="2025-04-16T11:52:34.453987" elapsed="0.000158"/>
</kw>
<kw name="Get Length" owner="BuiltIn">
<msg time="2025-04-16T11:52:34.454340" level="INFO">Length is 1.</msg>
<msg time="2025-04-16T11:52:34.454395" level="INFO">${parts_count} = 1</msg>
<var>${parts_count}</var>
<arg>${parts}</arg>
<doc>Returns and logs the length of the given item as an integer.</doc>
<status status="PASS" start="2025-04-16T11:52:34.454256" elapsed="0.000157"/>
</kw>
<kw name="Set Variable" owner="BuiltIn">
<msg time="2025-04-16T11:52:34.454632" level="INFO">${current} = {'ProductId': 1000015931, 'Quantity': '1', 'Price': 530000.0, 'Discount': 530000.0}</msg>
<var>${current}</var>
<arg>${dictionary}</arg>
<doc>Returns the given values which can then be assigned to a variables.</doc>
<status status="PASS" start="2025-04-16T11:52:34.454519" elapsed="0.000134"/>
</kw>
<for flavor="IN RANGE">
<iter>
<kw name="Get From List" owner="Collections">
<var>${part}</var>
<arg>${parts}</arg>
<arg>${i}</arg>
<doc>Returns the value specified with an ``index`` from ``list``.</doc>
<status status="NOT RUN" start="2025-04-16T11:52:34.455846" elapsed="0.000020"/>
</kw>
<kw name="Get From Dictionary" owner="Collections">
<var>${current}</var>
<arg>${current}</arg>
<arg>${part}</arg>
<doc>Returns a value from the given ``dictionary`` based on the given ``key``.</doc>
<status status="NOT RUN" start="2025-04-16T11:52:34.455975" elapsed="0.000017"/>
</kw>
<var name="${i}"/>
<status status="NOT RUN" start="2025-04-16T11:52:34.455747" elapsed="0.000275"/>
</iter>
<var>${i}</var>
<value>0</value>
<value>${parts_count-1}</value>
<status status="NOT RUN" start="2025-04-16T11:52:34.454695" elapsed="0.001348"/>
</for>
<kw name="Get From List" owner="Collections">
<msg time="2025-04-16T11:52:34.457224" level="INFO">${last_part} = Quantity</msg>
<var>${last_part}</var>
<arg>${parts}</arg>
<arg>${parts_count-1}</arg>
<doc>Returns the value specified with an ``index`` from ``list``.</doc>
<status status="PASS" start="2025-04-16T11:52:34.456144" elapsed="0.001104"/>
</kw>
<kw name="Set To Dictionary" owner="Collections">
<arg>${current}</arg>
<arg>${last_part}=${property_value}</arg>
<doc>Adds the given ``key_value_pairs`` and/or ``items`` to the ``dictionary``.</doc>
<status status="PASS" start="2025-04-16T11:52:34.457363" elapsed="0.000149"/>
</kw>
<return>
<value>${dictionary}</value>
<status status="PASS" start="2025-04-16T11:52:34.457554" elapsed="0.000022"/>
</return>
<msg time="2025-04-16T11:52:34.457673" level="INFO">${data_product_promotion} = {'ProductId': 1000015931, 'Quantity': 3.0, 'Price': 530000.0, 'Discount': 530000.0}</msg>
<var>${data_product_promotion}</var>
<arg>${data_product_promotion}</arg>
<arg>Quantity</arg>
<arg>${quantity_promotion}</arg>
<doc>Updates a nested property in a dictionary using a dot-notation path</doc>
<status status="PASS" start="2025-04-16T11:52:34.453698" elapsed="0.003996"/>
</kw>
<kw name="Update Nested Dictionary Property" owner="DataUtilities">
<kw name="Split String" owner="String">
<msg time="2025-04-16T11:52:34.458293" level="INFO">@{parts} = [ SalePromotionId ]</msg>
<var>@{parts}</var>
<arg>${property_path}</arg>
<arg>.</arg>
<doc>Splits the ``string`` using ``separator`` as a delimiter string.</doc>
<status status="PASS" start="2025-04-16T11:52:34.458159" elapsed="0.000157"/>
</kw>
<kw name="Get Length" owner="BuiltIn">
<msg time="2025-04-16T11:52:34.458510" level="INFO">Length is 1.</msg>
<msg time="2025-04-16T11:52:34.458564" level="INFO">${parts_count} = 1</msg>
<var>${parts_count}</var>
<arg>${parts}</arg>
<doc>Returns and logs the length of the given item as an integer.</doc>
<status status="PASS" start="2025-04-16T11:52:34.458427" elapsed="0.000156"/>
</kw>
<kw name="Set Variable" owner="BuiltIn">
<msg time="2025-04-16T11:52:34.458804" level="INFO">${current} = {'ProductId': 1000015931, 'Quantity': 3.0, 'Price': 530000.0, 'Discount': 530000.0}</msg>
<var>${current}</var>
<arg>${dictionary}</arg>
<doc>Returns the given values which can then be assigned to a variables.</doc>
<status status="PASS" start="2025-04-16T11:52:34.458688" elapsed="0.000138"/>
</kw>
<for flavor="IN RANGE">
<iter>
<kw name="Get From List" owner="Collections">
<var>${part}</var>
<arg>${parts}</arg>
<arg>${i}</arg>
<doc>Returns the value specified with an ``index`` from ``list``.</doc>
<status status="NOT RUN" start="2025-04-16T11:52:34.460001" elapsed="0.000020"/>
</kw>
<kw name="Get From Dictionary" owner="Collections">
<var>${current}</var>
<arg>${current}</arg>
<arg>${part}</arg>
<doc>Returns a value from the given ``dictionary`` based on the given ``key``.</doc>
<status status="NOT RUN" start="2025-04-16T11:52:34.460128" elapsed="0.000017"/>
</kw>
<var name="${i}"/>
<status status="NOT RUN" start="2025-04-16T11:52:34.459906" elapsed="0.000269"/>
</iter>
<var>${i}</var>
<value>0</value>
<value>${parts_count-1}</value>
<status status="NOT RUN" start="2025-04-16T11:52:34.458868" elapsed="0.001328"/>
</for>
<kw name="Get From List" owner="Collections">
<msg time="2025-04-16T11:52:34.461376" level="INFO">${last_part} = SalePromotionId</msg>
<var>${last_part}</var>
<arg>${parts}</arg>
<arg>${parts_count-1}</arg>
<doc>Returns the value specified with an ``index`` from ``list``.</doc>
<status status="PASS" start="2025-04-16T11:52:34.460296" elapsed="0.001103"/>
</kw>
<kw name="Set To Dictionary" owner="Collections">
<arg>${current}</arg>
<arg>${last_part}=${property_value}</arg>
<doc>Adds the given ``key_value_pairs`` and/or ``items`` to the ``dictionary``.</doc>
<status status="PASS" start="2025-04-16T11:52:34.461511" elapsed="0.000150"/>
</kw>
<return>
<value>${dictionary}</value>
<status status="PASS" start="2025-04-16T11:52:34.461703" elapsed="0.000022"/>
</return>
<msg time="2025-04-16T11:52:34.461822" level="INFO">${data_product_promotion} = {'ProductId': 1000015931, 'Quantity': 3.0, 'Price': 530000.0, 'Discount': 530000.0, 'SalePromotionId': 24749}</msg>
<var>${data_product_promotion}</var>
<arg>${data_product_promotion}</arg>
<arg>SalePromotionId</arg>
<arg>${sale_promotion_id}</arg>
<doc>Updates a nested property in a dictionary using a dot-notation path</doc>
<status status="PASS" start="2025-04-16T11:52:34.457875" elapsed="0.003968"/>
</kw>
<return>
<value>${data_product_promotion}</value>
<status status="PASS" start="2025-04-16T11:52:34.461882" elapsed="0.000019"/>
</return>
<msg time="2025-04-16T11:52:34.461994" level="INFO">${data_product_promotion} = {'ProductId': 1000015931, 'Quantity': 3.0, 'Price': 530000.0, 'Discount': 530000.0, 'SalePromotionId': 24749}</msg>
<var>${data_product_promotion}</var>
<arg>${data_product_promotion}</arg>
<arg>${price_product}</arg>
<arg>${product_promotion_id}</arg>
<arg>${quantity_promotion}</arg>
<arg>${sale_promotion_id}</arg>
<status status="PASS" start="2025-04-16T11:52:34.440204" elapsed="0.021810"/>
</kw>
<kw name="Create List" owner="BuiltIn">
<msg time="2025-04-16T11:52:34.462339" level="INFO">${data_product} = [{'ProductId': '1000014178', 'Quantity': '1', 'Price': 1000000.0, 'Discount': '0'}, {'ProductId': 1000015931, 'Quantity': 3.0, 'Price': 530000.0, 'Discount': 530000.0, 'SalePromotionId': 24749}]</msg>
<var>${data_product}</var>
<arg>${data_product}</arg>
<arg>${data_product_promotion}</arg>
<doc>Returns a list containing given items.</doc>
<status status="PASS" start="2025-04-16T11:52:34.462127" elapsed="0.000236"/>
</kw>
<kw name="Update Nested Dictionary Property" owner="DataUtilities">
<kw name="Split String" owner="String">
<msg time="2025-04-16T11:52:34.462954" level="INFO">@{parts} = [ Invoice | InvoiceDetails ]</msg>
<var>@{parts}</var>
<arg>${property_path}</arg>
<arg>.</arg>
<doc>Splits the ``string`` using ``separator`` as a delimiter string.</doc>
<status status="PASS" start="2025-04-16T11:52:34.462819" elapsed="0.000158"/>
</kw>
<kw name="Get Length" owner="BuiltIn">
<msg time="2025-04-16T11:52:34.463173" level="INFO">Length is 2.</msg>
<msg time="2025-04-16T11:52:34.463227" level="INFO">${parts_count} = 2</msg>
<var>${parts_count}</var>
<arg>${parts}</arg>
<doc>Returns and logs the length of the given item as an integer.</doc>
<status status="PASS" start="2025-04-16T11:52:34.463088" elapsed="0.000158"/>
</kw>
<kw name="Set Variable" owner="BuiltIn">
<msg time="2025-04-16T11:52:34.463479" level="INFO">${current} = {'Invoice': {'BranchId': '1000000025', 'RetailerId': '19809', 'UpdateInvoiceId': '0', 'UpdateReturnId': '0', 'IsChangeNormalToShippingDelivery': False, 'SoldById': '1000000467', 'SoldBy': {'CreatedBy'...</msg>
<var>${current}</var>
<arg>${dictionary}</arg>
<doc>Returns the given values which can then be assigned to a variables.</doc>
<status status="PASS" start="2025-04-16T11:52:34.463353" elapsed="0.000148"/>
</kw>
<for flavor="IN RANGE">
<iter>
<kw name="Get From List" owner="Collections">
<msg time="2025-04-16T11:52:34.464846" level="INFO">${part} = Invoice</msg>
<var>${part}</var>
<arg>${parts}</arg>
<arg>${i}</arg>
<doc>Returns the value specified with an ``index`` from ``list``.</doc>
<status status="PASS" start="2025-04-16T11:52:34.464708" elapsed="0.000161"/>
</kw>
<kw name="Get From Dictionary" owner="Collections">
<msg time="2025-04-16T11:52:34.465134" level="INFO">${current} = {'BranchId': '1000000025', 'RetailerId': '19809', 'UpdateInvoiceId': '0', 'UpdateReturnId': '0', 'IsChangeNormalToShippingDelivery': False, 'SoldById': '1000000467', 'SoldBy': {'CreatedBy': '0', 'Crea...</msg>
<var>${current}</var>
<arg>${current}</arg>
<arg>${part}</arg>
<doc>Returns a value from the given ``dictionary`` based on the given ``key``.</doc>
<status status="PASS" start="2025-04-16T11:52:34.464980" elapsed="0.000177"/>
</kw>
<var name="${i}">0</var>
<status status="PASS" start="2025-04-16T11:52:34.464612" elapsed="0.000577"/>
</iter>
<var>${i}</var>
<value>0</value>
<value>${parts_count-1}</value>
<status status="PASS" start="2025-04-16T11:52:34.463544" elapsed="0.001669"/>
</for>
<kw name="Get From List" owner="Collections">
<msg time="2025-04-16T11:52:34.466405" level="INFO">${last_part} = InvoiceDetails</msg>
<var>${last_part}</var>
<arg>${parts}</arg>
<arg>${parts_count-1}</arg>
<doc>Returns the value specified with an ``index`` from ``list``.</doc>
<status status="PASS" start="2025-04-16T11:52:34.465319" elapsed="0.001109"/>
</kw>
<kw name="Set To Dictionary" owner="Collections">
<arg>${current}</arg>
<arg>${last_part}=${property_value}</arg>
<doc>Adds the given ``key_value_pairs`` and/or ``items`` to the ``dictionary``.</doc>
<status status="PASS" start="2025-04-16T11:52:34.466542" elapsed="0.000148"/>
</kw>
<return>
<value>${dictionary}</value>
<status status="PASS" start="2025-04-16T11:52:34.466733" elapsed="0.000021"/>
</return>
<msg time="2025-04-16T11:52:34.466863" level="INFO">${request} = {'Invoice': {'BranchId': '1000000025', 'RetailerId': '19809', 'UpdateInvoiceId': '0', 'UpdateReturnId': '0', 'IsChangeNormalToShippingDelivery': False, 'SoldById': '1000000467', 'SoldBy': {'CreatedBy'...</msg>
<var>${request}</var>
<arg>${request}</arg>
<arg>Invoice.InvoiceDetails</arg>
<arg>${data_product}</arg>
<doc>Updates a nested property in a dictionary using a dot-notation path</doc>
<status status="PASS" start="2025-04-16T11:52:34.462536" elapsed="0.004349"/>
</kw>
<kw name="Update Nested Dictionary Property" owner="DataUtilities">
<kw name="Split String" owner="String">
<msg time="2025-04-16T11:52:34.467473" level="INFO">@{parts} = [ PromotionId ]</msg>
<var>@{parts}</var>
<arg>${property_path}</arg>
<arg>.</arg>
<doc>Splits the ``string`` using ``separator`` as a delimiter string.</doc>
<status status="PASS" start="2025-04-16T11:52:34.467337" elapsed="0.000161"/>
</kw>
<kw name="Get Length" owner="BuiltIn">
<msg time="2025-04-16T11:52:34.467698" level="INFO">Length is 1.</msg>
<msg time="2025-04-16T11:52:34.467752" level="INFO">${parts_count} = 1</msg>
<var>${parts_count}</var>
<arg>${parts}</arg>
<doc>Returns and logs the length of the given item as an integer.</doc>
<status status="PASS" start="2025-04-16T11:52:34.467611" elapsed="0.000160"/>
</kw>
<kw name="Set Variable" owner="BuiltIn">
<msg time="2025-04-16T11:52:34.468003" level="INFO">${current} = {'Type': '1', 'SalePromotionId': '24747', 'PromotionId': '87280', 'Discount': '10000', 'DiscountRatio': 'null', 'PromotionInfo': 'Chương trình khuyến mại giảm giá hóa đơn VNĐ'}</msg>
<var>${current}</var>
<arg>${dictionary}</arg>
<doc>Returns the given values which can then be assigned to a variables.</doc>
<status status="PASS" start="2025-04-16T11:52:34.467877" elapsed="0.000154"/>
</kw>
<for flavor="IN RANGE">
<iter>
<kw name="Get From List" owner="Collections">
<var>${part}</var>
<arg>${parts}</arg>
<arg>${i}</arg>
<doc>Returns the value specified with an ``index`` from ``list``.</doc>
<status status="NOT RUN" start="2025-04-16T11:52:34.469222" elapsed="0.000019"/>
</kw>
<kw name="Get From Dictionary" owner="Collections">
<var>${current}</var>
<arg>${current}</arg>
<arg>${part}</arg>
<doc>Returns a value from the given ``dictionary`` based on the given ``key``.</doc>
<status status="NOT RUN" start="2025-04-16T11:52:34.469350" elapsed="0.000016"/>
</kw>
<var name="${i}"/>
<status status="NOT RUN" start="2025-04-16T11:52:34.469126" elapsed="0.000269"/>
</iter>
<var>${i}</var>
<value>0</value>
<value>${parts_count-1}</value>
<status status="NOT RUN" start="2025-04-16T11:52:34.468073" elapsed="0.001343"/>
</for>
<kw name="Get From List" owner="Collections">
<msg time="2025-04-16T11:52:34.470609" level="INFO">${last_part} = PromotionId</msg>
<var>${last_part}</var>
<arg>${parts}</arg>
<arg>${parts_count-1}</arg>
<doc>Returns the value specified with an ``index`` from ``list``.</doc>
<status status="PASS" start="2025-04-16T11:52:34.469522" elapsed="0.001111"/>
</kw>
<kw name="Set To Dictionary" owner="Collections">
<arg>${current}</arg>
<arg>${last_part}=${property_value}</arg>
<doc>Adds the given ``key_value_pairs`` and/or ``items`` to the ``dictionary``.</doc>
<status status="PASS" start="2025-04-16T11:52:34.470746" elapsed="0.000149"/>
</kw>
<return>
<value>${dictionary}</value>
<status status="PASS" start="2025-04-16T11:52:34.470937" elapsed="0.000023"/>
</return>
<msg time="2025-04-16T11:52:34.471058" level="INFO">${data_promo} = {'Type': '1', 'SalePromotionId': '24747', 'PromotionId': '87282', 'Discount': '10000', 'DiscountRatio': 'null', 'PromotionInfo': 'Chương trình khuyến mại giảm giá hóa đơn VNĐ'}</msg>
<var>${data_promo}</var>
<arg>${data_promo}</arg>
<arg>PromotionId</arg>
<arg>${Id_promotion}</arg>
<doc>Updates a nested property in a dictionary using a dot-notation path</doc>
<status status="PASS" start="2025-04-16T11:52:34.467056" elapsed="0.004026"/>
</kw>
<kw name="Update Nested Dictionary Property" owner="DataUtilities">
<kw name="Split String" owner="String">
<msg time="2025-04-16T11:52:34.471677" level="INFO">@{parts} = [ SalePromotionId ]</msg>
<var>@{parts}</var>
<arg>${property_path}</arg>
<arg>.</arg>
<doc>Splits the ``string`` using ``separator`` as a delimiter string.</doc>
<status status="PASS" start="2025-04-16T11:52:34.471541" elapsed="0.000158"/>
</kw>
<kw name="Get Length" owner="BuiltIn">
<msg time="2025-04-16T11:52:34.471984" level="INFO">Length is 1.</msg>
<msg time="2025-04-16T11:52:34.472042" level="INFO">${parts_count} = 1</msg>
<var>${parts_count}</var>
<arg>${parts}</arg>
<doc>Returns and logs the length of the given item as an integer.</doc>
<status status="PASS" start="2025-04-16T11:52:34.471894" elapsed="0.000166"/>
</kw>
<kw name="Set Variable" owner="BuiltIn">
<msg time="2025-04-16T11:52:34.472286" level="INFO">${current} = {'Type': '1', 'SalePromotionId': '24747', 'PromotionId': '87282', 'Discount': '10000', 'DiscountRatio': 'null', 'PromotionInfo': 'Chương trình khuyến mại giảm giá hóa đơn VNĐ'}</msg>
<var>${current}</var>
<arg>${dictionary}</arg>
<doc>Returns the given values which can then be assigned to a variables.</doc>
<status status="PASS" start="2025-04-16T11:52:34.472169" elapsed="0.000142"/>
</kw>
<for flavor="IN RANGE">
<iter>
<kw name="Get From List" owner="Collections">
<var>${part}</var>
<arg>${parts}</arg>
<arg>${i}</arg>
<doc>Returns the value specified with an ``index`` from ``list``.</doc>
<status status="NOT RUN" start="2025-04-16T11:52:34.473506" elapsed="0.000019"/>
</kw>
<kw name="Get From Dictionary" owner="Collections">
<var>${current}</var>
<arg>${current}</arg>
<arg>${part}</arg>
<doc>Returns a value from the given ``dictionary`` based on the given ``key``.</doc>
<status status="NOT RUN" start="2025-04-16T11:52:34.473634" elapsed="0.000017"/>
</kw>
<var name="${i}"/>
<status status="NOT RUN" start="2025-04-16T11:52:34.473409" elapsed="0.000272"/>
</iter>
<var>${i}</var>
<value>0</value>
<value>${parts_count-1}</value>
<status status="NOT RUN" start="2025-04-16T11:52:34.472354" elapsed="0.001349"/>
</for>
<kw name="Get From List" owner="Collections">
<msg time="2025-04-16T11:52:34.474899" level="INFO">${last_part} = SalePromotionId</msg>
<var>${last_part}</var>
<arg>${parts}</arg>
<arg>${parts_count-1}</arg>
<doc>Returns the value specified with an ``index`` from ``list``.</doc>
<status status="PASS" start="2025-04-16T11:52:34.473807" elapsed="0.001116"/>
</kw>
<kw name="Set To Dictionary" owner="Collections">
<arg>${current}</arg>
<arg>${last_part}=${property_value}</arg>
<doc>Adds the given ``key_value_pairs`` and/or ``items`` to the ``dictionary``.</doc>
<status status="PASS" start="2025-04-16T11:52:34.475036" elapsed="0.000149"/>
</kw>
<return>
<value>${dictionary}</value>
<status status="PASS" start="2025-04-16T11:52:34.475228" elapsed="0.000021"/>
</return>
<msg time="2025-04-16T11:52:34.475348" level="INFO">${data_promo} = {'Type': '1', 'SalePromotionId': 24749, 'PromotionId': '87282', 'Discount': '10000', 'DiscountRatio': 'null', 'PromotionInfo': 'Chương trình khuyến mại giảm giá hóa đơn VNĐ'}</msg>
<var>${data_promo}</var>
<arg>${data_promo}</arg>
<arg>SalePromotionId</arg>
<arg>${sale_promotion_id}</arg>
<doc>Updates a nested property in a dictionary using a dot-notation path</doc>
<status status="PASS" start="2025-04-16T11:52:34.471253" elapsed="0.004119"/>
</kw>
<kw name="Update Nested Dictionary Property" owner="DataUtilities">
<kw name="Split String" owner="String">
<msg time="2025-04-16T11:52:34.475966" level="INFO">@{parts} = [ ProductQty ]</msg>
<var>@{parts}</var>
<arg>${property_path}</arg>
<arg>.</arg>
<doc>Splits the ``string`` using ``separator`` as a delimiter string.</doc>
<status status="PASS" start="2025-04-16T11:52:34.475832" elapsed="0.000157"/>
</kw>
<kw name="Get Length" owner="BuiltIn">
<msg time="2025-04-16T11:52:34.476183" level="INFO">Length is 1.</msg>
<msg time="2025-04-16T11:52:34.476237" level="INFO">${parts_count} = 1</msg>
<var>${parts_count}</var>
<arg>${parts}</arg>
<doc>Returns and logs the length of the given item as an integer.</doc>
<status status="PASS" start="2025-04-16T11:52:34.476100" elapsed="0.000155"/>
</kw>
<kw name="Set Variable" owner="BuiltIn">
<msg time="2025-04-16T11:52:34.476480" level="INFO">${current} = {'Type': '1', 'SalePromotionId': 24749, 'PromotionId': '87282', 'Discount': '10000', 'DiscountRatio': 'null', 'PromotionInfo': 'Chương trình khuyến mại giảm giá hóa đơn VNĐ'}</msg>
<var>${current}</var>
<arg>${dictionary}</arg>
<doc>Returns the given values which can then be assigned to a variables.</doc>
<status status="PASS" start="2025-04-16T11:52:34.476363" elapsed="0.000141"/>
</kw>
<for flavor="IN RANGE">
<iter>
<kw name="Get From List" owner="Collections">
<var>${part}</var>
<arg>${parts}</arg>
<arg>${i}</arg>
<doc>Returns the value specified with an ``index`` from ``list``.</doc>
<status status="NOT RUN" start="2025-04-16T11:52:34.477679" elapsed="0.000019"/>
</kw>
<kw name="Get From Dictionary" owner="Collections">
<var>${current}</var>
<arg>${current}</arg>
<arg>${part}</arg>
<doc>Returns a value from the given ``dictionary`` based on the given ``key``.</doc>
<status status="NOT RUN" start="2025-04-16T11:52:34.477806" elapsed="0.000016"/>
</kw>
<var name="${i}"/>
<status status="NOT RUN" start="2025-04-16T11:52:34.477583" elapsed="0.000268"/>
</iter>
<var>${i}</var>
<value>0</value>
<value>${parts_count-1}</value>
<status status="NOT RUN" start="2025-04-16T11:52:34.476546" elapsed="0.001326"/>
</for>
<kw name="Get From List" owner="Collections">
<msg time="2025-04-16T11:52:34.479055" level="INFO">${last_part} = ProductQty</msg>
<var>${last_part}</var>
<arg>${parts}</arg>
<arg>${parts_count-1}</arg>
<doc>Returns the value specified with an ``index`` from ``list``.</doc>
<status status="PASS" start="2025-04-16T11:52:34.477974" elapsed="0.001105"/>
</kw>
<kw name="Set To Dictionary" owner="Collections">
<arg>${current}</arg>
<arg>${last_part}=${property_value}</arg>
<doc>Adds the given ``key_value_pairs`` and/or ``items`` to the ``dictionary``.</doc>
<status status="PASS" start="2025-04-16T11:52:34.479191" elapsed="0.000189"/>
</kw>
<return>
<value>${dictionary}</value>
<status status="PASS" start="2025-04-16T11:52:34.479425" elapsed="0.000023"/>
</return>
<msg time="2025-04-16T11:52:34.479548" level="INFO">${data_promo} = {'Type': '1', 'SalePromotionId': 24749, 'PromotionId': '87282', 'Discount': '10000', 'DiscountRatio': 'null', 'PromotionInfo': 'Chương trình khuyến mại giảm giá hóa đơn VNĐ', 'ProductQty': 3.0}</msg>
<var>${data_promo}</var>
<arg>${data_promo}</arg>
<arg>ProductQty</arg>
<arg>${quantity_promotion}</arg>
<doc>Updates a nested property in a dictionary using a dot-notation path</doc>
<status status="PASS" start="2025-04-16T11:52:34.475546" elapsed="0.004027"/>
</kw>
<kw name="Update Nested Dictionary Property" owner="DataUtilities">
<kw name="Split String" owner="String">
<msg time="2025-04-16T11:52:34.480146" level="INFO">@{parts} = [ Discount ]</msg>
<var>@{parts}</var>
<arg>${property_path}</arg>
<arg>.</arg>
<doc>Splits the ``string`` using ``separator`` as a delimiter string.</doc>
<status status="PASS" start="2025-04-16T11:52:34.480014" elapsed="0.000155"/>
</kw>
<kw name="Get Length" owner="BuiltIn">
<msg time="2025-04-16T11:52:34.480366" level="INFO">Length is 1.</msg>
<msg time="2025-04-16T11:52:34.480425" level="INFO">${parts_count} = 1</msg>
<var>${parts_count}</var>
<arg>${parts}</arg>
<doc>Returns and logs the length of the given item as an integer.</doc>
<status status="PASS" start="2025-04-16T11:52:34.480282" elapsed="0.000161"/>
</kw>
<kw name="Set Variable" owner="BuiltIn">
<msg time="2025-04-16T11:52:34.480667" level="INFO">${current} = {'Type': '1', 'SalePromotionId': 24749, 'PromotionId': '87282', 'Discount': '10000', 'DiscountRatio': 'null', 'PromotionInfo': 'Chương trình khuyến mại giảm giá hóa đơn VNĐ', 'ProductQty': 3.0}</msg>
<var>${current}</var>
<arg>${dictionary}</arg>
<doc>Returns the given values which can then be assigned to a variables.</doc>
<status status="PASS" start="2025-04-16T11:52:34.480549" elapsed="0.000142"/>
</kw>
<for flavor="IN RANGE">
<iter>
<kw name="Get From List" owner="Collections">
<var>${part}</var>
<arg>${parts}</arg>
<arg>${i}</arg>
<doc>Returns the value specified with an ``index`` from ``list``.</doc>
<status status="NOT RUN" start="2025-04-16T11:52:34.481922" elapsed="0.000019"/>
</kw>
<kw name="Get From Dictionary" owner="Collections">
<var>${current}</var>
<arg>${current}</arg>
<arg>${part}</arg>
<doc>Returns a value from the given ``dictionary`` based on the given ``key``.</doc>
<status status="NOT RUN" start="2025-04-16T11:52:34.482050" elapsed="0.000017"/>
</kw>
<var name="${i}"/>
<status status="NOT RUN" start="2025-04-16T11:52:34.481824" elapsed="0.000274"/>
</iter>
<var>${i}</var>
<value>0</value>
<value>${parts_count-1}</value>
<status status="NOT RUN" start="2025-04-16T11:52:34.480735" elapsed="0.001384"/>
</for>
<kw name="Get From List" owner="Collections">
<msg time="2025-04-16T11:52:34.483330" level="INFO">${last_part} = Discount</msg>
<var>${last_part}</var>
<arg>${parts}</arg>
<arg>${parts_count-1}</arg>
<doc>Returns the value specified with an ``index`` from ``list``.</doc>
<status status="PASS" start="2025-04-16T11:52:34.482227" elapsed="0.001127"/>
</kw>
<kw name="Set To Dictionary" owner="Collections">
<arg>${current}</arg>
<arg>${last_part}=${property_value}</arg>
<doc>Adds the given ``key_value_pairs`` and/or ``items`` to the ``dictionary``.</doc>
<status status="PASS" start="2025-04-16T11:52:34.483468" elapsed="0.000150"/>
</kw>
<return>
<value>${dictionary}</value>
<status status="PASS" start="2025-04-16T11:52:34.483661" elapsed="0.000022"/>
</return>
<msg time="2025-04-16T11:52:34.483781" level="INFO">${data_promo} = {'Type': '1', 'SalePromotionId': 24749, 'PromotionId': '87282', 'Discount': '0', 'DiscountRatio': 'null', 'PromotionInfo': 'Chương trình khuyến mại giảm giá hóa đơn VNĐ', 'ProductQty': 3.0}</msg>
<var>${data_promo}</var>
<arg>${data_promo}</arg>
<arg>Discount</arg>
<arg>0</arg>
<doc>Updates a nested property in a dictionary using a dot-notation path</doc>
<status status="PASS" start="2025-04-16T11:52:34.479743" elapsed="0.004062"/>
</kw>
<kw name="Update Nested Dictionary Property" owner="DataUtilities">
<kw name="Split String" owner="String">
<msg time="2025-04-16T11:52:34.484385" level="INFO">@{parts} = [ Type ]</msg>
<var>@{parts}</var>
<arg>${property_path}</arg>
<arg>.</arg>
<doc>Splits the ``string`` using ``separator`` as a delimiter string.</doc>
<status status="PASS" start="2025-04-16T11:52:34.484252" elapsed="0.000155"/>
</kw>
<kw name="Get Length" owner="BuiltIn">
<msg time="2025-04-16T11:52:34.484601" level="INFO">Length is 1.</msg>
<msg time="2025-04-16T11:52:34.484654" level="INFO">${parts_count} = 1</msg>
<var>${parts_count}</var>
<arg>${parts}</arg>
<doc>Returns and logs the length of the given item as an integer.</doc>
<status status="PASS" start="2025-04-16T11:52:34.484518" elapsed="0.000154"/>
</kw>
<kw name="Set Variable" owner="BuiltIn">
<msg time="2025-04-16T11:52:34.484897" level="INFO">${current} = {'Type': '1', 'SalePromotionId': 24749, 'PromotionId': '87282', 'Discount': '0', 'DiscountRatio': 'null', 'PromotionInfo': 'Chương trình khuyến mại giảm giá hóa đơn VNĐ', 'ProductQty': 3.0}</msg>
<var>${current}</var>
<arg>${dictionary}</arg>
<doc>Returns the given values which can then be assigned to a variables.</doc>
<status status="PASS" start="2025-04-16T11:52:34.484777" elapsed="0.000145"/>
</kw>
<for flavor="IN RANGE">
<iter>
<kw name="Get From List" owner="Collections">
<var>${part}</var>
<arg>${parts}</arg>
<arg>${i}</arg>
<doc>Returns the value specified with an ``index`` from ``list``.</doc>
<status status="NOT RUN" start="2025-04-16T11:52:34.486108" elapsed="0.000020"/>
</kw>
<kw name="Get From Dictionary" owner="Collections">
<var>${current}</var>
<arg>${current}</arg>
<arg>${part}</arg>
<doc>Returns a value from the given ``dictionary`` based on the given ``key``.</doc>
<status status="NOT RUN" start="2025-04-16T11:52:34.486235" elapsed="0.000017"/>
</kw>
<var name="${i}"/>
<status status="NOT RUN" start="2025-04-16T11:52:34.486010" elapsed="0.000272"/>
</iter>
<var>${i}</var>
<value>0</value>
<value>${parts_count-1}</value>
<status status="NOT RUN" start="2025-04-16T11:52:34.484965" elapsed="0.001338"/>
</for>
<kw name="Get From List" owner="Collections">
<msg time="2025-04-16T11:52:34.487487" level="INFO">${last_part} = Type</msg>
<var>${last_part}</var>
<arg>${parts}</arg>
<arg>${parts_count-1}</arg>
<doc>Returns the value specified with an ``index`` from ``list``.</doc>
<status status="PASS" start="2025-04-16T11:52:34.486405" elapsed="0.001106"/>
</kw>
<kw name="Set To Dictionary" owner="Collections">
<arg>${current}</arg>
<arg>${last_part}=${property_value}</arg>
<doc>Adds the given ``key_value_pairs`` and/or ``items`` to the ``dictionary``.</doc>
<status status="PASS" start="2025-04-16T11:52:34.487623" elapsed="0.000149"/>
</kw>
<return>
<value>${dictionary}</value>
<status status="PASS" start="2025-04-16T11:52:34.487813" elapsed="0.000021"/>
</return>
<msg time="2025-04-16T11:52:34.487931" level="INFO">${data_promo} = {'Type': '2', 'SalePromotionId': 24749, 'PromotionId': '87282', 'Discount': '0', 'DiscountRatio': 'null', 'PromotionInfo': 'Chương trình khuyến mại giảm giá hóa đơn VNĐ', 'ProductQty': 3.0}</msg>
<var>${data_promo}</var>
<arg>${data_promo}</arg>
<arg>Type</arg>
<arg>2</arg>
<doc>Updates a nested property in a dictionary using a dot-notation path</doc>
<status status="PASS" start="2025-04-16T11:52:34.483977" elapsed="0.003978"/>
</kw>
<kw name="Create List" owner="BuiltIn">
<msg time="2025-04-16T11:52:34.488198" level="INFO">${data_promo} = [{'Type': '2', 'SalePromotionId': 24749, 'PromotionId': '87282', 'Discount': '0', 'DiscountRatio': 'null', 'PromotionInfo': 'Chương trình khuyến mại giảm giá hóa đơn VNĐ', 'ProductQty': 3.0}]</msg>
<var>${data_promo}</var>
<arg>${data_promo}</arg>
<doc>Returns a list containing given items.</doc>
<status status="PASS" start="2025-04-16T11:52:34.488069" elapsed="0.000154"/>
</kw>
<kw name="Evaluate" owner="BuiltIn">
<msg time="2025-04-16T11:52:34.489575" level="INFO">${discount_amount} = 1590000.0</msg>
<var>${discount_amount}</var>
<arg>${price_product}*${info_promotion[2]}</arg>
<doc>Evaluates the given expression in Python and returns the result.</doc>
<status status="PASS" start="2025-04-16T11:52:34.488332" elapsed="0.001267"/>
</kw>
<kw name="Update Nested Dictionary Property" owner="DataUtilities">
<kw name="Split String" owner="String">
<msg time="2025-04-16T11:52:34.490202" level="INFO">@{parts} = [ Invoice | InvoicePromotions ]</msg>
<var>@{parts}</var>
<arg>${property_path}</arg>
<arg>.</arg>
<doc>Splits the ``string`` using ``separator`` as a delimiter string.</doc>
<status status="PASS" start="2025-04-16T11:52:34.490062" elapsed="0.000163"/>
</kw>
<kw name="Get Length" owner="BuiltIn">
<msg time="2025-04-16T11:52:34.490420" level="INFO">Length is 2.</msg>
<msg time="2025-04-16T11:52:34.490475" level="INFO">${parts_count} = 2</msg>
<var>${parts_count}</var>
<arg>${parts}</arg>
<doc>Returns and logs the length of the given item as an integer.</doc>
<status status="PASS" start="2025-04-16T11:52:34.490335" elapsed="0.000160"/>
</kw>
<kw name="Set Variable" owner="BuiltIn">
<msg time="2025-04-16T11:52:34.490732" level="INFO">${current} = {'Invoice': {'BranchId': '1000000025', 'RetailerId': '19809', 'UpdateInvoiceId': '0', 'UpdateReturnId': '0', 'IsChangeNormalToShippingDelivery': False, 'SoldById': '1000000467', 'SoldBy': {'CreatedBy'...</msg>
<var>${current}</var>
<arg>${dictionary}</arg>
<doc>Returns the given values which can then be assigned to a variables.</doc>
<status status="PASS" start="2025-04-16T11:52:34.490601" elapsed="0.000153"/>
</kw>
<for flavor="IN RANGE">
<iter>
<kw name="Get From List" owner="Collections">
<msg time="2025-04-16T11:52:34.492442" level="INFO">${part} = Invoice</msg>
<var>${part}</var>
<arg>${parts}</arg>
<arg>${i}</arg>
<doc>Returns the value specified with an ``index`` from ``list``.</doc>
<status status="PASS" start="2025-04-16T11:52:34.492304" elapsed="0.000161"/>
</kw>
<kw name="Get From Dictionary" owner="Collections">
<msg time="2025-04-16T11:52:34.492774" level="INFO">${current} = {'BranchId': '1000000025', 'RetailerId': '19809', 'UpdateInvoiceId': '0', 'UpdateReturnId': '0', 'IsChangeNormalToShippingDelivery': False, 'SoldById': '1000000467', 'SoldBy': {'CreatedBy': '0', 'Crea...</msg>
<var>${current}</var>
<arg>${current}</arg>
<arg>${part}</arg>
<doc>Returns a value from the given ``dictionary`` based on the given ``key``.</doc>
<status status="PASS" start="2025-04-16T11:52:34.492616" elapsed="0.000181"/>
</kw>
<var name="${i}">0</var>
<status status="PASS" start="2025-04-16T11:52:34.492206" elapsed="0.000623"/>
</iter>
<var>${i}</var>
<value>0</value>
<value>${parts_count-1}</value>
<status status="PASS" start="2025-04-16T11:52:34.490796" elapsed="0.002057"/>
</for>
<kw name="Get From List" owner="Collections">
<msg time="2025-04-16T11:52:34.494050" level="INFO">${last_part} = InvoicePromotions</msg>
<var>${last_part}</var>
<arg>${parts}</arg>
<arg>${parts_count-1}</arg>
<doc>Returns the value specified with an ``index`` from ``list``.</doc>
<status status="PASS" start="2025-04-16T11:52:34.492965" elapsed="0.001109"/>
</kw>
<kw name="Set To Dictionary" owner="Collections">
<arg>${current}</arg>
<arg>${last_part}=${property_value}</arg>
<doc>Adds the given ``key_value_pairs`` and/or ``items`` to the ``dictionary``.</doc>
<status status="PASS" start="2025-04-16T11:52:34.494187" elapsed="0.000149"/>
</kw>
<return>
<value>${dictionary}</value>
<status status="PASS" start="2025-04-16T11:52:34.494377" elapsed="0.000022"/>
</return>
<msg time="2025-04-16T11:52:34.494518" level="INFO">${request} = {'Invoice': {'BranchId': '1000000025', 'RetailerId': '19809', 'UpdateInvoiceId': '0', 'UpdateReturnId': '0', 'IsChangeNormalToShippingDelivery': False, 'SoldById': '1000000467', 'SoldBy': {'CreatedBy'...</msg>
<var>${request}</var>
<arg>${request}</arg>
<arg>Invoice.InvoicePromotions</arg>
<arg>${data_promo}</arg>
<doc>Updates a nested property in a dictionary using a dot-notation path</doc>
<status status="PASS" start="2025-04-16T11:52:34.489772" elapsed="0.004769"/>
</kw>
<kw name="Update Nested Dictionary Property" owner="DataUtilities">
<kw name="Split String" owner="String">
<msg time="2025-04-16T11:52:34.495130" level="INFO">@{parts} = [ Invoice | ProductDiscount ]</msg>
<var>@{parts}</var>
<arg>${property_path}</arg>
<arg>.</arg>
<doc>Splits the ``string`` using ``separator`` as a delimiter string.</doc>
<status status="PASS" start="2025-04-16T11:52:34.494995" elapsed="0.000158"/>
</kw>
<kw name="Get Length" owner="BuiltIn">
<msg time="2025-04-16T11:52:34.495353" level="INFO">Length is 2.</msg>
<msg time="2025-04-16T11:52:34.495408" level="INFO">${parts_count} = 2</msg>
<var>${parts_count}</var>
<arg>${parts}</arg>
<doc>Returns and logs the length of the given item as an integer.</doc>
<status status="PASS" start="2025-04-16T11:52:34.495266" elapsed="0.000161"/>
</kw>
<kw name="Set Variable" owner="BuiltIn">
<msg time="2025-04-16T11:52:34.495675" level="INFO">${current} = {'Invoice': {'BranchId': '1000000025', 'RetailerId': '19809', 'UpdateInvoiceId': '0', 'UpdateReturnId': '0', 'IsChangeNormalToShippingDelivery': False, 'SoldById': '1000000467', 'SoldBy': {'CreatedBy'...</msg>
<var>${current}</var>
<arg>${dictionary}</arg>
<doc>Returns the given values which can then be assigned to a variables.</doc>
<status status="PASS" start="2025-04-16T11:52:34.495536" elapsed="0.000162"/>
</kw>
<for flavor="IN RANGE">
<iter>
<kw name="Get From List" owner="Collections">
<msg time="2025-04-16T11:52:34.497036" level="INFO">${part} = Invoice</msg>
<var>${part}</var>
<arg>${parts}</arg>
<arg>${i}</arg>
<doc>Returns the value specified with an ``index`` from ``list``.</doc>
<status status="PASS" start="2025-04-16T11:52:34.496899" elapsed="0.000159"/>
</kw>
<kw name="Get From Dictionary" owner="Collections">
<msg time="2025-04-16T11:52:34.497329" level="INFO">${current} = {'BranchId': '1000000025', 'RetailerId': '19809', 'UpdateInvoiceId': '0', 'UpdateReturnId': '0', 'IsChangeNormalToShippingDelivery': False, 'SoldById': '1000000467', 'SoldBy': {'CreatedBy': '0', 'Crea...</msg>
<var>${current}</var>
<arg>${current}</arg>
<arg>${part}</arg>
<doc>Returns a value from the given ``dictionary`` based on the given ``key``.</doc>
<status status="PASS" start="2025-04-16T11:52:34.497169" elapsed="0.000184"/>
</kw>
<var name="${i}">0</var>
<status status="PASS" start="2025-04-16T11:52:34.496803" elapsed="0.000581"/>
</iter>
<var>${i}</var>
<value>0</value>
<value>${parts_count-1}</value>
<status status="PASS" start="2025-04-16T11:52:34.495741" elapsed="0.001668"/>
</for>
<kw name="Get From List" owner="Collections">
<msg time="2025-04-16T11:52:34.498765" level="INFO">${last_part} = ProductDiscount</msg>
<var>${last_part}</var>
<arg>${parts}</arg>
<arg>${parts_count-1}</arg>
<doc>Returns the value specified with an ``index`` from ``list``.</doc>
<status status="PASS" start="2025-04-16T11:52:34.497515" elapsed="0.001274"/>
</kw>
<kw name="Set To Dictionary" owner="Collections">
<arg>${current}</arg>
<arg>${last_part}=${property_value}</arg>
<doc>Adds the given ``key_value_pairs`` and/or ``items`` to the ``dictionary``.</doc>
<status status="PASS" start="2025-04-16T11:52:34.498904" elapsed="0.000149"/>
</kw>
<return>
<value>${dictionary}</value>
<status status="PASS" start="2025-04-16T11:52:34.499094" elapsed="0.000022"/>
</return>
<msg time="2025-04-16T11:52:34.499236" level="INFO">${request} = {'Invoice': {'BranchId': '1000000025', 'RetailerId': '19809', 'UpdateInvoiceId': '0', 'UpdateReturnId': '0', 'IsChangeNormalToShippingDelivery': False, 'SoldById': '1000000467', 'SoldBy': {'CreatedBy'...</msg>
<var>${request}</var>
<arg>${request}</arg>
<arg>Invoice.ProductDiscount</arg>
<arg>${discount_amount}</arg>
<doc>Updates a nested property in a dictionary using a dot-notation path</doc>
<status status="PASS" start="2025-04-16T11:52:34.494711" elapsed="0.004548"/>
</kw>
<kw name="Log" owner="BuiltIn">
<msg time="2025-04-16T11:52:34.499512" level="INFO">{'Invoice': {'BranchId': '1000000025', 'RetailerId': '19809', 'UpdateInvoiceId': '0', 'UpdateReturnId': '0', 'IsChangeNormalToShippingDelivery': False, 'SoldById': '1000000467', 'SoldBy': {'CreatedBy': '0', 'CreatedDate': '2025-03-27T06:44:21.083Z', 'GivenName': 'admin', 'Id': '1000000467', 'IsActive': True, 'IsAdmin': True, 'Language': 'vi-VN', 'MobilePhone': '03322553899', 'Type': '0', 'UserName': 'admin', 'isDeleted': False}, 'SaleChannelId': '0', 'Seller': {'CreatedBy': '0', 'CreatedDate': '2025-03-27T06:44:21.083Z', 'GivenName': 'admin', 'Id': '1000000467', 'IsActive': True, 'IsAdmin': True, 'Language': 'vi-VN', 'MobilePhone': '03322553899', 'Type': '0', 'UserName': 'admin', 'isDeleted': False}, 'OrderCode': '', 'Code': '', 'Discount': '0', 'InvoiceDetails': [{'ProductId': '1000014178', 'Quantity': '1', 'Price': 1000000.0, 'Discount': '0'}, {'ProductId': 1000015931, 'Quantity': 3.0, 'Price': 530000.0, 'Discount': 530000.0, 'SalePromotionId': 24749}], 'InvoiceOrderSurcharges': [], 'InvoicePromotions': [{'Type': '2', 'SalePromotionId': 24749, 'PromotionId': '87282', 'Discount': '0', 'DiscountRatio': 'null', 'PromotionInfo': 'Chương trình khuyến mại giảm giá hóa đơn VNĐ', 'ProductQty': 3.0}], 'InvoiceSupplierPromotions': [], 'UsingCod': '0', 'Payments': [], 'Total': '0', 'TotalTax': None, 'EnableVATToggle': False, 'Surcharge': '0', 'Type': '1', 'addToAccount': '0', 'PayingAmount': '0', 'TotalBeforeDiscount': '0', 'ProductDiscount': 1590000.0, 'InvoiceWarranties': [], 'CreatedBy': '1000000467'}}</msg>
<arg>${request}</arg>
<doc>Logs the given message with the given level.</doc>
<status status="PASS" start="2025-04-16T11:52:34.499372" elapsed="0.000190"/>
</kw>
<kw name="Set Test Variable" owner="BuiltIn">
<msg time="2025-04-16T11:52:34.501641" level="INFO">${REQUEST_DATA} = {'Invoice': {'BranchId': '1000000025', 'RetailerId': '19809', 'UpdateInvoiceId': '0', 'UpdateReturnId': '0', 'IsChangeNormalToShippingDelivery': False, 'SoldById': '1000000467', 'SoldBy': {'CreatedBy'...</msg>
<arg>${REQUEST_DATA}</arg>
<arg>${request}</arg>
<doc>Makes a variable available everywhere within the scope of the current test.</doc>
<status status="PASS" start="2025-04-16T11:52:34.499679" elapsed="0.002042"/>
</kw>
<return>
<value>${request}</value>
<status status="PASS" start="2025-04-16T11:52:34.501764" elapsed="0.000023"/>
</return>
<status status="PASS" start="2025-04-16T11:52:34.259049" elapsed="0.242819"/>
</kw>
<kw name="And Xem Thông Tin Tồn Kho Ban Đầu Của Sản Phẩm ${product_promotion_id}" owner="InventoryUpdateKeywords" source_name="Xem Thông Tin Tồn Kho Ban Đầu Của Sản Phẩm ${product_id}">
<kw name="Set Variable" owner="BuiltIn">
<msg time="2025-04-16T11:52:34.502568" level="INFO">${query} = SELECT BranchId, ProductId, OnHand FROM ProductBranch WHERE ProductId = ? AND BranchId = ?</msg>
<var>${query}</var>
<arg>SELECT BranchId, ProductId, OnHand FROM ProductBranch WHERE ProductId = ? AND BranchId = ?</arg>
<doc>Returns the given values which can then be assigned to a variables.</doc>
<status status="PASS" start="2025-04-16T11:52:34.502464" elapsed="0.000127"/>
</kw>
<kw name="Fetch One" owner="DatabaseLibrary">
<msg time="2025-04-16T11:52:34.517251" level="INFO">${result} = (1000000025, 1000015931, 968.0)</msg>
<var>${result}</var>
<arg>${query}</arg>
<arg>${product_id}</arg>
<arg>${BRANCH_ID}</arg>
<status status="PASS" start="2025-04-16T11:52:34.502701" elapsed="0.014594"/>
</kw>
<kw name="Should Not Be Equal" owner="BuiltIn">
<msg time="2025-04-16T11:52:34.517644" level="INFO">Argument types are:
&lt;class 'pyodbc.Row'&gt;
&lt;class 'str'&gt;</msg>
<arg>${result}</arg>
<arg>None</arg>
<arg>Không tìm thấy thông tin tồn kho ban đầu</arg>
<doc>Fails if the given objects are equal.</doc>
<status status="PASS" start="2025-04-16T11:52:34.517475" elapsed="0.000218"/>
</kw>
<kw name="Set Variable" owner="BuiltIn">
<msg time="2025-04-16T11:52:34.518941" level="INFO">${initial_onhand} = 968.0</msg>
<var>${initial_onhand}</var>
<arg>${result[2]}</arg>
<doc>Returns the given values which can then be assigned to a variables.</doc>
<status status="PASS" start="2025-04-16T11:52:34.517826" elapsed="0.001139"/>
</kw>
<kw name="Set Test Variable" owner="BuiltIn">
<msg time="2025-04-16T11:52:34.519233" level="INFO">${INITIAL_ONHAND} = 968.0</msg>
<arg>${INITIAL_ONHAND}</arg>
<arg>${initial_onhand}</arg>
<doc>Makes a variable available everywhere within the scope of the current test.</doc>
<status status="PASS" start="2025-04-16T11:52:34.519090" elapsed="0.000179"/>
</kw>
<return>
<value>${initial_onhand}</value>
<status status="PASS" start="2025-04-16T11:52:34.519311" elapsed="0.000029"/>
</return>
<status status="PASS" start="2025-04-16T11:52:34.502177" elapsed="0.017249"/>
</kw>
<kw name="When Gửi Yêu Cầu Tạo Hóa Đơn" owner="RequestHelper">
<kw name="Call API" owner="Utilities">
<kw name="Create Auth Headers" owner="Utilities">
<kw name="Create Dictionary" owner="BuiltIn">
<msg time="2025-04-16T11:52:34.521204" level="INFO">${headers} = {'Authorization': 'Bearer eyJ0eXAiOiJKV1QiLCJhbGciOiJSUzI1NiIsImtpZCI6InNCeCJ9.eyJpc3MiOiJrdnNzand0Iiwic3ViIjoxMDAwMDAwNDY3LCJpYXQiOjE3NDM1Nzg4ODMsImV4cCI6MTc0NTk5ODA4MywicHJlZmVycmVkX3VzZXJuYW1lIjoiY...</msg>
<var>${headers}</var>
<arg>Authorization=Bearer ${token}</arg>
<arg>Content-Type=application/json</arg>
<arg>Retailer=${RETAILER_CODE}</arg>
<doc>Creates and returns a dictionary based on the given ``items``.</doc>
<status status="PASS" start="2025-04-16T11:52:34.520863" elapsed="0.000392"/>
</kw>
<return>
<value>${headers}</value>
<status status="PASS" start="2025-04-16T11:52:34.521367" elapsed="0.000041"/>
</return>
<msg time="2025-04-16T11:52:34.521534" level="INFO">${headers} = {'Authorization': 'Bearer eyJ0eXAiOiJKV1QiLCJhbGciOiJSUzI1NiIsImtpZCI6InNCeCJ9.eyJpc3MiOiJrdnNzand0Iiwic3ViIjoxMDAwMDAwNDY3LCJpYXQiOjE3NDM1Nzg4ODMsImV4cCI6MTc0NTk5ODA4MywicHJlZmVycmVkX3VzZXJuYW1lIjoiY...</msg>
<var>${headers}</var>
<arg>${token}</arg>
<status status="PASS" start="2025-04-16T11:52:34.520435" elapsed="0.001125"/>
</kw>
<kw name="POST" owner="RequestHelper">
<kw name="Run Keyword If" owner="BuiltIn">
<kw name="Set Variable" owner="BuiltIn">
<arg>${headers}</arg>
<doc>Returns the given values which can then be assigned to a variables.</doc>
<status status="PASS" start="2025-04-16T11:52:34.522434" elapsed="0.000111"/>
</kw>
<msg time="2025-04-16T11:52:34.522627" level="INFO">${headers} = {'Authorization': 'Bearer eyJ0eXAiOiJKV1QiLCJhbGciOiJSUzI1NiIsImtpZCI6InNCeCJ9.eyJpc3MiOiJrdnNzand0Iiwic3ViIjoxMDAwMDAwNDY3LCJpYXQiOjE3NDM1Nzg4ODMsImV4cCI6MTc0NTk5ODA4MywicHJlZmVycmVkX3VzZXJuYW1lIjoiY...</msg>
<var>${headers}</var>
<arg>${headers} == ${None}</arg>
<arg>Create Dictionary</arg>
<arg>Content-Type=application/json</arg>
<arg>ELSE</arg>
<arg>Set Variable</arg>
<arg>${headers}</arg>
<doc>Runs the given keyword with the given arguments, if ``condition`` is true.</doc>
<status status="PASS" start="2025-04-16T11:52:34.522129" elapsed="0.000520"/>
</kw>
<kw name="Create Session" owner="RequestsLibrary">
<msg time="2025-04-16T11:52:34.522908" level="INFO">Creating Session using : alias=kvpos, url=https://api-sale.kvpos.com/api/invoices, headers={},                     cookies={}, auth=None, timeout=None, proxies=None, verify=True,                     debug=0 </msg>
<arg>kvpos</arg>
<arg>${url}</arg>
<arg>verify=True</arg>
<doc>Create Session: create a HTTP session to a server</doc>
<status status="PASS" start="2025-04-16T11:52:34.522772" elapsed="0.000299"/>
</kw>
<kw name="POST On Session" owner="RequestsLibrary">
<msg time="2025-04-16T11:52:34.822125" level="INFO">POST Request : url=https://api-sale.kvpos.com/api/invoices 
 path_url=/api/invoices 
 headers={'User-Agent': 'python-requests/2.32.3', 'Accept-Encoding': 'gzip, deflate', 'Accept': '*/*', 'Connection': 'keep-alive', 'Authorization': 'Bearer eyJ0eXAiOiJKV1QiLCJhbGciOiJSUzI1NiIsImtpZCI6InNCeCJ9.eyJpc3MiOiJrdnNzand0Iiwic3ViIjoxMDAwMDAwNDY3LCJpYXQiOjE3NDM1Nzg4ODMsImV4cCI6MTc0NTk5ODA4MywicHJlZmVycmVkX3VzZXJuYW1lIjoiYWRtaW4iLCJyb2xlcyI6WyJVc2VyIl0sImt2c291cmNlIjoiUmV0YWlsIiwia3Z1c2V0ZmEiOjAsImt2d2FpdG90cCI6MCwia3ZzZXMiOiJlZWYxYzc5NTAxOTQ0ZjI3YWYxZTA4NjFhZGJkMWNiNiIsImt2dWlkIjoxMDAwMDAwNDY3LCJrdmxhbmciOiJ2aS1WTiIsImt2dXR5cGUiOjAsImt2dWxpbWl0IjoiRmFsc2UiLCJrdnVhZG1pbiI6IlRydWUiLCJrdnVhY3QiOiJUcnVlIiwia3Z1bGltaXR0cmFucyI6IkZhbHNlIiwia3Z1c2hvd3N1bSI6IlRydWUiLCJrdmJpIjoiVHJ1ZSIsImt2Y3R5cGUiOjMsInVzZUJJIjp7IkN1c3RvbWVyQklSZXBvcnRfUmVhZCI6W10sIlNhbGVCSVJlcG9ydF9SZWFkIjpbXSwiUHJvZHVjdEJJUmVwb3J0X1JlYWQiOltdLCJGaW5hbmNlQklSZXBvcnRfUmVhZCI6W119LCJrdmJpZCI6MTAwMDAwMDAyNSwia3ZyaW5kaWQiOjgsImt2cmNvZGUiOiJhdXRvYXBpIiwia3ZyaWQiOjE5ODA5LCJrdnVyaWQiOjE5ODA5LCJrdnJnaWQiOjMsInBlcm1zIjoiIn0.AjzPUGTYpF3T_blCyaggs1UDzi-AFT2F42umBvSlhCCGAjcc5Y_rj0CaO3qqqx39URrtNlZmSy2_oWmsIsf0Bi51BCNRlgiguV8EALwb7mooanPWqf2RU_pZrlJCk5eRKuE4ZbOlrNpxZL7_G9SN4P3nLYGzT6uK0jyTKgKZmBbEPcN-y4Rrhs-tpLOgNcICALtyhgpfuiFFJS2d_Rd-x9CTGczIrWp_zAbowJ3sN60z_tMycy-o0SK0SF-wFAInSgDsdLzpJH9wtKQu44yDKFbXvZHi4lEHalGMoSWc8c0tcolOgB7CFBYuW55mXnK_nvVCmMZrjAqz8bxildJgwQ', 'Content-Type': 'application/json', 'Retailer': 'autoapi', 'Content-Length': '1576'} 
 body=b'{"Invoice": {"BranchId": "1000000025", "RetailerId": "19809", "UpdateInvoiceId": "0", "UpdateReturnId": "0", "IsChangeNormalToShippingDelivery": false, "SoldById": "1000000467", "SoldBy": {"CreatedBy": "0", "CreatedDate": "2025-03-27T06:44:21.083Z", "GivenName": "admin", "Id": "1000000467", "IsActive": true, "IsAdmin": true, "Language": "vi-VN", "MobilePhone": "03322553899", "Type": "0", "UserName": "admin", "isDeleted": false}, "SaleChannelId": "0", "Seller": {"CreatedBy": "0", "CreatedDate": "2025-03-27T06:44:21.083Z", "GivenName": "admin", "Id": "1000000467", "IsActive": true, "IsAdmin": true, "Language": "vi-VN", "MobilePhone": "03322553899", "Type": "0", "UserName": "admin", "isDeleted": false}, "OrderCode": "", "Code": "", "Discount": "0", "InvoiceDetails": [{"ProductId": "1000014178", "Quantity": "1", "Price": 1000000.0, "Discount": "0"}, {"ProductId": 1000015931, "Quantity": 3.0, "Price": 530000.0, "Discount": 530000.0, "SalePromotionId": 24749}], "InvoiceOrderSurcharges": [], "InvoicePromotions": [{"Type": "2", "SalePromotionId": 24749, "PromotionId": "87282", "Discount": "0", "DiscountRatio": "null", "PromotionInfo": "Ch\\u01b0\\u01a1ng tr\\u00ecnh khuy\\u1ebfn m\\u1ea1i gi\\u1ea3m gi\\u00e1 h\\u00f3a \\u0111\\u01a1n VN\\u0110", "ProductQty": 3.0}], "InvoiceSupplierPromotions": [], "UsingCod": "0", "Payments": [], "Total": "0", "TotalTax": null, "EnableVATToggle": false, "Surcharge": "0", "Type": "1", "addToAccount": "0", "PayingAmount": "0", "TotalBeforeDiscount": "0", "ProductDiscount": 1590000.0, "InvoiceWarranties": [], "CreatedBy": "1000000467"}}' 
 </msg>
<msg time="2025-04-16T11:52:34.822317" level="INFO">POST Response : url=https://api-sale.kvpos.com/api/invoices 
 status=200, reason=OK 
 headers={'cache-control': 'private', 'content-type': 'application/json; charset=utf-8', 'content-encoding': 'gzip', 'vary': 'Accept,Accept-Encoding', 'isusekvclient': 'True', 'isusespa': 'false', 'gatewaynodes': 'https://api-sd.kvpos.com', 'retailer-pos-version': '1.0.70', 'fb-pos-version': '', 'kv.app': 'RetailApp 1.22.0415.00', '__revision': '20250416112726', 'kv.gitcommit': '74b14d64', 'kv.gittag': '', 'retailer': 'autoapi', 'zone': '3', 'retailerindustryid': '8', 'kv.requestid': '1ede7e0fa857471cb801183743e85024', 'set-cookie': 'ss-id=oqneoEEbECyXwLDz2Lm4; path=/; HttpOnly, ss-pid=ue8x2p9cltcGM1vpi7Ki; expires=Sun, 16-Apr-2045 04:52:34 GMT; path=/; HttpOnly', 'access-control-allow-headers': 'retailercode,retailerid, X-Request-Id, X-Language, X-Timezone,WarehouseId,Origin,X-Requested-With,Referer,User-Agent,Content-Type,Accept,Authorization,Retailer,BranchId,Retailer-POS-Version,Zone,fingerprintkey,x-group-id,x-retailer-code,IsUseKvClient,latestbranchid', 'access-control-allow-methods': 'GET, POST, PUT, DELETE, PATCH, OPTIONS', 'access-control-expose-headers': 'Retailer-POS-Version', 'access-control-allow-origin': '*', 'access-control-allow-credentials': 'true', 'strict-transport-security': 'max-age=31536000; includeSubDomains; preload', 'date': 'Wed, 16 Apr 2025 04:52:34 GMT', 'content-length': '1157'} 
 body={"Id":1000004518,"PurchaseDate":"2025-04-16T11:52:34.6904457+07:00","CreatedDate":"2025-04-16T11:52:34.6984451+07:00","CreatedBy":1000000467,"RetailerId":19809,"Code":"HD001412","Discount":0,"Status":1,"BranchId":1000000025,"SoldById":1000000467,"Total":1000000.0,"TotalPayment":0,"TotalPaymentOld":0,"TotalOther":0,"Debt":1000000.0,"UsingCod":0,"Surcharge":0,"Point":0,"PayingAmount":0,"Payments":[],"Returns":[],"InvoiceDeliveries":[],"InvoiceOrderSurcharges":[],"Returns1":[],"InvoiceDetails":[{"Id":1000006675,"InvoiceId":1000004518,"ProductId":1000014178,"Quantity":1,"Price":1000000.0,"Tax":0,"Discount":0,"CreatedDate":"2025-04-16T11:52:34.7064377+07:00","SerialNumbers":"","ViewDiscount":0,"RetailerId":19809,"InvoiceDetailTaxs":[],"IdOld":0,"SubTotal":1000000.0,"ProductName":"","ProductSName":"","ProductAllowSellWhenOutStock":false,"IsUpdate":false},{"Id":1000006676,"InvoiceId":1000004518,"ProductId":1000015931,"Quantity":3,"Price":530000.0,"Tax":0,"Discount":530000.0,"CreatedDate":"2025-04-16T11:52:34.7064377+07:00","SerialNumbers":"","SalePromotionId":24749,"ViewDiscount":530000.0,"RetailerId":19809,"InvoiceDetailTaxs":[],"IdOld":0,"SubTotal":0.0,"ProductName":"","ProductSName":"","ProductAllowSellWhenOutStock":false,"IsUpdate":false}],"InvoicePromotions":[{"Id":1000000371,"InvoiceId":1000004518,"PromotionId":87282,"SalePromotionId":24749,"PromotionInfo":"Chương trình khuyến mại giảm giá hóa đơn VNĐ","Type":2,"ProductQty":3,"Discount":0,"RetailerId":19809}],"InvoiceVouchers":[],"DeliveryPackages":[],"DeliveryPayments":[],"DeliveryInfoes":[],"InvoiceDeliveryTrackings":[],"InvoiceWarranties":[],"ShippingTaskOrderDetails":[],"CouponUsageTrackings":[],"EInvoices":[],"InvoiceMappingOnlines":[],"IdOld":0,"CustomerName":"","CustomerEmail":"","CustomerContactNumber":"","CustomerAddress":"","CustomerLocationName":"","CustomerWardName":"","SoldByGivenName":"","CreatedByGivenName":"","OrderCode":"","CustomerPoint":0,"CustomerOldPoint":0,"CustomerCode":"","HasPaymentVoucher":false,"PaidAmount":0,"PaymentId":0,"PaymentMethod":"","StatusValue":"Hoàn thành","SubTotal":1000000.0,"TotalQuantity":4,"HasLotSerialControl":false,"CompareSoldById":1000000467,"ComparePurchaseDate":"2025-04-16T11:52:34.6904457+07:00","CompareStatus":1,"SaleChannelName":"","IsUpdateSoldBy":false,"UpdateInvoiceId":0,"UpdateReturnId":0,"IsChangeNormalToShippingDelivery":false,"CrudGuid":"00000000000000000000000000000000","OrderStatus":0,"IsHavePurchasePayment":false,"SupplierSubTotal":0,"EventId":0,"EventAction":0,"RetryCount":0,"DocumentTypeByEvent":0} 
 </msg>
<msg time="2025-04-16T11:52:34.822446" level="INFO">${response} = &lt;Response [200]&gt;</msg>
<var>${response}</var>
<arg>kvpos</arg>
<arg>${url}</arg>
<arg>json=${json}</arg>
<arg>headers=${headers}</arg>
<arg>expected_status=anything</arg>
<doc>Sends a POST request on a previously created HTTP Session.</doc>
<status status="PASS" start="2025-04-16T11:52:34.523185" elapsed="0.299283"/>
</kw>
<return>
<value>${response}</value>
<status status="PASS" start="2025-04-16T11:52:34.822529" elapsed="0.000035"/>
</return>
<msg time="2025-04-16T11:52:34.822676" level="INFO">${response} = &lt;Response [200]&gt;</msg>
<var>${response}</var>
<arg>${API_URL}${endpoint}</arg>
<arg>headers=${headers}</arg>
<arg>json=${data}</arg>
<status status="PASS" start="2025-04-16T11:52:34.521720" elapsed="0.300979"/>
</kw>
<return>
<value>${response}</value>
<status status="PASS" start="2025-04-16T11:52:34.822742" elapsed="0.000022"/>
</return>
<msg time="2025-04-16T11:52:34.822851" level="INFO">${response} = &lt;Response [200]&gt;</msg>
<var>${response}</var>
<arg>invoices</arg>
<arg>${REQUEST_DATA}</arg>
<status status="PASS" start="2025-04-16T11:52:34.519992" elapsed="0.302878"/>
</kw>
<kw name="Set Test Variable" owner="BuiltIn">
<msg time="2025-04-16T11:52:34.823158" level="INFO">${RESPONSE} = &lt;Response [200]&gt;</msg>
<arg>${RESPONSE}</arg>
<arg>${response}</arg>
<doc>Makes a variable available everywhere within the scope of the current test.</doc>
<status status="PASS" start="2025-04-16T11:52:34.823018" elapsed="0.000175"/>
</kw>
<kw name="Set Variable If" owner="BuiltIn">
<msg time="2025-04-16T11:52:34.825582" level="INFO">${invoice_id} = 1000004518</msg>
<var>${invoice_id}</var>
<arg>${RESPONSE.status_code} == 200</arg>
<arg>${RESPONSE.json()["Id"]}</arg>
<arg>0</arg>
<doc>Sets variable based on the given condition.</doc>
<status status="PASS" start="2025-04-16T11:52:34.823312" elapsed="0.002294"/>
</kw>
<kw name="Set Test Variable" owner="BuiltIn">
<msg time="2025-04-16T11:52:34.825902" level="INFO">${INVOICE_ID} = 1000004518</msg>
<arg>${INVOICE_ID}</arg>
<arg>${invoice_id}</arg>
<doc>Makes a variable available everywhere within the scope of the current test.</doc>
<status status="PASS" start="2025-04-16T11:52:34.825756" elapsed="0.000179"/>
</kw>
<status status="PASS" start="2025-04-16T11:52:34.519704" elapsed="0.306278"/>
</kw>
<kw name="Then Mã Trạng Thái Phải Là 200" owner="ResponseHelper" source_name="Mã trạng thái phải là ${expected_status_code}">
<kw name="Status Should Be" owner="ResponseHelper">
<kw name="Should Be Equal As Strings" owner="BuiltIn">
<msg time="2025-04-16T11:52:34.828059" level="INFO">Argument types are:
&lt;class 'int'&gt;
&lt;class 'str'&gt;</msg>
<arg>${response.status_code}</arg>
<arg>${expected_status}</arg>
<doc>Fails if objects are unequal after converting them to strings.</doc>
<status status="PASS" start="2025-04-16T11:52:34.826949" elapsed="0.001156"/>
</kw>
<arg>${expected_status_code}</arg>
[...]
<arg>${voucher_id_1}</arg>
<arg>${voucher_1[0]}</arg>
<doc>Makes a variable available everywhere within the scope of the current test.</doc>
<status status="FAIL" start="2025-04-16T11:52:44.850713" elapsed="0.003158">Resolving variable '${voucher_1[0]}' failed: TypeError: 'NoneType' object is not subscriptable</status>
</kw>
<kw name="Set Test Variable" owner="BuiltIn">
<arg>${voucher_code_1}</arg>
<arg>${voucher_1[1]}</arg>
<doc>Makes a variable available everywhere within the scope of the current test.</doc>
<status status="NOT RUN" start="2025-04-16T11:52:44.854061" elapsed="0.000023"/>
</kw>
<kw name="Set Variable" owner="BuiltIn">
<var>${query_2}</var>
<arg>SELECT Price FROM VoucherCampaign WHERE Id = ?</arg>
<doc>Returns the given values which can then be assigned to a variables.</doc>
<status status="NOT RUN" start="2025-04-16T11:52:44.854212" elapsed="0.000018"/>
</kw>
<kw name="Fetch One" owner="DatabaseLibrary">
<var>${campaign_1}</var>
<arg>${query_2}</arg>
<arg>${VOUCHER_CAMPAIGN_ID_2}</arg>
<status status="NOT RUN" start="2025-04-16T11:52:44.854329" elapsed="0.000016"/>
</kw>
<kw name="Convert To Number" owner="BuiltIn">
<var>${voucher_value_1}</var>
<arg>${campaign_1[0]}</arg>
<doc>Converts the given item to a floating point number.</doc>
<status status="NOT RUN" start="2025-04-16T11:52:44.854505" elapsed="0.000018"/>
</kw>
<kw name="Set Variable" owner="BuiltIn">
<var>${query_3}</var>
<arg>SELECT top(1) Id, Code, VoucherCampaignId FROM Voucher WHERE VoucherCampaignId = ? AND Status = 0 AND Id &lt;&gt; ?</arg>
<doc>Returns the given values which can then be assigned to a variables.</doc>
<status status="NOT RUN" start="2025-04-16T11:52:44.854624" elapsed="0.000016"/>
</kw>
<kw name="Fetch One" owner="DatabaseLibrary">
<var>${voucher_2}</var>
<arg>${query_3}</arg>
<arg>${VOUCHER_CAMPAIGN_ID_2}</arg>
<arg>${voucher_id_1}</arg>
<status status="NOT RUN" start="2025-04-16T11:52:44.854736" elapsed="0.000016"/>
</kw>
<kw name="Set Test Variable" owner="BuiltIn">
<arg>${voucher_id_2}</arg>
<arg>${voucher_2[0]}</arg>
<doc>Makes a variable available everywhere within the scope of the current test.</doc>
<status status="NOT RUN" start="2025-04-16T11:52:44.854855" elapsed="0.000018"/>
</kw>
<kw name="Set Test Variable" owner="BuiltIn">
<arg>${voucher_code_2}</arg>
<arg>${voucher_2[1]}</arg>
<doc>Makes a variable available everywhere within the scope of the current test.</doc>
<status status="NOT RUN" start="2025-04-16T11:52:44.854973" elapsed="0.000015"/>
</kw>
<kw name="Deep Copy" owner="DataUtilities">
<var>${request}</var>
<arg>${invoice_request_body_not_delivery}</arg>
<doc>Creates a deep copy of any data structure using JSON serialization</doc>
<status status="NOT RUN" start="2025-04-16T11:52:44.855132" elapsed="0.000021"/>
</kw>
<kw name="Deep Copy" owner="DataUtilities">
<var>${data_product}</var>
<arg>${STANDARD_INVOICE_DETAIL}</arg>
<doc>Creates a deep copy of any data structure using JSON serialization</doc>
<status status="NOT RUN" start="2025-04-16T11:52:44.855277" elapsed="0.000018"/>
</kw>
<kw name="Update Nested Dictionary Property" owner="DataUtilities">
<var>${data_product}</var>
<arg>${data_product}</arg>
<arg>Price</arg>
<arg>200000</arg>
<doc>Updates a nested property in a dictionary using a dot-notation path</doc>
<status status="NOT RUN" start="2025-04-16T11:52:44.855450" elapsed="0.000019"/>
</kw>
<kw name="Create List" owner="BuiltIn">
<var>${data_product}</var>
<arg>${data_product}</arg>
<doc>Returns a list containing given items.</doc>
<status status="NOT RUN" start="2025-04-16T11:52:44.855575" elapsed="0.000017"/>
</kw>
<kw name="Update Nested Dictionary Property" owner="DataUtilities">
<var>${request}</var>
<arg>${request}</arg>
<arg>Invoice.InvoiceDetails</arg>
<arg>${data_product}</arg>
<doc>Updates a nested property in a dictionary using a dot-notation path</doc>
<status status="NOT RUN" start="2025-04-16T11:52:44.855745" elapsed="0.000020"/>
</kw>
<kw name="Create Dictionary" owner="BuiltIn">
<var>${payment_voucher_1}</var>
<arg>Method=${PAYMENT_VOUCHER}</arg>
<arg>Amount=${voucher_value_1}</arg>
<arg>VoucherCode=${voucher_code_1}</arg>
<arg>VoucherId=${voucher_id_1}</arg>
<arg>VoucherCampaignId=${VOUCHER_CAMPAIGN_ID_2}</arg>
<doc>Creates and returns a dictionary based on the given ``items``.</doc>
<status status="NOT RUN" start="2025-04-16T11:52:44.855878" elapsed="0.000017"/>
</kw>
<kw name="Create Dictionary" owner="BuiltIn">
<var>${payment_voucher_2}</var>
<arg>Method=${PAYMENT_VOUCHER}</arg>
<arg>Amount=${voucher_value_1}</arg>
<arg>VoucherCode=${voucher_code_2}</arg>
<arg>VoucherId=${voucher_id_2}</arg>
<arg>VoucherCampaignId=${VOUCHER_CAMPAIGN_ID_2}</arg>
<doc>Creates and returns a dictionary based on the given ``items``.</doc>
<status status="NOT RUN" start="2025-04-16T11:52:44.856006" elapsed="0.000015"/>
</kw>
<kw name="Create Dictionary" owner="BuiltIn">
<var>${payment_cash}</var>
<arg>Method=${PAYMENT_CASH}</arg>
<arg>Amount=100000</arg>
<doc>Creates and returns a dictionary based on the given ``items``.</doc>
<status status="NOT RUN" start="2025-04-16T11:52:44.856128" elapsed="0.000016"/>
</kw>
<kw name="Create List" owner="BuiltIn">
<var>${payments}</var>
<arg>${payment_voucher_1}</arg>
<arg>${payment_voucher_2}</arg>
<arg>${payment_cash}</arg>
<doc>Returns a list containing given items.</doc>
<status status="NOT RUN" start="2025-04-16T11:52:44.856240" elapsed="0.000015"/>
</kw>
<kw name="Update Nested Dictionary Property" owner="DataUtilities">
<var>${request}</var>
<arg>${request}</arg>
<arg>Invoice.Payments</arg>
<arg>${payments}</arg>
<doc>Updates a nested property in a dictionary using a dot-notation path</doc>
<status status="NOT RUN" start="2025-04-16T11:52:44.856410" elapsed="0.000019"/>
</kw>
<kw name="Update Nested Dictionary Property" owner="DataUtilities">
<var>${request}</var>
<arg>${request}</arg>
<arg>Invoice.Code</arg>
<arg>HD_TEST_VOUCHER005</arg>
<doc>Updates a nested property in a dictionary using a dot-notation path</doc>
<status status="NOT RUN" start="2025-04-16T11:52:44.856580" elapsed="0.000019"/>
</kw>
<kw name="Set Test Variable" owner="BuiltIn">
<arg>${REQUEST_DATA}</arg>
<arg>${request}</arg>
<doc>Makes a variable available everywhere within the scope of the current test.</doc>
<status status="NOT RUN" start="2025-04-16T11:52:44.856707" elapsed="0.000017"/>
</kw>
<return>
<value>${request}</value>
<status status="NOT RUN" start="2025-04-16T11:52:44.856760" elapsed="0.000015"/>
</return>
<status status="FAIL" start="2025-04-16T11:52:44.834743" elapsed="0.022113">Resolving variable '${voucher_1[0]}' failed: TypeError: 'NoneType' object is not subscriptable</status>
</kw>
<kw name="When Gửi Yêu Cầu Tạo Hóa Đơn" owner="RequestHelper">
<status status="NOT RUN" start="2025-04-16T11:52:44.857117" elapsed="0.000023"/>
</kw>
<kw name="Then Mã Trạng Thái Phải Là 200" owner="ResponseHelper" source_name="Mã trạng thái phải là ${expected_status_code}">
<status status="NOT RUN" start="2025-04-16T11:52:44.857366" elapsed="0.000027"/>
</kw>
<kw name="And Nội Dung Phản Hồi Trả Về Phải Tồn Tại Id" owner="ResponseHelper" source_name="Nội dung phản hồi trả về phải tồn tại ${path}">
<status status="NOT RUN" start="2025-04-16T11:52:44.857617" elapsed="0.000025"/>
</kw>
<kw name="And Xác Thực Thanh Toán Voucher Hóa Đơn" owner="GiftProcessingKeywords">
<arg>${INVOICE_ID}</arg>
<arg>${voucher_id_1}</arg>
<arg>50000</arg>
<status status="NOT RUN" start="2025-04-16T11:52:44.857826" elapsed="0.000022"/>
</kw>
<kw name="And Xác Thực Thanh Toán Voucher Hóa Đơn" owner="GiftProcessingKeywords">
<arg>${INVOICE_ID}</arg>
<arg>${voucher_id_2}</arg>
<arg>50000</arg>
<status status="NOT RUN" start="2025-04-16T11:52:44.858033" elapsed="0.000022"/>
</kw>
<kw name="And Xác Thực Thanh Toán Tiền Mặt Hóa Đơn" owner="GiftProcessingKeywords">
<arg>${INVOICE_ID}</arg>
<arg>100000</arg>
<status status="NOT RUN" start="2025-04-16T11:52:44.858245" elapsed="0.000021"/>
</kw>
<kw name="And Xác Thực Trạng Thái Nhiều Voucher Đã Sử Dụng" owner="GiftProcessingKeywords">
<status status="NOT RUN" start="2025-04-16T11:52:44.858463" elapsed="0.000021"/>
</kw>
<doc>Kiểm tra thanh toán hóa đơn với nhiều Voucher khác nhau
- Dữ liệu đầu vào:
- Mã hóa đơn: "HD_TEST_VOUCHER005"
- Tổng tiền: 200,000đ
- Thanh toán 1: Voucher 1 - 50,000đ
- Thanh toán 2: Voucher 2 - 50,000đ
- Thanh toán 3: Tiền mặt - 100,000đ
- Logic xử lý:
  + InvoiceService.CreateInvoice() tạo nhiều Payment với Method="Voucher"
  + VoucherService.ValidateVoucher() xác thực từng voucher
- Kỳ vọng:
- Status code: 200
- Hóa đơn được tạo thành công
- Thanh toán Voucher 1 được ghi nhận với số tiền 50,000đ
- Thanh toán Voucher 2 được ghi nhận với số tiền 50,000đ
- Thanh toán tiền mặt được ghi nhận với số tiền 100,000đ
- Các Voucher được đánh dấu đã sử dụng (status=1)</doc>
<tag>AIGenerated</tag>
<tag>multiple</tag>
<tag>payment</tag>
<tag>voucher</tag>
<status status="FAIL" start="2025-04-16T11:52:44.832614" elapsed="0.026020">Resolving variable '${voucher_1[0]}' failed: TypeError: 'NoneType' object is not subscriptable</status>
</test>
<test id="s1-t15" name="RT-GP-015 Thanh toán hóa đơn với Voucher và khuyến mãi" line="331">
<kw name="Given Chuẩn Bị Dữ Liệu Hóa Đơn Thanh Toán Bằng Voucher Kết Hợp Khuyến Mãi" owner="GiftProcessingKeywords">
<kw name="Set Variable" owner="BuiltIn">
<msg time="2025-04-16T11:52:44.861736" level="INFO">${query} = SELECT top(1) Id, Code, VoucherCampaignId FROM Voucher WHERE VoucherCampaignId = ? AND Status = 0</msg>
<var>${query}</var>
<arg>SELECT top(1) Id, Code, VoucherCampaignId FROM Voucher WHERE VoucherCampaignId = ? AND Status = 0</arg>
<doc>Returns the given values which can then be assigned to a variables.</doc>
<status status="PASS" start="2025-04-16T11:52:44.861622" elapsed="0.000138"/>
</kw>
<kw name="Fetch One" owner="DatabaseLibrary">
<msg time="2025-04-16T11:52:44.877425" level="INFO">${voucher} = None</msg>
<var>${voucher}</var>
<arg>${query}</arg>
<arg>${VOUCHER_CAMPAIGN_ID_2}</arg>
<status status="PASS" start="2025-04-16T11:52:44.861865" elapsed="0.015604"/>
</kw>
<kw name="Set Test Variable" owner="BuiltIn">
<msg time="2025-04-16T11:52:44.878811" level="FAIL">Resolving variable '${voucher[0]}' failed: TypeError: 'NoneType' object is not subscriptable</msg>
<arg>${voucher_id}</arg>
<arg>${voucher[0]}</arg>
<doc>Makes a variable available everywhere within the scope of the current test.</doc>
<status status="FAIL" start="2025-04-16T11:52:44.877652" elapsed="0.001194">Resolving variable '${voucher[0]}' failed: TypeError: 'NoneType' object is not subscriptable</status>
</kw>
<kw name="Set Test Variable" owner="BuiltIn">
<arg>${voucher_code}</arg>
<arg>${voucher[1]}</arg>
<doc>Makes a variable available everywhere within the scope of the current test.</doc>
<status status="NOT RUN" start="2025-04-16T11:52:44.878992" elapsed="0.000021"/>
</kw>
<kw name="Set Variable" owner="BuiltIn">
<var>${query_2}</var>
<arg>SELECT Price FROM VoucherCampaign WHERE Id = ?</arg>
<doc>Returns the given values which can then be assigned to a variables.</doc>
<status status="NOT RUN" start="2025-04-16T11:52:44.879124" elapsed="0.000017"/>
</kw>
<kw name="Fetch One" owner="DatabaseLibrary">
<var>${campaign}</var>
<arg>${query_2}</arg>
<arg>${VOUCHER_CAMPAIGN_ID_2}</arg>
<status status="NOT RUN" start="2025-04-16T11:52:44.879242" elapsed="0.000016"/>
</kw>
<kw name="Convert To Number" owner="BuiltIn">
<var>${voucher_value}</var>
<arg>${campaign[0]}</arg>
<doc>Converts the given item to a floating point number.</doc>
<status status="NOT RUN" start="2025-04-16T11:52:44.879365" elapsed="0.000016"/>
</kw>
<kw name="Deep Copy" owner="DataUtilities">
<var>${request}</var>
<arg>${invoice_request_body_not_delivery}</arg>
<doc>Creates a deep copy of any data structure using JSON serialization</doc>
<status status="NOT RUN" start="2025-04-16T11:52:44.879527" elapsed="0.000021"/>
</kw>
<kw name="Deep Copy" owner="DataUtilities">
<var>${data_product}</var>
<arg>${STANDARD_INVOICE_DETAIL}</arg>
<doc>Creates a deep copy of any data structure using JSON serialization</doc>
<status status="NOT RUN" start="2025-04-16T11:52:44.879676" elapsed="0.000019"/>
</kw>
<kw name="Update Nested Dictionary Property" owner="DataUtilities">
<var>${data_product}</var>
<arg>${data_product}</arg>
<arg>Price</arg>
<arg>150000</arg>
<doc>Updates a nested property in a dictionary using a dot-notation path</doc>
<status status="NOT RUN" start="2025-04-16T11:52:44.879857" elapsed="0.000020"/>
</kw>
<kw name="Create List" owner="BuiltIn">
<var>${data_product}</var>
<arg>${data_product}</arg>
<doc>Returns a list containing given items.</doc>
<status status="NOT RUN" start="2025-04-16T11:52:44.879986" elapsed="0.000017"/>
</kw>
<kw name="Update Nested Dictionary Property" owner="DataUtilities">
<var>${request}</var>
<arg>${request}</arg>
<arg>Invoice.InvoiceDetails</arg>
<arg>${data_product}</arg>
<doc>Updates a nested property in a dictionary using a dot-notation path</doc>
<status status="NOT RUN" start="2025-04-16T11:52:44.880157" elapsed="0.000020"/>
</kw>
<kw name="Deep Copy" owner="DataUtilities">
<var>${data_promo}</var>
<arg>${promotion_body}</arg>
<doc>Creates a deep copy of any data structure using JSON serialization</doc>
<status status="NOT RUN" start="2025-04-16T11:52:44.880309" elapsed="0.000018"/>
</kw>
<kw name="Update Nested Dictionary Property" owner="DataUtilities">
<var>${data_promo}</var>
<arg>${data_promo}</arg>
<arg>Discount</arg>
<arg>30000</arg>
<doc>Updates a nested property in a dictionary using a dot-notation path</doc>
<status status="NOT RUN" start="2025-04-16T11:52:44.880479" elapsed="0.000019"/>
</kw>
<kw name="Create List" owner="BuiltIn">
<var>${data_promo}</var>
<arg>${data_promo}</arg>
<doc>Returns a list containing given items.</doc>
<status status="NOT RUN" start="2025-04-16T11:52:44.880605" elapsed="0.000017"/>
</kw>
<kw name="Update Nested Dictionary Property" owner="DataUtilities">
<var>${request}</var>
<arg>${request}</arg>
<arg>Invoice.InvoicePromotions</arg>
<arg>${data_promo}</arg>
<doc>Updates a nested property in a dictionary using a dot-notation path</doc>
<status status="NOT RUN" start="2025-04-16T11:52:44.880776" elapsed="0.000020"/>
</kw>
<kw name="Update Nested Dictionary Property" owner="DataUtilities">
<var>${request}</var>
<arg>${request}</arg>
<arg>Invoice.Discount</arg>
<arg>30000</arg>
<doc>Updates a nested property in a dictionary using a dot-notation path</doc>
<status status="NOT RUN" start="2025-04-16T11:52:44.880985" elapsed="0.000029"/>
</kw>
<kw name="Create Dictionary" owner="BuiltIn">
<var>${payment_voucher}</var>
<arg>Method=${PAYMENT_VOUCHER}</arg>
<arg>Amount=${voucher_value}</arg>
<arg>VoucherCode=${voucher_code}</arg>
<arg>VoucherId=${voucher_id}</arg>
<arg>VoucherCampaignId=${VOUCHER_CAMPAIGN_ID_2}</arg>
<doc>Creates and returns a dictionary based on the given ``items``.</doc>
<status status="NOT RUN" start="2025-04-16T11:52:44.881143" elapsed="0.000018"/>
</kw>
<kw name="Create Dictionary" owner="BuiltIn">
<var>${payment_cash}</var>
<arg>Method=${PAYMENT_CASH}</arg>
<arg>Amount=70000</arg>
<doc>Creates and returns a dictionary based on the given ``items``.</doc>
<status status="NOT RUN" start="2025-04-16T11:52:44.881280" elapsed="0.000017"/>
</kw>
<kw name="Create List" owner="BuiltIn">
<var>${payments}</var>
<arg>${payment_voucher}</arg>
<arg>${payment_cash}</arg>
<doc>Returns a list containing given items.</doc>
<status status="NOT RUN" start="2025-04-16T11:52:44.881402" elapsed="0.000016"/>
</kw>
<kw name="Update Nested Dictionary Property" owner="DataUtilities">
<var>${request}</var>
<arg>${request}</arg>
<arg>Invoice.Payments</arg>
<arg>${payments}</arg>
<doc>Updates a nested property in a dictionary using a dot-notation path</doc>
<status status="NOT RUN" start="2025-04-16T11:52:44.881577" elapsed="0.000020"/>
</kw>
<kw name="Update Nested Dictionary Property" owner="DataUtilities">
<var>${request}</var>
<arg>${request}</arg>
<arg>Invoice.Code</arg>
<arg>HD_TEST_VOUCHER006</arg>
<doc>Updates a nested property in a dictionary using a dot-notation path</doc>
<status status="NOT RUN" start="2025-04-16T11:52:44.881759" elapsed="0.000020"/>
</kw>
<kw name="Set Test Variable" owner="BuiltIn">
<arg>${REQUEST_DATA}</arg>
<arg>${request}</arg>
<doc>Makes a variable available everywhere within the scope of the current test.</doc>
<status status="NOT RUN" start="2025-04-16T11:52:44.881894" elapsed="0.000018"/>
</kw>
<return>
<value>${request}</value>
<status status="NOT RUN" start="2025-04-16T11:52:44.881951" elapsed="0.000015"/>
</return>
<status status="FAIL" start="2025-04-16T11:52:44.861404" elapsed="0.020644">Resolving variable '${voucher[0]}' failed: TypeError: 'NoneType' object is not subscriptable</status>
</kw>
<kw name="When Gửi Yêu Cầu Tạo Hóa Đơn" owner="RequestHelper">
<status status="NOT RUN" start="2025-04-16T11:52:44.882428" elapsed="0.000029"/>
</kw>
<kw name="Then Mã Trạng Thái Phải Là 200" owner="ResponseHelper" source_name="Mã trạng thái phải là ${expected_status_code}">
<status status="NOT RUN" start="2025-04-16T11:52:44.882691" elapsed="0.000080"/>
</kw>
<kw name="And Nội Dung Phản Hồi Trả Về Phải Tồn Tại Id" owner="ResponseHelper" source_name="Nội dung phản hồi trả về phải tồn tại ${path}">
<status status="NOT RUN" start="2025-04-16T11:52:44.883057" elapsed="0.000036"/>
</kw>
<kw name="And Xác Thực Thanh Toán Voucher Hóa Đơn" owner="GiftProcessingKeywords">
<arg>${INVOICE_ID}</arg>
<arg>${voucher_id}</arg>
<arg>50000</arg>
<status status="NOT RUN" start="2025-04-16T11:52:44.883351" elapsed="0.000025"/>
</kw>
<kw name="And Xác Thực Thanh Toán Tiền Mặt Hóa Đơn" owner="GiftProcessingKeywords">
<arg>${INVOICE_ID}</arg>
<arg>70000</arg>
<status status="NOT RUN" start="2025-04-16T11:52:44.883631" elapsed="0.000025"/>
</kw>
<kw name="And Xác Thực Giảm Giá Khuyến Mãi Hóa Đơn" owner="GiftProcessingKeywords">
<arg>${INVOICE_ID}</arg>
<arg>30000</arg>
<status status="NOT RUN" start="2025-04-16T11:52:44.883910" elapsed="0.000025"/>
</kw>
<doc>Kiểm tra thanh toán hóa đơn với Voucher kết hợp khuyến mãi
- Dữ liệu đầu vào:
- Mã hóa đơn: "HD_TEST_VOUCHER006"
- Tổng tiền trước KM: 150,000đ
- Khuyến mãi: 30,000đ
- Tổng tiền sau KM: 120,000đ
- Thanh toán: Voucher 50,000đ, Tiền mặt 70,000đ
- Logic xử lý:
  + InvoiceService.ProcessPromotionDiscount() áp dụng khuyến mãi
  + InvoiceService.CreateInvoice() tạo Payment với Method="Voucher"
- Kỳ vọng:
- Status code: 200
- Hóa đơn được tạo thành công
- Giảm giá khuyến mãi được ghi nhận với số tiền 30,000đ
- Thanh toán Voucher được ghi nhận với số tiền 50,000đ
- Thanh toán tiền mặt được ghi nhận với số tiền 70,000đ</doc>
<tag>AIGenerated</tag>
<tag>payment</tag>
<tag>promotion</tag>
<tag>voucher</tag>
<status status="FAIL" start="2025-04-16T11:52:44.859346" elapsed="0.024808">Resolving variable '${voucher[0]}' failed: TypeError: 'NoneType' object is not subscriptable</status>
</test>
<doc>Test cases API cho phần xử lý quà tặng</doc>
<status status="FAIL" start="2025-04-16T11:52:33.528282" elapsed="11.356912"/>
</suite>
<statistics>
<total>
<stat pass="9" fail="6" skip="0">All Tests</stat>
</total>
<tag>
<stat pass="0" fail="6" skip="0">AIGenerated</stat>
<stat pass="0" fail="1" skip="0">combined</stat>
<stat pass="0" fail="1" skip="0">error</stat>
<stat pass="0" fail="1" skip="0">multiple</stat>
<stat pass="0" fail="6" skip="0">payment</stat>
<stat pass="0" fail="1" skip="0">promotion</stat>
<stat pass="0" fail="6" skip="0">voucher</stat>
</tag>
<suite>
<stat name="GiftProcessingTest" id="s1" pass="9" fail="6" skip="0">GiftProcessingTest</stat>
</suite>
</statistics>
<errors>
<msg time="2025-04-16T11:52:34.224387" level="WARN">Error in file 'D:\AutomationWithAI\retail-automation-test-v2\Keywords\Invoice\PromotionKeywords.robot' on line 200: The '[Return]' setting is deprecated. Use the 'RETURN' statement instead.</msg>
</errors>
</robot>
